2020-12-28 10:20:57.8318|Info|Moving TOP Axis, Position Name : Mark 1,  X = 1005, Y = 27115(MainWindow.xaml.cs:93)|
2020-12-28 10:20:59.3738|Info|Moving TOP Axis, Position Name : Mark 2,  X = 1005, Y = 39867(MainWindow.xaml.cs:93)|
2020-12-28 10:21:00.2963|Info|Moving TOP Axis, Position Name : FOV 1,  X = 3983, Y = 37164(MainWindow.xaml.cs:161)|
2020-12-28 10:21:01.2078|Info|Moving TOP Axis, Position Name : FOV 2,  X = 8587, Y = 37103(MainWindow.xaml.cs:161)|
2020-12-28 10:21:01.9415|Info|Moving TOP Axis, Position Name : FOV 3,  X = 10210, Y = 35440(MainWindow.xaml.cs:161)|
2020-12-28 10:21:02.6081|Info|Moving TOP Axis, Position Name : FOV 4,  X = 6877, Y = 33861(MainWindow.xaml.cs:161)|
2020-12-28 10:21:03.3336|Info|Moving TOP Axis, Position Name : FOV 5,  X = 2354, Y = 34116(MainWindow.xaml.cs:161)|
2020-12-28 10:21:04.0791|Info|Moving TOP Axis, Position Name : FOV 6,  X = 2563, Y = 30238(MainWindow.xaml.cs:161)|
2020-12-28 10:21:04.8249|Info|Moving TOP Axis, Position Name : FOV 7,  X = 7074, Y = 30150(MainWindow.xaml.cs:161)|
2020-12-28 10:21:05.9168|Info|Moving TOP Axis, Position Name : FOV 8,  X = 10528, Y = 31561(MainWindow.xaml.cs:161)|
2020-12-28 10:22:03.9955|Info|Moving TOP Axis, Position Name : Mark 1,  X = 1005, Y = 27115(MainWindow.xaml.cs:93)|
2020-12-28 10:22:04.8142|Info|Moving TOP Axis, Position Name : Mark 2,  X = 1005, Y = 39867(MainWindow.xaml.cs:93)|
2020-12-28 10:22:05.6629|Info|Moving TOP Axis, Position Name : FOV 1,  X = 3983, Y = 37164(MainWindow.xaml.cs:161)|
2020-12-28 10:22:06.5168|Info|Moving TOP Axis, Position Name : FOV 2,  X = 8587, Y = 37103(MainWindow.xaml.cs:161)|
2020-12-28 10:22:07.2524|Info|Moving TOP Axis, Position Name : FOV 3,  X = 10210, Y = 35440(MainWindow.xaml.cs:161)|
2020-12-28 10:22:07.9473|Info|Moving TOP Axis, Position Name : FOV 4,  X = 6877, Y = 33861(MainWindow.xaml.cs:161)|
2020-12-28 10:22:08.6881|Info|Moving TOP Axis, Position Name : FOV 5,  X = 2354, Y = 34116(MainWindow.xaml.cs:161)|
2020-12-28 10:22:09.4312|Info|Moving TOP Axis, Position Name : FOV 6,  X = 2563, Y = 30238(MainWindow.xaml.cs:161)|
2020-12-28 10:22:10.1612|Info|Moving TOP Axis, Position Name : FOV 7,  X = 7074, Y = 30150(MainWindow.xaml.cs:161)|
2020-12-28 10:22:10.9222|Info|Moving TOP Axis, Position Name : FOV 8,  X = 10528, Y = 31561(MainWindow.xaml.cs:161)|
2020-12-28 10:22:17.7054|Info|Moving TOP Axis, Position Name : Mark 1,  X = 1005, Y = 27115(MainWindow.xaml.cs:93)|
2020-12-28 10:22:18.5044|Info|Moving TOP Axis, Position Name : Mark 2,  X = 1005, Y = 39867(MainWindow.xaml.cs:93)|
2020-12-28 10:22:19.3649|Info|Moving TOP Axis, Position Name : FOV 1,  X = 3983, Y = 37164(MainWindow.xaml.cs:161)|
2020-12-28 10:22:20.2947|Info|Moving TOP Axis, Position Name : FOV 2,  X = 8587, Y = 37103(MainWindow.xaml.cs:161)|
2020-12-28 10:22:21.0433|Info|Moving TOP Axis, Position Name : FOV 3,  X = 10210, Y = 35440(MainWindow.xaml.cs:161)|
2020-12-28 10:22:21.7067|Info|Moving TOP Axis, Position Name : FOV 4,  X = 6877, Y = 33861(MainWindow.xaml.cs:161)|
2020-12-28 10:22:22.4200|Info|Moving TOP Axis, Position Name : FOV 5,  X = 2354, Y = 34116(MainWindow.xaml.cs:161)|
2020-12-28 10:22:23.1633|Info|Moving TOP Axis, Position Name : FOV 6,  X = 2563, Y = 30238(MainWindow.xaml.cs:161)|
2020-12-28 10:22:23.9012|Info|Moving TOP Axis, Position Name : FOV 7,  X = 7074, Y = 30150(MainWindow.xaml.cs:161)|
2020-12-28 10:22:24.6512|Info|Moving TOP Axis, Position Name : FOV 8,  X = 10528, Y = 31561(MainWindow.xaml.cs:161)|
2020-12-28 10:22:31.3887|Info|Moving TOP Axis, Position Name : Mark 1,  X = 1005, Y = 27115(MainWindow.xaml.cs:93)|
2020-12-28 10:22:32.1846|Info|Moving TOP Axis, Position Name : Mark 2,  X = 1005, Y = 39867(MainWindow.xaml.cs:93)|
2020-12-28 10:22:33.0405|Info|Moving TOP Axis, Position Name : FOV 1,  X = 3983, Y = 37164(MainWindow.xaml.cs:161)|
2020-12-28 10:22:33.8835|Info|Moving TOP Axis, Position Name : FOV 2,  X = 8587, Y = 37103(MainWindow.xaml.cs:161)|
2020-12-28 10:22:34.6264|Info|Moving TOP Axis, Position Name : FOV 3,  X = 10210, Y = 35440(MainWindow.xaml.cs:161)|
2020-12-28 10:22:35.2932|Info|Moving TOP Axis, Position Name : FOV 4,  X = 6877, Y = 33861(MainWindow.xaml.cs:161)|
2020-12-28 10:22:36.0362|Info|Moving TOP Axis, Position Name : FOV 5,  X = 2354, Y = 34116(MainWindow.xaml.cs:161)|
2020-12-28 10:22:36.7735|Info|Moving TOP Axis, Position Name : FOV 6,  X = 2563, Y = 30238(MainWindow.xaml.cs:161)|
2020-12-28 10:22:37.5128|Info|Moving TOP Axis, Position Name : FOV 7,  X = 7074, Y = 30150(MainWindow.xaml.cs:161)|
2020-12-28 10:22:38.2518|Info|Moving TOP Axis, Position Name : FOV 8,  X = 10528, Y = 31561(MainWindow.xaml.cs:161)|
2020-12-28 10:22:45.0109|Info|Moving TOP Axis, Position Name : Mark 1,  X = 1005, Y = 27115(MainWindow.xaml.cs:93)|
2020-12-28 10:22:45.8173|Info|Moving TOP Axis, Position Name : Mark 2,  X = 1005, Y = 39867(MainWindow.xaml.cs:93)|
2020-12-28 10:22:46.6602|Info|Moving TOP Axis, Position Name : FOV 1,  X = 3983, Y = 37164(MainWindow.xaml.cs:161)|
2020-12-28 10:22:47.5083|Info|Moving TOP Axis, Position Name : FOV 2,  X = 8587, Y = 37103(MainWindow.xaml.cs:161)|
2020-12-28 10:22:48.2548|Info|Moving TOP Axis, Position Name : FOV 3,  X = 10210, Y = 35440(MainWindow.xaml.cs:161)|
2020-12-28 10:22:48.9178|Info|Moving TOP Axis, Position Name : FOV 4,  X = 6877, Y = 33861(MainWindow.xaml.cs:161)|
2020-12-28 10:22:49.6293|Info|Moving TOP Axis, Position Name : FOV 5,  X = 2354, Y = 34116(MainWindow.xaml.cs:161)|
2020-12-28 10:22:50.3733|Info|Moving TOP Axis, Position Name : FOV 6,  X = 2563, Y = 30238(MainWindow.xaml.cs:161)|
2020-12-28 10:22:51.0998|Info|Moving TOP Axis, Position Name : FOV 7,  X = 7074, Y = 30150(MainWindow.xaml.cs:161)|
2020-12-28 10:22:51.8361|Info|Moving TOP Axis, Position Name : FOV 8,  X = 10528, Y = 31561(MainWindow.xaml.cs:161)|
2020-12-28 10:22:58.5809|Info|Moving TOP Axis, Position Name : Mark 1,  X = 1005, Y = 27115(MainWindow.xaml.cs:93)|
2020-12-28 10:22:59.3744|Info|Moving TOP Axis, Position Name : Mark 2,  X = 1005, Y = 39867(MainWindow.xaml.cs:93)|
2020-12-28 10:23:00.2396|Info|Moving TOP Axis, Position Name : FOV 1,  X = 3983, Y = 37164(MainWindow.xaml.cs:161)|
2020-12-28 10:23:01.0821|Info|Moving TOP Axis, Position Name : FOV 2,  X = 8587, Y = 37103(MainWindow.xaml.cs:161)|
2020-12-28 10:23:01.8360|Info|Moving TOP Axis, Position Name : FOV 3,  X = 10210, Y = 35440(MainWindow.xaml.cs:161)|
2020-12-28 10:23:02.5092|Info|Moving TOP Axis, Position Name : FOV 4,  X = 6877, Y = 33861(MainWindow.xaml.cs:161)|
2020-12-28 10:23:03.2208|Info|Moving TOP Axis, Position Name : FOV 5,  X = 2354, Y = 34116(MainWindow.xaml.cs:161)|
2020-12-28 10:23:03.9603|Info|Moving TOP Axis, Position Name : FOV 6,  X = 2563, Y = 30238(MainWindow.xaml.cs:161)|
2020-12-28 10:23:04.6767|Info|Moving TOP Axis, Position Name : FOV 7,  X = 7074, Y = 30150(MainWindow.xaml.cs:161)|
2020-12-28 10:23:05.4133|Info|Moving TOP Axis, Position Name : FOV 8,  X = 10528, Y = 31561(MainWindow.xaml.cs:161)|
2020-12-28 10:23:12.9696|Info|Moving TOP Axis, Position Name : Mark 1,  X = 1005, Y = 27115(MainWindow.xaml.cs:93)|
2020-12-28 10:23:13.7489|Info|Moving TOP Axis, Position Name : Mark 2,  X = 1005, Y = 39867(MainWindow.xaml.cs:93)|
2020-12-28 10:23:14.6059|Info|Moving TOP Axis, Position Name : FOV 1,  X = 3983, Y = 37164(MainWindow.xaml.cs:161)|
2020-12-28 10:23:15.4620|Info|Moving TOP Axis, Position Name : FOV 2,  X = 8587, Y = 37103(MainWindow.xaml.cs:161)|
2020-12-28 10:23:16.2101|Info|Moving TOP Axis, Position Name : FOV 3,  X = 10210, Y = 35440(MainWindow.xaml.cs:161)|
2020-12-28 10:23:16.8887|Info|Moving TOP Axis, Position Name : FOV 4,  X = 6877, Y = 33861(MainWindow.xaml.cs:161)|
2020-12-28 10:23:17.6013|Info|Moving TOP Axis, Position Name : FOV 5,  X = 2354, Y = 34116(MainWindow.xaml.cs:161)|
2020-12-28 10:23:18.3399|Info|Moving TOP Axis, Position Name : FOV 6,  X = 2563, Y = 30238(MainWindow.xaml.cs:161)|
2020-12-28 10:23:19.0872|Info|Moving TOP Axis, Position Name : FOV 7,  X = 7074, Y = 30150(MainWindow.xaml.cs:161)|
2020-12-28 10:23:19.8665|Info|Moving TOP Axis, Position Name : FOV 8,  X = 10528, Y = 31561(MainWindow.xaml.cs:161)|
2020-12-28 10:23:26.7007|Info|Moving TOP Axis, Position Name : Mark 1,  X = 1005, Y = 27115(MainWindow.xaml.cs:93)|
2020-12-28 10:23:27.5331|Info|Moving TOP Axis, Position Name : Mark 2,  X = 1005, Y = 39867(MainWindow.xaml.cs:93)|
2020-12-28 10:23:28.5064|Info|Moving TOP Axis, Position Name : FOV 1,  X = 3983, Y = 37164(MainWindow.xaml.cs:161)|
2020-12-28 10:23:29.3918|Info|Moving TOP Axis, Position Name : FOV 2,  X = 8587, Y = 37103(MainWindow.xaml.cs:161)|
2020-12-28 10:23:30.1450|Info|Moving TOP Axis, Position Name : FOV 3,  X = 10210, Y = 35440(MainWindow.xaml.cs:161)|
2020-12-28 10:23:30.8291|Info|Moving TOP Axis, Position Name : FOV 4,  X = 6877, Y = 33861(MainWindow.xaml.cs:161)|
2020-12-28 10:23:31.5456|Info|Moving TOP Axis, Position Name : FOV 5,  X = 2354, Y = 34116(MainWindow.xaml.cs:161)|
2020-12-28 10:23:32.2872|Info|Moving TOP Axis, Position Name : FOV 6,  X = 2563, Y = 30238(MainWindow.xaml.cs:161)|
2020-12-28 10:23:33.0113|Info|Moving TOP Axis, Position Name : FOV 7,  X = 7074, Y = 30150(MainWindow.xaml.cs:161)|
2020-12-28 10:23:33.7617|Info|Moving TOP Axis, Position Name : FOV 8,  X = 10528, Y = 31561(MainWindow.xaml.cs:161)|
2020-12-28 10:23:59.9313|Info|Moving TOP Axis, Position Name : Mark 1,  X = 1005, Y = 27115(MainWindow.xaml.cs:93)|
2020-12-28 10:24:00.7155|Info|Moving TOP Axis, Position Name : Mark 2,  X = 1005, Y = 39867(MainWindow.xaml.cs:93)|
2020-12-28 10:24:01.5595|Info|Moving TOP Axis, Position Name : FOV 1,  X = 3983, Y = 37164(MainWindow.xaml.cs:161)|
2020-12-28 10:24:15.7950|Info|Moving TOP Axis, Position Name : FOV 2,  X = 8587, Y = 37103(MainWindow.xaml.cs:161)|
2020-12-28 10:24:16.5374|Info|Moving TOP Axis, Position Name : FOV 3,  X = 10210, Y = 35440(MainWindow.xaml.cs:161)|
2020-12-28 10:24:17.2021|Info|Moving TOP Axis, Position Name : FOV 4,  X = 6877, Y = 33861(MainWindow.xaml.cs:161)|
2020-12-28 10:24:17.9258|Info|Moving TOP Axis, Position Name : FOV 5,  X = 2354, Y = 34116(MainWindow.xaml.cs:161)|
2020-12-28 10:24:18.6589|Info|Moving TOP Axis, Position Name : FOV 6,  X = 2563, Y = 30238(MainWindow.xaml.cs:161)|
2020-12-28 10:24:19.3812|Info|Moving TOP Axis, Position Name : FOV 7,  X = 7074, Y = 30150(MainWindow.xaml.cs:161)|
2020-12-28 10:24:20.1178|Info|Moving TOP Axis, Position Name : FOV 8,  X = 10528, Y = 31561(MainWindow.xaml.cs:161)|
2020-12-28 10:25:51.2644|Info|Moving TOP Axis, Position Name : Mark 1,  X = 1005, Y = 27115(MainWindow.xaml.cs:93)|
2020-12-28 10:25:52.5020|Info|Moving TOP Axis, Position Name : Mark 2,  X = 1005, Y = 39867(MainWindow.xaml.cs:93)|
2020-12-28 10:25:53.5364|Info|Moving TOP Axis, Position Name : FOV 1,  X = 3983, Y = 37164(MainWindow.xaml.cs:161)|
2020-12-28 10:25:54.6566|Info|Moving TOP Axis, Position Name : FOV 2,  X = 8587, Y = 37103(MainWindow.xaml.cs:161)|
2020-12-28 10:25:55.6268|Info|Moving TOP Axis, Position Name : FOV 3,  X = 10210, Y = 35440(MainWindow.xaml.cs:161)|
2020-12-28 10:25:56.5103|Info|Moving TOP Axis, Position Name : FOV 4,  X = 6877, Y = 33861(MainWindow.xaml.cs:161)|
2020-12-28 10:25:57.4407|Info|Moving TOP Axis, Position Name : FOV 5,  X = 2354, Y = 34116(MainWindow.xaml.cs:161)|
2020-12-28 10:25:58.3905|Info|Moving TOP Axis, Position Name : FOV 6,  X = 2563, Y = 30238(MainWindow.xaml.cs:161)|
2020-12-28 10:25:59.3335|Info|Moving TOP Axis, Position Name : FOV 7,  X = 7074, Y = 30150(MainWindow.xaml.cs:161)|
2020-12-28 10:26:00.2853|Info|Moving TOP Axis, Position Name : FOV 8,  X = 10528, Y = 31561(MainWindow.xaml.cs:161)|
2020-12-28 10:26:07.2968|Info|Moving TOP Axis, Position Name : Mark 1,  X = 1005, Y = 27115(MainWindow.xaml.cs:93)|
2020-12-28 10:26:08.2609|Info|Moving TOP Axis, Position Name : Mark 2,  X = 1005, Y = 39867(MainWindow.xaml.cs:93)|
2020-12-28 10:26:09.2823|Info|Moving TOP Axis, Position Name : FOV 1,  X = 3983, Y = 37164(MainWindow.xaml.cs:161)|
2020-12-28 10:26:10.3488|Info|Moving TOP Axis, Position Name : FOV 2,  X = 8587, Y = 37103(MainWindow.xaml.cs:161)|
2020-12-28 10:26:11.2964|Info|Moving TOP Axis, Position Name : FOV 3,  X = 10210, Y = 35440(MainWindow.xaml.cs:161)|
2020-12-28 10:26:12.2053|Info|Moving TOP Axis, Position Name : FOV 4,  X = 6877, Y = 33861(MainWindow.xaml.cs:161)|
2020-12-28 10:26:13.1191|Info|Moving TOP Axis, Position Name : FOV 5,  X = 2354, Y = 34116(MainWindow.xaml.cs:161)|
2020-12-28 10:26:14.0574|Info|Moving TOP Axis, Position Name : FOV 6,  X = 2563, Y = 30238(MainWindow.xaml.cs:161)|
2020-12-28 10:26:14.9826|Info|Moving TOP Axis, Position Name : FOV 7,  X = 7074, Y = 30150(MainWindow.xaml.cs:161)|
2020-12-28 10:26:15.9385|Info|Moving TOP Axis, Position Name : FOV 8,  X = 10528, Y = 31561(MainWindow.xaml.cs:161)|
2020-12-28 10:26:22.8508|Info|Moving TOP Axis, Position Name : Mark 1,  X = 1005, Y = 27115(MainWindow.xaml.cs:93)|
2020-12-28 10:26:23.8059|Info|Moving TOP Axis, Position Name : Mark 2,  X = 1005, Y = 39867(MainWindow.xaml.cs:93)|
2020-12-28 10:26:24.8326|Info|Moving TOP Axis, Position Name : FOV 1,  X = 3983, Y = 37164(MainWindow.xaml.cs:161)|
2020-12-28 10:26:25.8908|Info|Moving TOP Axis, Position Name : FOV 2,  X = 8587, Y = 37103(MainWindow.xaml.cs:161)|
2020-12-28 10:26:26.8322|Info|Moving TOP Axis, Position Name : FOV 3,  X = 10210, Y = 35440(MainWindow.xaml.cs:161)|
2020-12-28 10:26:27.6951|Info|Moving TOP Axis, Position Name : FOV 4,  X = 6877, Y = 33861(MainWindow.xaml.cs:161)|
2020-12-28 10:26:28.6168|Info|Moving TOP Axis, Position Name : FOV 5,  X = 2354, Y = 34116(MainWindow.xaml.cs:161)|
2020-12-28 10:26:29.5789|Info|Moving TOP Axis, Position Name : FOV 6,  X = 2563, Y = 30238(MainWindow.xaml.cs:161)|
2020-12-28 10:26:30.5216|Info|Moving TOP Axis, Position Name : FOV 7,  X = 7074, Y = 30150(MainWindow.xaml.cs:161)|
2020-12-28 10:26:31.4670|Info|Moving TOP Axis, Position Name : FOV 8,  X = 10528, Y = 31561(MainWindow.xaml.cs:161)|
2020-12-28 10:26:38.4201|Info|Moving TOP Axis, Position Name : Mark 1,  X = 1005, Y = 27115(MainWindow.xaml.cs:93)|
2020-12-28 10:26:39.3815|Info|Moving TOP Axis, Position Name : Mark 2,  X = 1005, Y = 39867(MainWindow.xaml.cs:93)|
2020-12-28 10:26:40.3770|Info|Moving TOP Axis, Position Name : FOV 1,  X = 3983, Y = 37164(MainWindow.xaml.cs:161)|
2020-12-28 10:26:41.4303|Info|Moving TOP Axis, Position Name : FOV 2,  X = 8587, Y = 37103(MainWindow.xaml.cs:161)|
2020-12-28 10:26:42.3710|Info|Moving TOP Axis, Position Name : FOV 3,  X = 10210, Y = 35440(MainWindow.xaml.cs:161)|
2020-12-28 10:26:43.2499|Info|Moving TOP Axis, Position Name : FOV 4,  X = 6877, Y = 33861(MainWindow.xaml.cs:161)|
2020-12-28 10:26:44.1766|Info|Moving TOP Axis, Position Name : FOV 5,  X = 2354, Y = 34116(MainWindow.xaml.cs:161)|
2020-12-28 10:26:45.1176|Info|Moving TOP Axis, Position Name : FOV 6,  X = 2563, Y = 30238(MainWindow.xaml.cs:161)|
2020-12-28 10:26:46.0516|Info|Moving TOP Axis, Position Name : FOV 7,  X = 7074, Y = 30150(MainWindow.xaml.cs:161)|
2020-12-28 10:26:46.9972|Info|Moving TOP Axis, Position Name : FOV 8,  X = 10528, Y = 31561(MainWindow.xaml.cs:161)|
2020-12-28 10:26:56.6109|Info|Moving TOP Axis, Position Name : Mark 1,  X = 1005, Y = 27115(MainWindow.xaml.cs:93)|
2020-12-28 10:26:57.5822|Info|Moving TOP Axis, Position Name : Mark 2,  X = 1005, Y = 39867(MainWindow.xaml.cs:93)|
2020-12-28 10:26:58.5864|Info|Moving TOP Axis, Position Name : FOV 1,  X = 3983, Y = 37164(MainWindow.xaml.cs:161)|
2020-12-28 10:26:59.6499|Info|Moving TOP Axis, Position Name : FOV 2,  X = 8587, Y = 37103(MainWindow.xaml.cs:161)|
2020-12-28 10:27:00.5866|Info|Moving TOP Axis, Position Name : FOV 3,  X = 10210, Y = 35440(MainWindow.xaml.cs:161)|
2020-12-28 10:27:01.4629|Info|Moving TOP Axis, Position Name : FOV 4,  X = 6877, Y = 33861(MainWindow.xaml.cs:161)|
2020-12-28 10:27:02.3953|Info|Moving TOP Axis, Position Name : FOV 5,  X = 2354, Y = 34116(MainWindow.xaml.cs:161)|
2020-12-28 10:27:03.3409|Info|Moving TOP Axis, Position Name : FOV 6,  X = 2563, Y = 30238(MainWindow.xaml.cs:161)|
2020-12-28 10:27:04.2802|Info|Moving TOP Axis, Position Name : FOV 7,  X = 7074, Y = 30150(MainWindow.xaml.cs:161)|
2020-12-28 10:27:05.2293|Info|Moving TOP Axis, Position Name : FOV 8,  X = 10528, Y = 31561(MainWindow.xaml.cs:161)|
2020-12-28 10:27:12.2054|Info|Moving TOP Axis, Position Name : Mark 1,  X = 1005, Y = 27115(MainWindow.xaml.cs:93)|
2020-12-28 10:27:13.1636|Info|Moving TOP Axis, Position Name : Mark 2,  X = 1005, Y = 39867(MainWindow.xaml.cs:93)|
2020-12-28 10:27:14.2164|Info|Moving TOP Axis, Position Name : FOV 1,  X = 3983, Y = 37164(MainWindow.xaml.cs:161)|
2020-12-28 10:27:15.2531|Info|Moving TOP Axis, Position Name : FOV 2,  X = 8587, Y = 37103(MainWindow.xaml.cs:161)|
2020-12-28 10:27:16.1920|Info|Moving TOP Axis, Position Name : FOV 3,  X = 10210, Y = 35440(MainWindow.xaml.cs:161)|
2020-12-28 10:27:17.0890|Info|Moving TOP Axis, Position Name : FOV 4,  X = 6877, Y = 33861(MainWindow.xaml.cs:161)|
2020-12-28 10:27:18.0193|Info|Moving TOP Axis, Position Name : FOV 5,  X = 2354, Y = 34116(MainWindow.xaml.cs:161)|
2020-12-28 10:27:18.9585|Info|Moving TOP Axis, Position Name : FOV 6,  X = 2563, Y = 30238(MainWindow.xaml.cs:161)|
2020-12-28 10:27:19.8813|Info|Moving TOP Axis, Position Name : FOV 7,  X = 7074, Y = 30150(MainWindow.xaml.cs:161)|
2020-12-28 10:27:20.8190|Info|Moving TOP Axis, Position Name : FOV 8,  X = 10528, Y = 31561(MainWindow.xaml.cs:161)|
2020-12-28 10:27:27.7492|Info|Moving TOP Axis, Position Name : Mark 1,  X = 1005, Y = 27115(MainWindow.xaml.cs:93)|
2020-12-28 10:27:28.6943|Info|Moving TOP Axis, Position Name : Mark 2,  X = 1005, Y = 39867(MainWindow.xaml.cs:93)|
2020-12-28 10:27:29.7012|Info|Moving TOP Axis, Position Name : FOV 1,  X = 3983, Y = 37164(MainWindow.xaml.cs:161)|
2020-12-28 10:27:30.7489|Info|Moving TOP Axis, Position Name : FOV 2,  X = 8587, Y = 37103(MainWindow.xaml.cs:161)|
2020-12-28 10:27:31.6869|Info|Moving TOP Axis, Position Name : FOV 3,  X = 10210, Y = 35440(MainWindow.xaml.cs:161)|
2020-12-28 10:27:32.5499|Info|Moving TOP Axis, Position Name : FOV 4,  X = 6877, Y = 33861(MainWindow.xaml.cs:161)|
2020-12-28 10:27:33.4741|Info|Moving TOP Axis, Position Name : FOV 5,  X = 2354, Y = 34116(MainWindow.xaml.cs:161)|
2020-12-28 10:27:34.5004|Info|Moving TOP Axis, Position Name : FOV 6,  X = 2563, Y = 30238(MainWindow.xaml.cs:161)|
2020-12-28 10:27:35.4393|Info|Moving TOP Axis, Position Name : FOV 7,  X = 7074, Y = 30150(MainWindow.xaml.cs:161)|
2020-12-28 10:27:36.3791|Info|Moving TOP Axis, Position Name : FOV 8,  X = 10528, Y = 31561(MainWindow.xaml.cs:161)|
2020-12-28 10:34:44.4374|Info|Current Pulse conveyor 1874358 => 1874358(HardwareWindow.xaml.cs:712)|
2020-12-28 10:37:52.4401|Info|Moving TOP Axis, Position Name : Mark 1,  X = 999, Y = 27123(MainWindow.xaml.cs:93)|
2020-12-28 10:40:04.3748|Info|Moving TOP Axis, Position Name : Mark 1,  X = 999, Y = 27123(MainWindow.xaml.cs:93)|
2020-12-28 10:40:21.8578|Info|Moving TOP Axis, Position Name : Mark 2,  X = 999, Y = 39875(MainWindow.xaml.cs:93)|
2020-12-28 10:40:22.9134|Info|Moving TOP Axis, Position Name : FOV 1,  X = 3977, Y = 37172(MainWindow.xaml.cs:161)|
2020-12-28 10:40:23.9992|Info|Moving TOP Axis, Position Name : FOV 2,  X = 8581, Y = 37111(MainWindow.xaml.cs:161)|
2020-12-28 10:40:24.9410|Info|Moving TOP Axis, Position Name : FOV 3,  X = 10204, Y = 35448(MainWindow.xaml.cs:161)|
2020-12-28 10:40:25.8113|Info|Moving TOP Axis, Position Name : FOV 4,  X = 6871, Y = 33869(MainWindow.xaml.cs:161)|
2020-12-28 10:40:26.7628|Info|Moving TOP Axis, Position Name : FOV 5,  X = 2348, Y = 34124(MainWindow.xaml.cs:161)|
2020-12-28 10:40:27.7102|Info|Moving TOP Axis, Position Name : FOV 6,  X = 2557, Y = 30246(MainWindow.xaml.cs:161)|
2020-12-28 10:40:28.6580|Info|Moving TOP Axis, Position Name : FOV 7,  X = 7068, Y = 30158(MainWindow.xaml.cs:161)|
2020-12-28 10:40:29.6100|Info|Moving TOP Axis, Position Name : FOV 8,  X = 10522, Y = 31569(MainWindow.xaml.cs:161)|
2020-12-28 10:41:15.0338|Info|Moving TOP Axis, Position Name : Mark 1,  X = 999, Y = 27123(MainWindow.xaml.cs:93)|
2020-12-28 10:41:16.0007|Info|Moving TOP Axis, Position Name : Mark 2,  X = 999, Y = 39875(MainWindow.xaml.cs:93)|
2020-12-28 10:41:17.0301|Info|Moving TOP Axis, Position Name : FOV 1,  X = 3977, Y = 37172(MainWindow.xaml.cs:161)|
2020-12-28 10:41:18.0964|Info|Moving TOP Axis, Position Name : FOV 2,  X = 8581, Y = 37111(MainWindow.xaml.cs:161)|
2020-12-28 10:41:19.0286|Info|Moving TOP Axis, Position Name : FOV 3,  X = 10204, Y = 35448(MainWindow.xaml.cs:161)|
2020-12-28 10:41:19.9243|Info|Moving TOP Axis, Position Name : FOV 4,  X = 6871, Y = 33869(MainWindow.xaml.cs:161)|
2020-12-28 10:41:20.8867|Info|Moving TOP Axis, Position Name : FOV 5,  X = 2348, Y = 34124(MainWindow.xaml.cs:161)|
2020-12-28 10:41:21.8401|Info|Moving TOP Axis, Position Name : FOV 6,  X = 2557, Y = 30246(MainWindow.xaml.cs:161)|
2020-12-28 10:41:22.7602|Info|Moving TOP Axis, Position Name : FOV 7,  X = 7068, Y = 30158(MainWindow.xaml.cs:161)|
2020-12-28 10:41:23.7016|Info|Moving TOP Axis, Position Name : FOV 8,  X = 10522, Y = 31569(MainWindow.xaml.cs:161)|
2020-12-28 10:41:39.3037|Info|Moving TOP Axis, Position Name : Mark 1,  X = 999, Y = 27123(MainWindow.xaml.cs:93)|
2020-12-28 10:41:40.2550|Info|Moving TOP Axis, Position Name : Mark 2,  X = 999, Y = 39875(MainWindow.xaml.cs:93)|
2020-12-28 10:41:41.2996|Info|Moving TOP Axis, Position Name : FOV 1,  X = 3977, Y = 37172(MainWindow.xaml.cs:161)|
2020-12-28 10:41:42.3562|Info|Moving TOP Axis, Position Name : FOV 2,  X = 8581, Y = 37111(MainWindow.xaml.cs:161)|
2020-12-28 10:41:43.3054|Info|Moving TOP Axis, Position Name : FOV 3,  X = 10204, Y = 35448(MainWindow.xaml.cs:161)|
2020-12-28 10:41:44.1689|Info|Moving TOP Axis, Position Name : FOV 4,  X = 6871, Y = 33869(MainWindow.xaml.cs:161)|
2020-12-28 10:41:45.0821|Info|Moving TOP Axis, Position Name : FOV 5,  X = 2348, Y = 34124(MainWindow.xaml.cs:161)|
2020-12-28 10:41:46.0280|Info|Moving TOP Axis, Position Name : FOV 6,  X = 2557, Y = 30246(MainWindow.xaml.cs:161)|
2020-12-28 10:41:46.9884|Info|Moving TOP Axis, Position Name : FOV 7,  X = 7068, Y = 30158(MainWindow.xaml.cs:161)|
2020-12-28 10:41:47.9655|Info|Moving TOP Axis, Position Name : FOV 8,  X = 10522, Y = 31569(MainWindow.xaml.cs:161)|
2020-12-28 10:42:59.8089|Info|Moving TOP Axis, Position Name : Mark 1,  X = 999, Y = 27123(MainWindow.xaml.cs:93)|
2020-12-28 10:43:00.8721|Info|Moving TOP Axis, Position Name : Mark 2,  X = 999, Y = 39875(MainWindow.xaml.cs:93)|
2020-12-28 10:43:01.9132|Info|Moving TOP Axis, Position Name : FOV 1,  X = 3977, Y = 37172(MainWindow.xaml.cs:161)|
2020-12-28 10:43:02.9761|Info|Moving TOP Axis, Position Name : FOV 2,  X = 8581, Y = 37111(MainWindow.xaml.cs:161)|
2020-12-28 10:43:03.9898|Info|Moving TOP Axis, Position Name : FOV 3,  X = 10204, Y = 35448(MainWindow.xaml.cs:161)|
2020-12-28 10:43:04.9399|Info|Moving TOP Axis, Position Name : FOV 4,  X = 6871, Y = 33869(MainWindow.xaml.cs:161)|
2020-12-28 10:43:05.9315|Info|Moving TOP Axis, Position Name : FOV 5,  X = 2348, Y = 34124(MainWindow.xaml.cs:161)|
2020-12-28 10:43:06.9474|Info|Moving TOP Axis, Position Name : FOV 6,  X = 2557, Y = 30246(MainWindow.xaml.cs:161)|
2020-12-28 10:43:07.9431|Info|Moving TOP Axis, Position Name : FOV 7,  X = 7068, Y = 30158(MainWindow.xaml.cs:161)|
2020-12-28 10:43:08.9643|Info|Moving TOP Axis, Position Name : FOV 8,  X = 10522, Y = 31569(MainWindow.xaml.cs:161)|
2020-12-28 10:43:58.5434|Info|Moving TOP Axis, Position Name : Mark 1,  X = 999, Y = 27123(MainWindow.xaml.cs:93)|
2020-12-28 10:43:59.5571|Info|Moving TOP Axis, Position Name : Mark 2,  X = 999, Y = 39875(MainWindow.xaml.cs:93)|
2020-12-28 10:44:00.4347|Info|Moving TOP Axis, Position Name : FOV 1,  X = 3977, Y = 37172(MainWindow.xaml.cs:161)|
2020-12-28 10:44:01.5031|Info|Moving TOP Axis, Position Name : FOV 2,  X = 8581, Y = 37111(MainWindow.xaml.cs:161)|
2020-12-28 10:44:02.5500|Info|Moving TOP Axis, Position Name : FOV 3,  X = 10204, Y = 35448(MainWindow.xaml.cs:161)|
2020-12-28 10:44:03.4931|Info|Moving TOP Axis, Position Name : FOV 4,  X = 6871, Y = 33869(MainWindow.xaml.cs:161)|
2020-12-28 10:44:04.4955|Info|Moving TOP Axis, Position Name : FOV 5,  X = 2348, Y = 34124(MainWindow.xaml.cs:161)|
2020-12-28 10:44:05.5330|Info|Moving TOP Axis, Position Name : FOV 6,  X = 2557, Y = 30246(MainWindow.xaml.cs:161)|
2020-12-28 10:44:06.5324|Info|Moving TOP Axis, Position Name : FOV 7,  X = 7068, Y = 30158(MainWindow.xaml.cs:161)|
2020-12-28 10:44:07.5560|Info|Moving TOP Axis, Position Name : FOV 8,  X = 10522, Y = 31569(MainWindow.xaml.cs:161)|
2020-12-28 10:44:41.7911|Info|Moving TOP Axis, Position Name : Mark 1,  X = 999, Y = 27123(MainWindow.xaml.cs:93)|
2020-12-28 10:44:42.8397|Info|Moving TOP Axis, Position Name : Mark 2,  X = 999, Y = 39875(MainWindow.xaml.cs:93)|
2020-12-28 10:44:43.7055|Info|Moving TOP Axis, Position Name : FOV 1,  X = 3977, Y = 37172(MainWindow.xaml.cs:161)|
2020-12-28 10:44:44.5855|Info|Moving TOP Axis, Position Name : FOV 2,  X = 8581, Y = 37111(MainWindow.xaml.cs:161)|
2020-12-28 10:44:45.5800|Info|Moving TOP Axis, Position Name : FOV 3,  X = 10204, Y = 35448(MainWindow.xaml.cs:161)|
2020-12-28 10:44:46.3344|Info|Moving TOP Axis, Position Name : FOV 4,  X = 6871, Y = 33869(MainWindow.xaml.cs:161)|
2020-12-28 10:44:47.1500|Info|Moving TOP Axis, Position Name : FOV 5,  X = 2348, Y = 34124(MainWindow.xaml.cs:161)|
2020-12-28 10:44:47.9625|Info|Moving TOP Axis, Position Name : FOV 6,  X = 2557, Y = 30246(MainWindow.xaml.cs:161)|
2020-12-28 10:44:48.7570|Info|Moving TOP Axis, Position Name : FOV 7,  X = 7068, Y = 30158(MainWindow.xaml.cs:161)|
2020-12-28 10:44:49.5760|Info|Moving TOP Axis, Position Name : FOV 8,  X = 10522, Y = 31569(MainWindow.xaml.cs:161)|
2020-12-28 10:50:56.4001|Info|Moving TOP Axis, Position Name : Mark 1,  X = 999, Y = 27123(MainWindow.xaml.cs:93)|
2020-12-28 10:50:57.4065|Info|Moving TOP Axis, Position Name : Mark 2,  X = 999, Y = 39875(MainWindow.xaml.cs:93)|
2020-12-28 10:50:58.3537|Info|Moving TOP Axis, Position Name : FOV 1,  X = 3977, Y = 37172(MainWindow.xaml.cs:167)|
2020-12-28 10:50:59.3536|Info|Moving TOP Axis, Position Name : FOV 2,  X = 8581, Y = 37111(MainWindow.xaml.cs:167)|
2020-12-28 10:51:00.2912|Info|Moving TOP Axis, Position Name : FOV 3,  X = 10204, Y = 35448(MainWindow.xaml.cs:167)|
2020-12-28 10:51:01.5246|Info|Moving TOP Axis, Position Name : FOV 4,  X = 6871, Y = 33869(MainWindow.xaml.cs:167)|
2020-12-28 10:51:02.4672|Info|Moving TOP Axis, Position Name : FOV 5,  X = 2348, Y = 34124(MainWindow.xaml.cs:167)|
2020-12-28 10:51:03.4494|Info|Moving TOP Axis, Position Name : FOV 6,  X = 2557, Y = 30246(MainWindow.xaml.cs:167)|
2020-12-28 10:51:04.3739|Info|Moving TOP Axis, Position Name : FOV 7,  X = 7068, Y = 30158(MainWindow.xaml.cs:167)|
2020-12-28 10:51:05.3613|Info|Moving TOP Axis, Position Name : FOV 8,  X = 10522, Y = 31569(MainWindow.xaml.cs:167)|
2020-12-28 10:52:02.2272|Info|Moving TOP Axis, Position Name : Mark 1,  X = 999, Y = 27123(MainWindow.xaml.cs:93)|
2020-12-28 10:52:03.1162|Info|Moving TOP Axis, Position Name : Mark 2,  X = 999, Y = 39875(MainWindow.xaml.cs:93)|
2020-12-28 10:52:03.9932|Info|Moving TOP Axis, Position Name : FOV 1,  X = 3977, Y = 37172(MainWindow.xaml.cs:167)|
2020-12-28 10:52:05.0654|Info|Moving TOP Axis, Position Name : FOV 2,  X = 8581, Y = 37111(MainWindow.xaml.cs:167)|
2020-12-28 10:52:06.1031|Info|Moving TOP Axis, Position Name : FOV 3,  X = 10204, Y = 35448(MainWindow.xaml.cs:167)|
2020-12-28 10:52:07.0591|Info|Moving TOP Axis, Position Name : FOV 4,  X = 6871, Y = 33869(MainWindow.xaml.cs:167)|
2020-12-28 10:52:08.0560|Info|Moving TOP Axis, Position Name : FOV 5,  X = 2348, Y = 34124(MainWindow.xaml.cs:167)|
2020-12-28 10:52:09.1075|Info|Moving TOP Axis, Position Name : FOV 6,  X = 2557, Y = 30246(MainWindow.xaml.cs:167)|
2020-12-28 10:52:10.1250|Info|Moving TOP Axis, Position Name : FOV 7,  X = 7068, Y = 30158(MainWindow.xaml.cs:167)|
2020-12-28 10:52:11.1711|Info|Moving TOP Axis, Position Name : FOV 8,  X = 10522, Y = 31569(MainWindow.xaml.cs:167)|
2020-12-28 10:52:50.9330|Info|Moving TOP Axis, Position Name : Mark 1,  X = 999, Y = 27123(MainWindow.xaml.cs:93)|
2020-12-28 10:52:51.9658|Info|Moving TOP Axis, Position Name : Mark 2,  X = 999, Y = 39875(MainWindow.xaml.cs:93)|
2020-12-28 10:52:52.9915|Info|Moving TOP Axis, Position Name : FOV 1,  X = 3977, Y = 37172(MainWindow.xaml.cs:167)|
2020-12-28 10:52:54.0492|Info|Moving TOP Axis, Position Name : FOV 2,  X = 8581, Y = 37111(MainWindow.xaml.cs:167)|
2020-12-28 10:52:55.0419|Info|Moving TOP Axis, Position Name : FOV 3,  X = 10204, Y = 35448(MainWindow.xaml.cs:167)|
2020-12-28 10:52:55.9659|Info|Moving TOP Axis, Position Name : FOV 4,  X = 6871, Y = 33869(MainWindow.xaml.cs:167)|
2020-12-28 10:52:56.9365|Info|Moving TOP Axis, Position Name : FOV 5,  X = 2348, Y = 34124(MainWindow.xaml.cs:167)|
2020-12-28 10:52:57.9205|Info|Moving TOP Axis, Position Name : FOV 6,  X = 2557, Y = 30246(MainWindow.xaml.cs:167)|
2020-12-28 10:52:58.8904|Info|Moving TOP Axis, Position Name : FOV 7,  X = 7068, Y = 30158(MainWindow.xaml.cs:167)|
2020-12-28 10:52:59.8917|Info|Moving TOP Axis, Position Name : FOV 8,  X = 10522, Y = 31569(MainWindow.xaml.cs:167)|
2020-12-28 10:53:11.8974|Info|Moving TOP Axis, Position Name : Mark 1,  X = 999, Y = 27123(MainWindow.xaml.cs:93)|
2020-12-28 10:53:12.8388|Info|Moving TOP Axis, Position Name : Mark 2,  X = 999, Y = 39875(MainWindow.xaml.cs:93)|
2020-12-28 10:53:13.8245|Info|Moving TOP Axis, Position Name : FOV 1,  X = 3977, Y = 37172(MainWindow.xaml.cs:167)|
2020-12-28 10:53:14.8691|Info|Moving TOP Axis, Position Name : FOV 2,  X = 8581, Y = 37111(MainWindow.xaml.cs:167)|
2020-12-28 10:53:15.8632|Info|Moving TOP Axis, Position Name : FOV 3,  X = 10204, Y = 35448(MainWindow.xaml.cs:167)|
2020-12-28 10:53:16.7851|Info|Moving TOP Axis, Position Name : FOV 4,  X = 6871, Y = 33869(MainWindow.xaml.cs:167)|
2020-12-28 10:53:17.7893|Info|Moving TOP Axis, Position Name : FOV 5,  X = 2348, Y = 34124(MainWindow.xaml.cs:167)|
2020-12-28 10:53:18.7992|Info|Moving TOP Axis, Position Name : FOV 6,  X = 2557, Y = 30246(MainWindow.xaml.cs:167)|
2020-12-28 10:53:19.8017|Info|Moving TOP Axis, Position Name : FOV 7,  X = 7068, Y = 30158(MainWindow.xaml.cs:167)|
2020-12-28 10:53:20.8025|Info|Moving TOP Axis, Position Name : FOV 8,  X = 10522, Y = 31569(MainWindow.xaml.cs:167)|
2020-12-28 10:54:44.5476|Info|Moving TOP Axis, Position Name : Mark 1,  X = 999, Y = 27123(MainWindow.xaml.cs:93)|
2020-12-28 10:54:45.5190|Info|Moving TOP Axis, Position Name : Mark 2,  X = 999, Y = 39875(MainWindow.xaml.cs:93)|
2020-12-28 10:54:46.5126|Info|Moving TOP Axis, Position Name : FOV 1,  X = 3977, Y = 37172(MainWindow.xaml.cs:167)|
2020-12-28 10:54:47.5573|Info|Moving TOP Axis, Position Name : FOV 2,  X = 8581, Y = 37111(MainWindow.xaml.cs:167)|
2020-12-28 10:54:48.5697|Info|Moving TOP Axis, Position Name : FOV 3,  X = 10204, Y = 35448(MainWindow.xaml.cs:167)|
2020-12-28 10:54:49.4995|Info|Moving TOP Axis, Position Name : FOV 4,  X = 6871, Y = 33869(MainWindow.xaml.cs:167)|
2020-12-28 10:54:50.4771|Info|Moving TOP Axis, Position Name : FOV 5,  X = 2348, Y = 34124(MainWindow.xaml.cs:167)|
2020-12-28 10:54:51.5014|Info|Moving TOP Axis, Position Name : FOV 6,  X = 2557, Y = 30246(MainWindow.xaml.cs:167)|
2020-12-28 10:54:52.4769|Info|Moving TOP Axis, Position Name : FOV 7,  X = 7068, Y = 30158(MainWindow.xaml.cs:167)|
2020-12-28 10:54:53.5048|Info|Moving TOP Axis, Position Name : FOV 8,  X = 10522, Y = 31569(MainWindow.xaml.cs:167)|
2020-12-28 10:55:35.4070|Info|Moving TOP Axis, Position Name : Mark 1,  X = 999, Y = 27123(MainWindow.xaml.cs:93)|
2020-12-28 10:55:36.3987|Info|Moving TOP Axis, Position Name : Mark 2,  X = 999, Y = 39875(MainWindow.xaml.cs:93)|
2020-12-28 10:55:37.3398|Info|Moving TOP Axis, Position Name : FOV 1,  X = 3977, Y = 37172(MainWindow.xaml.cs:167)|
2020-12-28 10:55:38.3236|Info|Moving TOP Axis, Position Name : FOV 2,  X = 8581, Y = 37111(MainWindow.xaml.cs:167)|
2020-12-28 10:55:39.2488|Info|Moving TOP Axis, Position Name : FOV 3,  X = 10204, Y = 35448(MainWindow.xaml.cs:167)|
2020-12-28 10:55:40.1226|Info|Moving TOP Axis, Position Name : FOV 4,  X = 6871, Y = 33869(MainWindow.xaml.cs:167)|
2020-12-28 10:55:41.0421|Info|Moving TOP Axis, Position Name : FOV 5,  X = 2348, Y = 34124(MainWindow.xaml.cs:167)|
2020-12-28 10:55:41.9815|Info|Moving TOP Axis, Position Name : FOV 6,  X = 2557, Y = 30246(MainWindow.xaml.cs:167)|
2020-12-28 10:55:42.9014|Info|Moving TOP Axis, Position Name : FOV 7,  X = 7068, Y = 30158(MainWindow.xaml.cs:167)|
2020-12-28 10:55:43.9222|Info|Moving TOP Axis, Position Name : FOV 8,  X = 10522, Y = 31569(MainWindow.xaml.cs:167)|
2020-12-28 15:37:11.0791|Info|Current Pulse conveyor 0 => 1874358(HardwareWindow.xaml.cs:712)|
2020-12-28 16:10:33.2112|Error|startIndex cannot be larger than length of string.
Parameter name: startIndex(SLMP.cs:302)|
2020-12-28 16:10:38.3215|Error|Ping PLC failed, IP :192.168.3.100:9999...(MainWindow.xaml.cs:293)|
2020-12-28 16:11:23.3451|Error|startIndex cannot be larger than length of string.
Parameter name: startIndex(SLMP.cs:302)|
2020-12-28 16:11:28.3207|Error|Ping PLC failed, IP :192.168.3.100:9999...(MainWindow.xaml.cs:293)|
2020-12-28 16:13:40.5283|Error|startIndex cannot be larger than length of string.
Parameter name: startIndex(SLMP.cs:302)|
2020-12-28 16:13:45.3145|Error|Ping PLC failed, IP :192.168.3.100:9999...(MainWindow.xaml.cs:293)|
2020-12-28 16:14:38.3549|Error|startIndex cannot be larger than length of string.
Parameter name: startIndex(SLMP.cs:302)|
2020-12-28 16:14:43.3138|Error|Ping PLC failed, IP :192.168.3.100:9999...(MainWindow.xaml.cs:293)|
2020-12-28 16:16:20.2982|Error|startIndex cannot be larger than length of string.
Parameter name: startIndex(SLMP.cs:302)|
2020-12-28 16:16:25.3282|Error|Ping PLC failed, IP :192.168.3.100:9999...(MainWindow.xaml.cs:292)|
2020-12-28 16:22:44.9372|Error|startIndex cannot be larger than length of string.
Parameter name: startIndex(SLMP.cs:302)|
2020-12-28 16:22:49.8158|Error|Ping PLC failed, IP :192.168.3.100:9999...(MainWindow.xaml.cs:292)|
2020-12-28 16:23:55.1466|Error|startIndex cannot be larger than length of string.
Parameter name: startIndex(SLMP.cs:302)|
2020-12-28 16:23:59.8151|Error|Ping PLC failed, IP :192.168.3.100:9999...(MainWindow.xaml.cs:292)|
2020-12-28 16:28:15.9252|Error|startIndex cannot be larger than length of string.
Parameter name: startIndex(SLMP.cs:302)|
2020-12-28 16:28:20.8167|Error|Ping PLC failed, IP :192.168.3.100:9999...(MainWindow.xaml.cs:292)|
2020-12-28 16:31:45.3120|Error|startIndex cannot be larger than length of string.
Parameter name: startIndex(SLMP.cs:302)|
2020-12-28 16:31:50.3133|Error|Ping PLC failed, IP :192.168.3.100:9999...(MainWindow.xaml.cs:292)|
2020-12-28 16:32:45.1357|Error|startIndex cannot be larger than length of string.
Parameter name: startIndex(SLMP.cs:302)|
2020-12-28 16:32:49.8236|Error|Ping PLC failed, IP :192.168.3.100:9999...(MainWindow.xaml.cs:292)|
2020-12-28 16:33:52.6159|Error|startIndex cannot be larger than length of string.
Parameter name: startIndex(SLMP.cs:302)|
2020-12-28 16:54:16.6467|Error|startIndex cannot be larger than length of string.
Parameter name: startIndex(SLMP.cs:302)|
2020-12-28 17:07:48.8502|Error|startIndex cannot be larger than length of string.
Parameter name: startIndex(SLMP.cs:302)|
2020-12-28 17:07:53.8143|Error|Ping PLC failed, IP :192.168.3.100:9999...(MainWindow.xaml.cs:293)|
2020-12-28 17:12:31.2075|Error|startIndex cannot be larger than length of string.
Parameter name: startIndex(SLMP.cs:302)|
2020-12-28 17:12:35.8147|Error|Ping PLC failed, IP :192.168.3.100:9999...(MainWindow.xaml.cs:293)|
2020-12-28 17:13:37.3675|Error|startIndex cannot be larger than length of string.
Parameter name: startIndex(SLMP.cs:302)|
2020-12-28 17:13:42.3144|Error|Ping PLC failed, IP :192.168.3.100:9999...(MainWindow.xaml.cs:293)|
2020-12-28 17:14:43.8818|Error|startIndex cannot be larger than length of string.
Parameter name: startIndex(SLMP.cs:302)|
2020-12-28 17:14:48.8132|Error|Ping PLC failed, IP :192.168.3.100:9999...(MainWindow.xaml.cs:293)|
2020-12-28 17:15:50.3715|Error|startIndex cannot be larger than length of string.
Parameter name: startIndex(SLMP.cs:302)|
2020-12-28 17:15:55.3133|Error|Ping PLC failed, IP :192.168.3.100:9999...(MainWindow.xaml.cs:293)|
2020-12-28 17:16:56.8705|Error|startIndex cannot be larger than length of string.
Parameter name: startIndex(SLMP.cs:302)|
2020-12-28 17:17:01.8132|Error|Ping PLC failed, IP :192.168.3.100:9999...(MainWindow.xaml.cs:293)|
2020-12-28 17:18:03.3858|Error|startIndex cannot be larger than length of string.
Parameter name: startIndex(SLMP.cs:302)|
2020-12-28 17:18:08.3146|Error|Ping PLC failed, IP :192.168.3.100:9999...(MainWindow.xaml.cs:293)|
2020-12-28 17:19:09.8790|Error|startIndex cannot be larger than length of string.
Parameter name: startIndex(SLMP.cs:302)|
2020-12-28 17:19:14.8133|Error|Ping PLC failed, IP :192.168.3.100:9999...(MainWindow.xaml.cs:293)|
2020-12-28 17:20:16.3680|Error|startIndex cannot be larger than length of string.
Parameter name: startIndex(SLMP.cs:302)|
2020-12-28 17:20:21.3134|Error|Ping PLC failed, IP :192.168.3.100:9999...(MainWindow.xaml.cs:293)|
2020-12-28 17:21:22.8710|Error|startIndex cannot be larger than length of string.
Parameter name: startIndex(SLMP.cs:302)|
2020-12-28 17:21:27.8143|Error|Ping PLC failed, IP :192.168.3.100:9999...(MainWindow.xaml.cs:293)|
2020-12-28 17:22:29.3839|Error|startIndex cannot be larger than length of string.
Parameter name: startIndex(SLMP.cs:302)|
2020-12-28 17:22:34.3143|Error|Ping PLC failed, IP :192.168.3.100:9999...(MainWindow.xaml.cs:293)|
2020-12-28 17:23:35.8655|Error|startIndex cannot be larger than length of string.
Parameter name: startIndex(SLMP.cs:302)|
2020-12-28 17:23:40.8135|Error|Ping PLC failed, IP :192.168.3.100:9999...(MainWindow.xaml.cs:293)|
2020-12-28 17:44:33.9209|Error|startIndex cannot be larger than length of string.
Parameter name: startIndex(SLMP.cs:302)|
2020-12-28 17:44:38.8141|Error|Ping PLC failed, IP :192.168.3.100:9999...(MainWindow.xaml.cs:293)|
