2021-01-06 08:48:32.3238|Info|Current Pulse conveyor 0 => 1556028(HardwareWindow.xaml.cs:719)|
2021-01-06 08:51:06.2501|Info|Moving TOP Axis, Position Name : Mark 1,  X = 1075, Y = 22133(MainWindow.xaml.cs:109)|
2021-01-06 08:51:07.7072|Info|Moving TOP Axis, Position Name : Mark 2,  X = 15176, Y = 22133(MainWindow.xaml.cs:109)|
2021-01-06 08:51:08.9528|Info|Moving TOP Axis, Position Name : FOV 1,  X = 15970, Y = 24055(MainWindow.xaml.cs:162)|
2021-01-06 08:51:09.7736|Info|Moving TOP Axis, Position Name : FOV 2,  X = 12468, Y = 24427(MainWindow.xaml.cs:162)|
2021-01-06 08:51:10.6264|Info|Moving TOP Axis, Position Name : FOV 3,  X = 7509, Y = 24491(MainWindow.xaml.cs:162)|
2021-01-06 08:51:11.5479|Info|Moving TOP Axis, Position Name : FOV 4,  X = 2843, Y = 24624(MainWindow.xaml.cs:162)|
2021-01-06 08:51:12.3976|Info|Moving TOP Axis, Position Name : FOV 5,  X = 3490, Y = 28504(MainWindow.xaml.cs:162)|
2021-01-06 08:51:13.2334|Info|Moving TOP Axis, Position Name : FOV 6,  X = 8667, Y = 28371(MainWindow.xaml.cs:162)|
2021-01-06 08:51:14.0702|Info|Moving TOP Axis, Position Name : FOV 7,  X = 13197, Y = 27935(MainWindow.xaml.cs:162)|
2021-01-06 08:51:14.9219|Info|Moving TOP Axis, Position Name : FOV 8,  X = 16671, Y = 27935(MainWindow.xaml.cs:162)|
2021-01-06 08:51:15.7477|Info|Moving TOP Axis, Position Name : FOV 9,  X = 16532, Y = 31815(MainWindow.xaml.cs:162)|
2021-01-06 08:51:16.5675|Info|Moving TOP Axis, Position Name : FOV 10,  X = 13395, Y = 31815(MainWindow.xaml.cs:162)|
2021-01-06 08:51:17.3813|Info|Moving TOP Axis, Position Name : FOV 11,  X = 8623, Y = 31899(MainWindow.xaml.cs:162)|
2021-01-06 08:51:18.2191|Info|Moving TOP Axis, Position Name : FOV 12,  X = 2887, Y = 32067(MainWindow.xaml.cs:162)|
2021-01-06 08:51:19.1007|Info|Moving TOP Axis, Position Name : FOV 13,  X = 2662, Y = 35947(MainWindow.xaml.cs:162)|
2021-01-06 08:51:19.9823|Info|Moving TOP Axis, Position Name : FOV 14,  X = 8034, Y = 35662(MainWindow.xaml.cs:162)|
2021-01-06 08:51:20.8809|Info|Moving TOP Axis, Position Name : FOV 15,  X = 12567, Y = 35620(MainWindow.xaml.cs:162)|
2021-01-06 08:51:21.7765|Info|Moving TOP Axis, Position Name : FOV 16,  X = 16218, Y = 35643(MainWindow.xaml.cs:162)|
2021-01-06 08:51:22.5904|Info|Moving TOP Axis, Position Name : FOV 17,  X = 16256, Y = 39042(MainWindow.xaml.cs:162)|
2021-01-06 08:51:23.4191|Info|Moving TOP Axis, Position Name : FOV 18,  X = 12908, Y = 38983(MainWindow.xaml.cs:162)|
2021-01-06 08:51:24.2759|Info|Moving TOP Axis, Position Name : FOV 19,  X = 8136, Y = 38573(MainWindow.xaml.cs:162)|
2021-01-06 08:51:25.1226|Info|Moving TOP Axis, Position Name : FOV 20,  X = 2707, Y = 39022(MainWindow.xaml.cs:162)|
2021-01-06 08:57:04.7796|Info|Current Pulse conveyor 1556028 => 1556028(HardwareWindow.xaml.cs:719)|
2021-01-06 09:08:20.7555|Info|Moving TOP Axis, Position Name : Mark 1,  X = 1064, Y = 22135(MainWindow.xaml.cs:109)|
2021-01-06 09:08:21.7366|Info|Moving TOP Axis, Position Name : Mark 2,  X = 14411, Y = 22135(MainWindow.xaml.cs:109)|
2021-01-06 09:08:22.9426|Info|Moving TOP Axis, Position Name : FOV 1,  X = 15377, Y = 23673(MainWindow.xaml.cs:162)|
2021-01-06 09:08:23.7091|Info|Moving TOP Axis, Position Name : FOV 2,  X = 11855, Y = 24430(MainWindow.xaml.cs:162)|
2021-01-06 09:08:24.6006|Info|Moving TOP Axis, Position Name : FOV 3,  X = 7161, Y = 24495(MainWindow.xaml.cs:162)|
2021-01-06 09:08:25.4721|Info|Moving TOP Axis, Position Name : FOV 4,  X = 2741, Y = 24628(MainWindow.xaml.cs:162)|
2021-01-06 09:08:26.3250|Info|Moving TOP Axis, Position Name : FOV 5,  X = 3348, Y = 28516(MainWindow.xaml.cs:162)|
2021-01-06 09:08:27.1583|Info|Moving TOP Axis, Position Name : FOV 6,  X = 8256, Y = 28383(MainWindow.xaml.cs:162)|
2021-01-06 09:08:27.9894|Info|Moving TOP Axis, Position Name : FOV 7,  X = 12544, Y = 27561(MainWindow.xaml.cs:162)|
2021-01-06 09:08:28.8265|Info|Moving TOP Axis, Position Name : FOV 8,  X = 16036, Y = 27561(MainWindow.xaml.cs:162)|
2021-01-06 09:08:29.6877|Info|Moving TOP Axis, Position Name : FOV 9,  X = 15820, Y = 31449(MainWindow.xaml.cs:162)|
2021-01-06 09:08:30.5772|Info|Moving TOP Axis, Position Name : FOV 10,  X = 12741, Y = 31449(MainWindow.xaml.cs:162)|
2021-01-06 09:08:31.4047|Info|Moving TOP Axis, Position Name : FOV 11,  X = 8214, Y = 31906(MainWindow.xaml.cs:162)|
2021-01-06 09:08:32.3046|Info|Moving TOP Axis, Position Name : FOV 12,  X = 2780, Y = 32071(MainWindow.xaml.cs:162)|
2021-01-06 09:08:33.1896|Info|Moving TOP Axis, Position Name : FOV 13,  X = 2566, Y = 35959(MainWindow.xaml.cs:162)|
2021-01-06 09:08:34.0154|Info|Moving TOP Axis, Position Name : FOV 14,  X = 7658, Y = 35794(MainWindow.xaml.cs:162)|
2021-01-06 09:08:34.8705|Info|Moving TOP Axis, Position Name : FOV 15,  X = 11949, Y = 35338(MainWindow.xaml.cs:162)|
2021-01-06 09:08:35.7089|Info|Moving TOP Axis, Position Name : FOV 16,  X = 15571, Y = 35338(MainWindow.xaml.cs:162)|
2021-01-06 09:08:36.5340|Info|Moving TOP Axis, Position Name : FOV 17,  X = 15590, Y = 38756(MainWindow.xaml.cs:162)|
2021-01-06 09:08:37.3201|Info|Moving TOP Axis, Position Name : FOV 18,  X = 12279, Y = 38721(MainWindow.xaml.cs:162)|
2021-01-06 09:08:38.1418|Info|Moving TOP Axis, Position Name : FOV 19,  X = 7752, Y = 38352(MainWindow.xaml.cs:162)|
2021-01-06 09:08:38.9852|Info|Moving TOP Axis, Position Name : FOV 20,  X = 2608, Y = 39032(MainWindow.xaml.cs:162)|
2021-01-06 09:11:18.7886|Info|Moving TOP Axis, Position Name : Mark 1,  X = 1064, Y = 22135(MainWindow.xaml.cs:109)|
2021-01-06 09:11:19.9389|Info|Moving TOP Axis, Position Name : Mark 2,  X = 14411, Y = 22135(MainWindow.xaml.cs:109)|
2021-01-06 09:11:21.1135|Info|Moving TOP Axis, Position Name : FOV 1,  X = 15377, Y = 23673(MainWindow.xaml.cs:162)|
2021-01-06 09:11:21.9093|Info|Moving TOP Axis, Position Name : FOV 2,  X = 11855, Y = 24430(MainWindow.xaml.cs:162)|
2021-01-06 09:11:22.7487|Info|Moving TOP Axis, Position Name : FOV 3,  X = 7161, Y = 24495(MainWindow.xaml.cs:162)|
2021-01-06 09:11:23.6442|Info|Moving TOP Axis, Position Name : FOV 4,  X = 2741, Y = 24628(MainWindow.xaml.cs:162)|
2021-01-06 09:11:24.5362|Info|Moving TOP Axis, Position Name : FOV 5,  X = 3348, Y = 28516(MainWindow.xaml.cs:162)|
2021-01-06 09:11:25.3688|Info|Moving TOP Axis, Position Name : FOV 6,  X = 8256, Y = 28383(MainWindow.xaml.cs:162)|
2021-01-06 09:11:26.2058|Info|Moving TOP Axis, Position Name : FOV 7,  X = 12544, Y = 27561(MainWindow.xaml.cs:162)|
2021-01-06 09:11:27.0403|Info|Moving TOP Axis, Position Name : FOV 8,  X = 16036, Y = 27561(MainWindow.xaml.cs:162)|
2021-01-06 09:11:27.9058|Info|Moving TOP Axis, Position Name : FOV 9,  X = 15820, Y = 31449(MainWindow.xaml.cs:162)|
2021-01-06 09:11:28.7573|Info|Moving TOP Axis, Position Name : FOV 10,  X = 12741, Y = 31449(MainWindow.xaml.cs:162)|
2021-01-06 09:11:29.6286|Info|Moving TOP Axis, Position Name : FOV 11,  X = 8214, Y = 31906(MainWindow.xaml.cs:162)|
2021-01-06 09:11:30.5311|Info|Moving TOP Axis, Position Name : FOV 12,  X = 2780, Y = 32071(MainWindow.xaml.cs:162)|
2021-01-06 09:11:31.4284|Info|Moving TOP Axis, Position Name : FOV 13,  X = 2566, Y = 35959(MainWindow.xaml.cs:162)|
2021-01-06 09:11:32.2476|Info|Moving TOP Axis, Position Name : FOV 14,  X = 7658, Y = 35794(MainWindow.xaml.cs:162)|
2021-01-06 09:11:33.0924|Info|Moving TOP Axis, Position Name : FOV 15,  X = 11949, Y = 35338(MainWindow.xaml.cs:162)|
2021-01-06 09:11:33.9379|Info|Moving TOP Axis, Position Name : FOV 16,  X = 15571, Y = 35338(MainWindow.xaml.cs:162)|
2021-01-06 09:11:34.7501|Info|Moving TOP Axis, Position Name : FOV 17,  X = 15590, Y = 38756(MainWindow.xaml.cs:162)|
2021-01-06 09:11:35.6303|Info|Moving TOP Axis, Position Name : FOV 18,  X = 12279, Y = 38721(MainWindow.xaml.cs:162)|
2021-01-06 09:11:36.4607|Info|Moving TOP Axis, Position Name : FOV 19,  X = 7752, Y = 38352(MainWindow.xaml.cs:162)|
2021-01-06 09:11:37.3174|Info|Moving TOP Axis, Position Name : FOV 20,  X = 2608, Y = 39032(MainWindow.xaml.cs:162)|
2021-01-06 09:17:16.2684|Info|Moving TOP Axis, Position Name : Mark 1,  X = 1064, Y = 22135(MainWindow.xaml.cs:109)|
2021-01-06 09:17:17.4713|Info|Moving TOP Axis, Position Name : Mark 2,  X = 14411, Y = 22135(MainWindow.xaml.cs:109)|
2021-01-06 09:17:18.6861|Info|Moving TOP Axis, Position Name : FOV 1,  X = 15377, Y = 23673(MainWindow.xaml.cs:162)|
2021-01-06 09:17:19.5715|Info|Moving TOP Axis, Position Name : FOV 2,  X = 11855, Y = 24430(MainWindow.xaml.cs:162)|
2021-01-06 09:17:20.5593|Info|Moving TOP Axis, Position Name : FOV 3,  X = 7161, Y = 24495(MainWindow.xaml.cs:162)|
2021-01-06 09:17:21.5019|Info|Moving TOP Axis, Position Name : FOV 4,  X = 2741, Y = 24628(MainWindow.xaml.cs:162)|
2021-01-06 09:17:22.4903|Info|Moving TOP Axis, Position Name : FOV 5,  X = 3348, Y = 28516(MainWindow.xaml.cs:162)|
2021-01-06 09:17:23.4854|Info|Moving TOP Axis, Position Name : FOV 6,  X = 8256, Y = 28383(MainWindow.xaml.cs:162)|
2021-01-06 09:17:24.4632|Info|Moving TOP Axis, Position Name : FOV 7,  X = 12544, Y = 27561(MainWindow.xaml.cs:162)|
2021-01-06 09:17:25.4317|Info|Moving TOP Axis, Position Name : FOV 8,  X = 16036, Y = 27561(MainWindow.xaml.cs:162)|
2021-01-06 09:17:26.3764|Info|Moving TOP Axis, Position Name : FOV 9,  X = 15820, Y = 31449(MainWindow.xaml.cs:162)|
2021-01-06 09:17:27.3230|Info|Moving TOP Axis, Position Name : FOV 10,  X = 12741, Y = 31449(MainWindow.xaml.cs:162)|
2021-01-06 09:17:28.3308|Info|Moving TOP Axis, Position Name : FOV 11,  X = 8214, Y = 31906(MainWindow.xaml.cs:162)|
2021-01-06 09:17:29.3182|Info|Moving TOP Axis, Position Name : FOV 12,  X = 2780, Y = 32071(MainWindow.xaml.cs:162)|
2021-01-06 09:17:30.3188|Info|Moving TOP Axis, Position Name : FOV 13,  X = 2566, Y = 35959(MainWindow.xaml.cs:162)|
2021-01-06 09:17:31.2831|Info|Moving TOP Axis, Position Name : FOV 14,  X = 7658, Y = 35794(MainWindow.xaml.cs:162)|
2021-01-06 09:17:32.2655|Info|Moving TOP Axis, Position Name : FOV 15,  X = 11949, Y = 35338(MainWindow.xaml.cs:162)|
2021-01-06 09:17:33.2973|Info|Moving TOP Axis, Position Name : FOV 16,  X = 15571, Y = 35338(MainWindow.xaml.cs:162)|
2021-01-06 09:17:34.2355|Info|Moving TOP Axis, Position Name : FOV 17,  X = 15590, Y = 38756(MainWindow.xaml.cs:162)|
2021-01-06 09:17:35.2495|Info|Moving TOP Axis, Position Name : FOV 18,  X = 12279, Y = 38721(MainWindow.xaml.cs:162)|
2021-01-06 09:17:36.2550|Info|Moving TOP Axis, Position Name : FOV 19,  X = 7752, Y = 38352(MainWindow.xaml.cs:162)|
2021-01-06 09:17:37.2206|Info|Moving TOP Axis, Position Name : FOV 20,  X = 2608, Y = 39032(MainWindow.xaml.cs:162)|
2021-01-06 09:17:58.1067|Info|Moving TOP Axis, Position Name : Mark 1,  X = 1064, Y = 22135(MainWindow.xaml.cs:109)|
2021-01-06 09:17:59.2134|Info|Moving TOP Axis, Position Name : Mark 2,  X = 14411, Y = 22135(MainWindow.xaml.cs:109)|
2021-01-06 09:18:00.3776|Info|Moving TOP Axis, Position Name : FOV 1,  X = 15377, Y = 23673(MainWindow.xaml.cs:162)|
2021-01-06 09:18:01.2228|Info|Moving TOP Axis, Position Name : FOV 2,  X = 11855, Y = 24430(MainWindow.xaml.cs:162)|
2021-01-06 09:18:02.1849|Info|Moving TOP Axis, Position Name : FOV 3,  X = 7161, Y = 24495(MainWindow.xaml.cs:162)|
2021-01-06 09:18:03.1672|Info|Moving TOP Axis, Position Name : FOV 4,  X = 2741, Y = 24628(MainWindow.xaml.cs:162)|
2021-01-06 09:18:04.1808|Info|Moving TOP Axis, Position Name : FOV 5,  X = 3348, Y = 28516(MainWindow.xaml.cs:162)|
2021-01-06 09:18:05.1123|Info|Moving TOP Axis, Position Name : FOV 6,  X = 8256, Y = 28383(MainWindow.xaml.cs:162)|
2021-01-06 09:18:06.1266|Info|Moving TOP Axis, Position Name : FOV 7,  X = 12544, Y = 27561(MainWindow.xaml.cs:162)|
2021-01-06 09:18:07.1327|Info|Moving TOP Axis, Position Name : FOV 8,  X = 16036, Y = 27561(MainWindow.xaml.cs:162)|
2021-01-06 09:18:08.0403|Info|Moving TOP Axis, Position Name : FOV 9,  X = 15820, Y = 31449(MainWindow.xaml.cs:162)|
2021-01-06 09:18:08.9963|Info|Moving TOP Axis, Position Name : FOV 10,  X = 12741, Y = 31449(MainWindow.xaml.cs:162)|
2021-01-06 09:18:09.9989|Info|Moving TOP Axis, Position Name : FOV 11,  X = 8214, Y = 31906(MainWindow.xaml.cs:162)|
2021-01-06 09:18:10.9832|Info|Moving TOP Axis, Position Name : FOV 12,  X = 2780, Y = 32071(MainWindow.xaml.cs:162)|
2021-01-06 09:18:12.0061|Info|Moving TOP Axis, Position Name : FOV 13,  X = 2566, Y = 35959(MainWindow.xaml.cs:162)|
2021-01-06 09:18:12.9670|Info|Moving TOP Axis, Position Name : FOV 14,  X = 7658, Y = 35794(MainWindow.xaml.cs:162)|
2021-01-06 09:18:13.9628|Info|Moving TOP Axis, Position Name : FOV 15,  X = 11949, Y = 35338(MainWindow.xaml.cs:162)|
2021-01-06 09:18:15.0424|Info|Moving TOP Axis, Position Name : FOV 16,  X = 15571, Y = 35338(MainWindow.xaml.cs:162)|
2021-01-06 09:18:16.0121|Info|Moving TOP Axis, Position Name : FOV 17,  X = 15590, Y = 38756(MainWindow.xaml.cs:162)|
2021-01-06 09:18:16.9361|Info|Moving TOP Axis, Position Name : FOV 18,  X = 12279, Y = 38721(MainWindow.xaml.cs:162)|
2021-01-06 09:18:17.9216|Info|Moving TOP Axis, Position Name : FOV 19,  X = 7752, Y = 38352(MainWindow.xaml.cs:162)|
2021-01-06 09:18:18.9335|Info|Moving TOP Axis, Position Name : FOV 20,  X = 2608, Y = 39032(MainWindow.xaml.cs:162)|
2021-01-06 09:18:52.1948|Info|Moving TOP Axis, Position Name : Mark 1,  X = 1064, Y = 22135(MainWindow.xaml.cs:109)|
2021-01-06 09:18:53.4189|Info|Moving TOP Axis, Position Name : Mark 2,  X = 14411, Y = 22135(MainWindow.xaml.cs:109)|
2021-01-06 09:18:54.7512|Info|Moving TOP Axis, Position Name : FOV 1,  X = 15377, Y = 23673(MainWindow.xaml.cs:162)|
2021-01-06 09:18:55.7499|Info|Moving TOP Axis, Position Name : FOV 2,  X = 11855, Y = 24430(MainWindow.xaml.cs:162)|
2021-01-06 09:18:56.8539|Info|Moving TOP Axis, Position Name : FOV 3,  X = 7161, Y = 24495(MainWindow.xaml.cs:162)|
2021-01-06 09:18:57.9895|Info|Moving TOP Axis, Position Name : FOV 4,  X = 2741, Y = 24628(MainWindow.xaml.cs:162)|
2021-01-06 09:18:59.0983|Info|Moving TOP Axis, Position Name : FOV 5,  X = 3348, Y = 28516(MainWindow.xaml.cs:162)|
2021-01-06 09:19:00.2030|Info|Moving TOP Axis, Position Name : FOV 6,  X = 8256, Y = 28383(MainWindow.xaml.cs:162)|
2021-01-06 09:19:01.3111|Info|Moving TOP Axis, Position Name : FOV 7,  X = 12544, Y = 27561(MainWindow.xaml.cs:162)|
2021-01-06 09:19:02.4634|Info|Moving TOP Axis, Position Name : FOV 8,  X = 16036, Y = 27561(MainWindow.xaml.cs:162)|
2021-01-06 09:19:03.5175|Info|Moving TOP Axis, Position Name : FOV 9,  X = 15820, Y = 31449(MainWindow.xaml.cs:162)|
2021-01-06 09:19:04.6326|Info|Moving TOP Axis, Position Name : FOV 10,  X = 12741, Y = 31449(MainWindow.xaml.cs:162)|
2021-01-06 09:19:05.7102|Info|Moving TOP Axis, Position Name : FOV 11,  X = 8214, Y = 31906(MainWindow.xaml.cs:162)|
2021-01-06 09:19:06.8729|Info|Moving TOP Axis, Position Name : FOV 12,  X = 2780, Y = 32071(MainWindow.xaml.cs:162)|
2021-01-06 09:19:07.9625|Info|Moving TOP Axis, Position Name : FOV 13,  X = 2566, Y = 35959(MainWindow.xaml.cs:162)|
2021-01-06 09:19:09.0363|Info|Moving TOP Axis, Position Name : FOV 14,  X = 7658, Y = 35794(MainWindow.xaml.cs:162)|
2021-01-06 09:19:10.1724|Info|Moving TOP Axis, Position Name : FOV 15,  X = 11949, Y = 35338(MainWindow.xaml.cs:162)|
2021-01-06 09:19:11.3305|Info|Moving TOP Axis, Position Name : FOV 16,  X = 15571, Y = 35338(MainWindow.xaml.cs:162)|
2021-01-06 09:19:12.4180|Info|Moving TOP Axis, Position Name : FOV 17,  X = 15590, Y = 38756(MainWindow.xaml.cs:162)|
2021-01-06 09:19:13.5021|Info|Moving TOP Axis, Position Name : FOV 18,  X = 12279, Y = 38721(MainWindow.xaml.cs:162)|
2021-01-06 09:19:14.6141|Info|Moving TOP Axis, Position Name : FOV 19,  X = 7752, Y = 38352(MainWindow.xaml.cs:162)|
2021-01-06 09:19:15.7066|Info|Moving TOP Axis, Position Name : FOV 20,  X = 2608, Y = 39032(MainWindow.xaml.cs:162)|
2021-01-06 11:18:13.1842|Error|Ping PLC failed, IP :192.168.3.100:9999...(MainWindow.xaml.cs:314)|
2021-01-06 11:18:52.1818|Error|Ping PLC failed, IP :192.168.3.100:9999...(MainWindow.xaml.cs:314)|
2021-01-06 11:19:22.6812|Error|Ping PLC failed, IP :192.168.3.100:9999...(MainWindow.xaml.cs:314)|
2021-01-06 11:24:15.6832|Error|Ping PLC failed, IP :192.168.3.100:9999...(MainWindow.xaml.cs:314)|
2021-01-06 11:25:29.1814|Error|Ping PLC failed, IP :192.168.3.100:9999...(MainWindow.xaml.cs:314)|
2021-01-06 11:26:44.6814|Error|Ping PLC failed, IP :192.168.3.100:9999...(MainWindow.xaml.cs:314)|
2021-01-06 12:51:28.6814|Error|Ping PLC failed, IP :192.168.3.100:9999...(MainWindow.xaml.cs:314)|
2021-01-06 12:53:33.1839|Error|Ping PLC failed, IP :192.168.3.100:9999...(MainWindow.xaml.cs:314)|
2021-01-06 12:54:39.1814|Error|Ping PLC failed, IP :192.168.3.100:9999...(MainWindow.xaml.cs:314)|
2021-01-06 12:55:44.1814|Error|Ping PLC failed, IP :192.168.3.100:9999...(MainWindow.xaml.cs:314)|
2021-01-06 12:56:49.1816|Error|Ping PLC failed, IP :192.168.3.100:9999...(MainWindow.xaml.cs:314)|
2021-01-06 12:57:54.1809|Error|Ping PLC failed, IP :192.168.3.100:9999...(MainWindow.xaml.cs:314)|
2021-01-06 12:58:59.1817|Error|Ping PLC failed, IP :192.168.3.100:9999...(MainWindow.xaml.cs:314)|
2021-01-06 13:00:04.1828|Error|Ping PLC failed, IP :192.168.3.100:9999...(MainWindow.xaml.cs:314)|
2021-01-06 13:01:09.1802|Error|Ping PLC failed, IP :192.168.3.100:9999...(MainWindow.xaml.cs:314)|
2021-01-06 13:02:14.1810|Error|Ping PLC failed, IP :192.168.3.100:9999...(MainWindow.xaml.cs:314)|
2021-01-06 13:09:17.1813|Error|Ping PLC failed, IP :192.168.3.100:9999...(MainWindow.xaml.cs:314)|
2021-01-06 13:14:10.1813|Error|Ping PLC failed, IP :192.168.3.100:9999...(MainWindow.xaml.cs:314)|
2021-01-06 13:15:16.1817|Error|Ping PLC failed, IP :192.168.3.100:9999...(MainWindow.xaml.cs:314)|
2021-01-06 13:16:21.1818|Error|Ping PLC failed, IP :192.168.3.100:9999...(MainWindow.xaml.cs:314)|
2021-01-06 13:17:26.2318|Error|Ping PLC failed, IP :192.168.3.100:9999...(MainWindow.xaml.cs:314)|
2021-01-06 13:18:31.2179|Error|Ping PLC failed, IP :192.168.3.100:9999...(MainWindow.xaml.cs:314)|
2021-01-06 13:26:08.1843|Error|Ping PLC failed, IP :192.168.3.100:9999...(MainWindow.xaml.cs:314)|
2021-01-06 13:27:16.6810|Error|Ping PLC failed, IP :192.168.3.100:9999...(MainWindow.xaml.cs:314)|
2021-01-06 13:28:21.6812|Error|Ping PLC failed, IP :192.168.3.100:9999...(MainWindow.xaml.cs:314)|
2021-01-06 13:29:54.1818|Error|Ping PLC failed, IP :192.168.3.100:9999...(MainWindow.xaml.cs:314)|
2021-01-06 13:31:02.6815|Error|Ping PLC failed, IP :192.168.3.100:9999...(MainWindow.xaml.cs:314)|
2021-01-06 13:34:19.1828|Error|Ping PLC failed, IP :192.168.3.100:9999...(MainWindow.xaml.cs:314)|
2021-01-06 13:35:25.1806|Error|Ping PLC failed, IP :192.168.3.100:9999...(MainWindow.xaml.cs:314)|
2021-01-06 13:36:30.1814|Error|Ping PLC failed, IP :192.168.3.100:9999...(MainWindow.xaml.cs:314)|
2021-01-06 13:37:35.1815|Error|Ping PLC failed, IP :192.168.3.100:9999...(MainWindow.xaml.cs:314)|
2021-01-06 13:49:46.6825|Error|Ping PLC failed, IP :192.168.3.100:9999...(MainWindow.xaml.cs:314)|
2021-01-06 13:50:52.1806|Error|Ping PLC failed, IP :192.168.3.100:9999...(MainWindow.xaml.cs:314)|
2021-01-06 13:51:45.6811|Error|Ping PLC failed, IP :192.168.3.100:9999...(MainWindow.xaml.cs:314)|
2021-01-06 13:52:51.6816|Error|Ping PLC failed, IP :192.168.3.100:9999...(MainWindow.xaml.cs:314)|
2021-01-06 13:53:56.6809|Error|Ping PLC failed, IP :192.168.3.100:9999...(MainWindow.xaml.cs:314)|
2021-01-06 14:02:52.6816|Error|Ping PLC failed, IP :192.168.3.100:9999...(MainWindow.xaml.cs:314)|
2021-01-06 14:17:56.1812|Error|Ping PLC failed, IP :192.168.3.100:9999...(MainWindow.xaml.cs:314)|
2021-01-06 14:18:02.6928|Info|Moving TOP Axis, Position Name : FOV 1,  X = 14414, Y = 24058(AutoAdjustFOVWindow.xaml.cs:174)|
2021-01-06 14:18:04.9338|Error|startIndex cannot be larger than length of string.
Parameter name: startIndex(SLMP.cs:302)|
2021-01-06 14:18:06.5774|Error|startIndex cannot be larger than length of string.
Parameter name: startIndex(SLMP.cs:302)|
2021-01-06 14:18:08.7396|Error|startIndex cannot be larger than length of string.
Parameter name: startIndex(SLMP.cs:302)|
2021-01-06 14:18:10.3912|Error|startIndex cannot be larger than length of string.
Parameter name: startIndex(SLMP.cs:302)|
2021-01-06 14:18:12.5624|Error|startIndex cannot be larger than length of string.
Parameter name: startIndex(SLMP.cs:302)|
2021-01-06 14:18:14.2200|Error|startIndex cannot be larger than length of string.
Parameter name: startIndex(SLMP.cs:302)|
2021-01-06 14:18:16.3921|Error|startIndex cannot be larger than length of string.
Parameter name: startIndex(SLMP.cs:302)|
2021-01-06 14:18:18.0218|Error|startIndex cannot be larger than length of string.
Parameter name: startIndex(SLMP.cs:302)|
2021-01-06 14:18:20.1481|Error|startIndex cannot be larger than length of string.
Parameter name: startIndex(SLMP.cs:302)|
2021-01-06 14:18:21.7598|Error|startIndex cannot be larger than length of string.
Parameter name: startIndex(SLMP.cs:302)|
2021-01-06 14:18:21.7598|Info|Cant Capture image in FOV : 1(AutoAdjustFOVWindow.xaml.cs:200)|
2021-01-06 14:22:07.6823|Error|Ping PLC failed, IP :192.168.3.100:9999...(MainWindow.xaml.cs:314)|
2021-01-06 14:22:47.1810|Error|Ping PLC failed, IP :192.168.3.100:9999...(MainWindow.xaml.cs:314)|
2021-01-06 14:22:53.9788|Info|Moving TOP Axis, Position Name : FOV 10,  X = 12757, Y = 31835(AutoAdjustFOVWindow.xaml.cs:181)|
2021-01-06 14:23:30.6846|Error|Ping PLC failed, IP :192.168.3.100:9999...(MainWindow.xaml.cs:314)|
2021-01-06 14:23:40.6290|Info|Moving TOP Axis, Position Name : FOV 10,  X = 12757, Y = 31835(AutoAdjustFOVWindow.xaml.cs:181)|
2021-01-06 14:24:10.6812|Error|Ping PLC failed, IP :192.168.3.100:9999...(MainWindow.xaml.cs:314)|
2021-01-06 14:24:19.2443|Info|Moving TOP Axis, Position Name : FOV 10,  X = 12757, Y = 31835(AutoAdjustFOVWindow.xaml.cs:181)|
2021-01-06 14:26:35.6852|Error|Ping PLC failed, IP :192.168.3.100:9999...(MainWindow.xaml.cs:314)|
2021-01-06 14:26:48.4201|Info|Moving TOP Axis, Position Name : FOV 10,  X = 12757, Y = 31835(AutoAdjustFOVWindow.xaml.cs:181)|
2021-01-06 14:28:45.6814|Error|Ping PLC failed, IP :192.168.3.100:9999...(MainWindow.xaml.cs:314)|
2021-01-06 14:28:51.9008|Info|Moving TOP Axis, Position Name : FOV 10,  X = 12757, Y = 31835(AutoAdjustFOVWindow.xaml.cs:181)|
2021-01-06 14:29:30.1812|Error|Ping PLC failed, IP :192.168.3.100:9999...(MainWindow.xaml.cs:314)|
2021-01-06 14:29:37.8357|Info|Moving TOP Axis, Position Name : FOV 10,  X = 12757, Y = 31835(AutoAdjustFOVWindow.xaml.cs:181)|
2021-01-06 14:30:42.6832|Error|Ping PLC failed, IP :192.168.3.100:9999...(MainWindow.xaml.cs:314)|
2021-01-06 14:30:51.8846|Info|Moving TOP Axis, Position Name : FOV 10,  X = 12757, Y = 31835(AutoAdjustFOVWindow.xaml.cs:181)|
2021-01-06 14:31:48.6819|Error|Ping PLC failed, IP :192.168.3.100:9999...(MainWindow.xaml.cs:314)|
2021-01-06 14:32:00.7905|Info|Moving TOP Axis, Position Name : FOV 10,  X = 12757, Y = 31835(AutoAdjustFOVWindow.xaml.cs:181)|
2021-01-06 14:32:53.6803|Error|Ping PLC failed, IP :192.168.3.100:9999...(MainWindow.xaml.cs:314)|
2021-01-06 14:33:58.6811|Error|Ping PLC failed, IP :192.168.3.100:9999...(MainWindow.xaml.cs:314)|
2021-01-06 14:35:45.6833|Error|Ping PLC failed, IP :192.168.3.100:9999...(MainWindow.xaml.cs:314)|
2021-01-06 14:36:05.2728|Info|Moving TOP Axis, Position Name : FOV 10,  X = 12741, Y = 31449(AutoAdjustFOVWindow.xaml.cs:181)|
2021-01-06 14:36:54.1820|Error|Ping PLC failed, IP :192.168.3.100:9999...(MainWindow.xaml.cs:314)|
2021-01-06 14:37:05.2623|Info|Moving TOP Axis, Position Name : FOV 10,  X = 12741, Y = 31449(AutoAdjustFOVWindow.xaml.cs:181)|
2021-01-06 14:40:20.6836|Error|Ping PLC failed, IP :192.168.3.100:9999...(MainWindow.xaml.cs:314)|
2021-01-06 14:44:07.1807|Error|Ping PLC failed, IP :192.168.3.100:9999...(MainWindow.xaml.cs:314)|
2021-01-06 14:46:33.6389|Info|Moving TOP Axis, Position Name : FOV 10,  X = 11693, Y = 9700(AutoAdjustFOVWindow.xaml.cs:181)|
2021-01-06 14:57:42.3308|Error|Ping PLC failed, IP :192.168.3.100:9999...(MainWindow.xaml.cs:314)|
2021-01-06 14:57:47.0202|Info|Moving TOP Axis, Position Name : FOV 10,  X = 11693, Y = 9700(AutoAdjustFOVWindow.xaml.cs:172)|
2021-01-06 14:59:04.6814|Error|Ping PLC failed, IP :192.168.3.100:9999...(MainWindow.xaml.cs:314)|
2021-01-06 14:59:14.1889|Info|Moving TOP Axis, Position Name : FOV 10,  X = 11693, Y = 9700(AutoAdjustFOVWindow.xaml.cs:172)|
2021-01-06 15:04:50.6829|Error|Ping PLC failed, IP :192.168.3.100:9999...(MainWindow.xaml.cs:314)|
2021-01-06 15:04:54.5794|Info|Moving TOP Axis, Position Name : FOV 10,  X = 11693, Y = 9700(AutoAdjustFOVWindow.xaml.cs:172)|
2021-01-06 15:05:12.1810|Error|Ping PLC failed, IP :192.168.3.100:9999...(MainWindow.xaml.cs:314)|
2021-01-06 15:05:18.3405|Info|Moving TOP Axis, Position Name : FOV 10,  X = 11693, Y = 9700(AutoAdjustFOVWindow.xaml.cs:172)|
2021-01-06 15:05:49.1811|Error|Ping PLC failed, IP :192.168.3.100:9999...(MainWindow.xaml.cs:314)|
2021-01-06 15:05:58.1631|Info|Moving TOP Axis, Position Name : FOV 10,  X = 11693, Y = 9700(AutoAdjustFOVWindow.xaml.cs:172)|
2021-01-06 15:06:25.6707|Error|Ping PLC failed, IP :192.168.3.100:9999...(MainWindow.xaml.cs:314)|
2021-01-06 15:06:29.2681|Info|Moving TOP Axis, Position Name : FOV 10,  X = 11693, Y = 9700(AutoAdjustFOVWindow.xaml.cs:172)|
2021-01-06 15:07:11.1819|Error|Ping PLC failed, IP :192.168.3.100:9999...(MainWindow.xaml.cs:314)|
2021-01-06 15:07:24.4036|Info|Moving TOP Axis, Position Name : FOV 10,  X = 11693, Y = 9700(AutoAdjustFOVWindow.xaml.cs:172)|
2021-01-06 15:07:48.1809|Error|Ping PLC failed, IP :192.168.3.100:9999...(MainWindow.xaml.cs:314)|
2021-01-06 15:07:58.7157|Info|Moving TOP Axis, Position Name : FOV 10,  X = 11693, Y = 9700(AutoAdjustFOVWindow.xaml.cs:172)|
2021-01-06 15:08:29.1822|Error|Ping PLC failed, IP :192.168.3.100:9999...(MainWindow.xaml.cs:314)|
2021-01-06 15:08:36.4279|Info|Moving TOP Axis, Position Name : FOV 10,  X = 11693, Y = 9700(AutoAdjustFOVWindow.xaml.cs:172)|
2021-01-06 15:12:48.3062|Error|Ping PLC failed, IP :192.168.3.100:9999...(MainWindow.xaml.cs:314)|
2021-01-06 15:13:11.6817|Error|Ping PLC failed, IP :192.168.3.100:9999...(MainWindow.xaml.cs:314)|
2021-01-06 15:13:49.6810|Error|Ping PLC failed, IP :192.168.3.100:9999...(MainWindow.xaml.cs:314)|
2021-01-06 15:13:56.7092|Info|Moving TOP Axis, Position Name : FOV 1,  X = 13321, Y = 1923(AutoAdjustFOVWindow.xaml.cs:173)|
2021-01-06 15:13:57.1571|Info|Moving TOP Axis, Position Name : FOV 2,  X = 10821, Y = 2302(AutoAdjustFOVWindow.xaml.cs:173)|
2021-01-06 15:13:57.5909|Info|Moving TOP Axis, Position Name : FOV 3,  X = 6110, Y = 2360(AutoAdjustFOVWindow.xaml.cs:173)|
2021-01-06 15:13:57.8572|Info|Moving TOP Axis, Position Name : FOV 4,  X = 1677, Y = 2493(AutoAdjustFOVWindow.xaml.cs:173)|
2021-01-06 15:13:58.2452|Info|Moving TOP Axis, Position Name : FOV 5,  X = 2294, Y = 6381(AutoAdjustFOVWindow.xaml.cs:173)|
2021-01-06 15:13:58.6570|Info|Moving TOP Axis, Position Name : FOV 6,  X = 7208, Y = 6248(AutoAdjustFOVWindow.xaml.cs:173)|
2021-01-06 15:13:58.9662|Info|Moving TOP Axis, Position Name : FOV 7,  X = 11509, Y = 5811(AutoAdjustFOVWindow.xaml.cs:173)|
2021-01-06 15:13:59.2654|Info|Moving TOP Axis, Position Name : FOV 8,  X = 13321, Y = 5811(AutoAdjustFOVWindow.xaml.cs:173)|
2021-01-06 15:13:59.6065|Info|Moving TOP Axis, Position Name : FOV 9,  X = 13321, Y = 9700(AutoAdjustFOVWindow.xaml.cs:173)|
2021-01-06 15:13:59.9875|Info|Moving TOP Axis, Position Name : FOV 10,  X = 11693, Y = 9700(AutoAdjustFOVWindow.xaml.cs:173)|
2021-01-06 15:14:00.4033|Info|Moving TOP Axis, Position Name : FOV 11,  X = 7166, Y = 9793(AutoAdjustFOVWindow.xaml.cs:173)|
2021-01-06 15:14:00.7125|Info|Moving TOP Axis, Position Name : FOV 12,  X = 1722, Y = 9962(AutoAdjustFOVWindow.xaml.cs:173)|
2021-01-06 15:14:01.1813|Info|Moving TOP Axis, Position Name : FOV 13,  X = 1506, Y = 13850(AutoAdjustFOVWindow.xaml.cs:173)|
2021-01-06 15:14:01.6251|Info|Moving TOP Axis, Position Name : FOV 14,  X = 6607, Y = 13572(AutoAdjustFOVWindow.xaml.cs:173)|
2021-01-06 15:14:01.9153|Info|Moving TOP Axis, Position Name : FOV 15,  X = 10914, Y = 13523(AutoAdjustFOVWindow.xaml.cs:173)|
2021-01-06 15:14:02.2364|Info|Moving TOP Axis, Position Name : FOV 16,  X = 13321, Y = 13546(AutoAdjustFOVWindow.xaml.cs:173)|
2021-01-06 15:14:02.6125|Info|Moving TOP Axis, Position Name : FOV 17,  X = 13321, Y = 16165(AutoAdjustFOVWindow.xaml.cs:173)|
2021-01-06 15:14:03.0423|Info|Moving TOP Axis, Position Name : FOV 18,  X = 11228, Y = 16165(AutoAdjustFOVWindow.xaml.cs:173)|
2021-01-06 15:14:03.4153|Info|Moving TOP Axis, Position Name : FOV 19,  X = 6701, Y = 16165(AutoAdjustFOVWindow.xaml.cs:173)|
2021-01-06 15:14:03.7753|Info|Moving TOP Axis, Position Name : FOV 20,  X = 1548, Y = 16165(AutoAdjustFOVWindow.xaml.cs:173)|
2021-01-06 15:14:53.6824|Error|Ping PLC failed, IP :192.168.3.100:9999...(MainWindow.xaml.cs:314)|
2021-01-06 15:14:56.7662|Info|Moving TOP Axis, Position Name : FOV 1,  X = 13321, Y = 1923(AutoAdjustFOVWindow.xaml.cs:173)|
2021-01-06 15:15:26.6812|Error|Ping PLC failed, IP :192.168.3.100:9999...(MainWindow.xaml.cs:314)|
2021-01-06 15:15:30.7573|Info|Moving TOP Axis, Position Name : FOV 1,  X = 13321, Y = 1923(AutoAdjustFOVWindow.xaml.cs:173)|
2021-01-06 15:15:32.2375|Info|Moving TOP Axis, Position Name : FOV 2,  X = 10821, Y = 2302(AutoAdjustFOVWindow.xaml.cs:173)|
2021-01-06 15:15:33.6516|Info|Moving TOP Axis, Position Name : FOV 3,  X = 6110, Y = 2360(AutoAdjustFOVWindow.xaml.cs:173)|
2021-01-06 15:15:34.8975|Info|Moving TOP Axis, Position Name : FOV 4,  X = 1677, Y = 2493(AutoAdjustFOVWindow.xaml.cs:173)|
2021-01-06 15:15:36.2729|Info|Moving TOP Axis, Position Name : FOV 5,  X = 2294, Y = 6381(AutoAdjustFOVWindow.xaml.cs:173)|
2021-01-06 15:15:37.6481|Info|Moving TOP Axis, Position Name : FOV 6,  X = 7208, Y = 6248(AutoAdjustFOVWindow.xaml.cs:173)|
2021-01-06 15:15:38.9145|Info|Moving TOP Axis, Position Name : FOV 7,  X = 11509, Y = 5811(AutoAdjustFOVWindow.xaml.cs:173)|
2021-01-06 15:15:40.1883|Info|Moving TOP Axis, Position Name : FOV 8,  X = 13321, Y = 5811(AutoAdjustFOVWindow.xaml.cs:173)|
2021-01-06 15:15:41.4886|Info|Moving TOP Axis, Position Name : FOV 9,  X = 13321, Y = 9700(AutoAdjustFOVWindow.xaml.cs:173)|
2021-01-06 15:15:42.8410|Info|Moving TOP Axis, Position Name : FOV 10,  X = 11693, Y = 9700(AutoAdjustFOVWindow.xaml.cs:173)|
2021-01-06 15:15:44.1964|Info|Moving TOP Axis, Position Name : FOV 11,  X = 7166, Y = 9793(AutoAdjustFOVWindow.xaml.cs:173)|
2021-01-06 15:15:45.4732|Info|Moving TOP Axis, Position Name : FOV 12,  X = 1722, Y = 9962(AutoAdjustFOVWindow.xaml.cs:173)|
2021-01-06 15:15:46.9124|Info|Moving TOP Axis, Position Name : FOV 13,  X = 1506, Y = 13850(AutoAdjustFOVWindow.xaml.cs:173)|
2021-01-06 15:15:48.3516|Info|Moving TOP Axis, Position Name : FOV 14,  X = 6607, Y = 13572(AutoAdjustFOVWindow.xaml.cs:173)|
2021-01-06 15:15:49.6381|Info|Moving TOP Axis, Position Name : FOV 15,  X = 10914, Y = 13523(AutoAdjustFOVWindow.xaml.cs:173)|
2021-01-06 15:15:50.9543|Info|Moving TOP Axis, Position Name : FOV 16,  X = 13321, Y = 13546(AutoAdjustFOVWindow.xaml.cs:173)|
2021-01-06 15:15:52.3037|Info|Moving TOP Axis, Position Name : FOV 17,  X = 13321, Y = 16165(AutoAdjustFOVWindow.xaml.cs:173)|
2021-01-06 15:15:53.7132|Info|Moving TOP Axis, Position Name : FOV 18,  X = 11228, Y = 16165(AutoAdjustFOVWindow.xaml.cs:173)|
2021-01-06 15:15:55.0456|Info|Moving TOP Axis, Position Name : FOV 19,  X = 6701, Y = 16165(AutoAdjustFOVWindow.xaml.cs:173)|
2021-01-06 15:15:56.3771|Info|Moving TOP Axis, Position Name : FOV 20,  X = 1548, Y = 16165(AutoAdjustFOVWindow.xaml.cs:173)|
2021-01-06 15:19:57.6812|Error|Ping PLC failed, IP :192.168.3.100:9999...(MainWindow.xaml.cs:310)|
2021-01-06 15:43:58.8720|Info|Moving TOP Axis, Position Name : FOV 1,  X = 14396, Y = 24054(AutoAdjustFOVWindow.xaml.cs:173)|
2021-01-06 15:46:52.9851|Info|Moving TOP Axis, Position Name : FOV 1,  X = 14370, Y = 24055(AutoAdjustFOVWindow.xaml.cs:173)|
2021-01-06 15:47:16.9441|Info|Moving TOP Axis, Position Name : FOV 10,  X = 12742, Y = 31832(AutoAdjustFOVWindow.xaml.cs:173)|
2021-01-06 15:47:27.3016|Info|Moving TOP Axis, Position Name : FOV 16,  X = 14370, Y = 35678(AutoAdjustFOVWindow.xaml.cs:173)|
2021-01-06 15:47:34.0865|Info|Moving TOP Axis, Position Name : FOV 11,  X = 8215, Y = 31925(AutoAdjustFOVWindow.xaml.cs:173)|
2021-01-06 15:47:50.4536|Info|Moving TOP Axis, Position Name : FOV 6,  X = 8257, Y = 28380(AutoAdjustFOVWindow.xaml.cs:173)|
2021-01-06 15:54:34.9668|Info|Moving TOP Axis, Position Name : FOV 1,  X = 14370, Y = 24055(AutoAdjustFOVWindow.xaml.cs:173)|
2021-01-06 15:55:41.9731|Info|Moving TOP Axis, Position Name : FOV 1,  X = 14370, Y = 24055(AutoAdjustFOVWindow.xaml.cs:173)|
2021-01-06 15:59:49.7483|Info|Moving TOP Axis, Position Name : FOV 1,  X = 14370, Y = 24055(AutoAdjustFOVWindow.xaml.cs:173)|
2021-01-06 16:01:01.9099|Info|Moving TOP Axis, Position Name : FOV 1,  X = 14370, Y = 24055(AutoAdjustFOVWindow.xaml.cs:173)|
2021-01-06 16:01:13.9657|Info|Moving TOP Axis, Position Name : FOV 2,  X = 11870, Y = 24434(AutoAdjustFOVWindow.xaml.cs:173)|
2021-01-06 16:01:18.7413|Info|Moving TOP Axis, Position Name : FOV 4,  X = 2726, Y = 24625(AutoAdjustFOVWindow.xaml.cs:173)|
2021-01-06 16:01:23.6206|Info|Moving TOP Axis, Position Name : FOV 7,  X = 12558, Y = 27943(AutoAdjustFOVWindow.xaml.cs:173)|
2021-01-06 16:01:27.8533|Info|Moving TOP Axis, Position Name : FOV 10,  X = 12742, Y = 31832(AutoAdjustFOVWindow.xaml.cs:173)|
2021-01-06 16:01:34.9971|Info|Moving TOP Axis, Position Name : FOV 15,  X = 11963, Y = 35655(AutoAdjustFOVWindow.xaml.cs:173)|
2021-01-06 16:01:40.5972|Info|Moving TOP Axis, Position Name : FOV 20,  X = 2597, Y = 38297(AutoAdjustFOVWindow.xaml.cs:173)|
2021-01-06 16:02:41.9832|Info|Moving TOP Axis, Position Name : FOV 20,  X = 2597, Y = 38297(AutoAdjustFOVWindow.xaml.cs:173)|
2021-01-06 16:02:57.2454|Info|Moving TOP Axis, Position Name : FOV 19,  X = 7750, Y = 38297(AutoAdjustFOVWindow.xaml.cs:173)|
2021-01-06 16:03:04.4373|Info|Moving TOP Axis, Position Name : FOV 18,  X = 12277, Y = 38297(AutoAdjustFOVWindow.xaml.cs:173)|
2021-01-06 16:03:14.9003|Info|Moving TOP Axis, Position Name : FOV 17,  X = 14370, Y = 38297(AutoAdjustFOVWindow.xaml.cs:173)|
2021-01-06 16:03:21.3012|Info|Moving TOP Axis, Position Name : FOV 16,  X = 14370, Y = 35678(AutoAdjustFOVWindow.xaml.cs:173)|
2021-01-06 16:09:25.4102|Info|Current Pulse conveyor 1543379 => 1543379(HardwareWindow.xaml.cs:719)|
2021-01-06 16:10:13.0846|Info|Moving TOP Axis, Position Name : FOV 1,  X = 14380, Y = 24061(AutoAdjustFOVWindow.xaml.cs:173)|
2021-01-06 16:11:35.9505|Info|Current Pulse conveyor 1543379 => 1543379(HardwareWindow.xaml.cs:719)|
2021-01-06 16:12:31.0280|Info|Moving TOP Axis, Position Name : FOV 1,  X = 14367, Y = 24061(AutoAdjustFOVWindow.xaml.cs:173)|
2021-01-06 16:12:40.6263|Info|Moving TOP Axis, Position Name : FOV 2,  X = 11867, Y = 24440(AutoAdjustFOVWindow.xaml.cs:173)|
2021-01-06 16:12:44.8375|Info|Moving TOP Axis, Position Name : FOV 3,  X = 7156, Y = 24498(AutoAdjustFOVWindow.xaml.cs:173)|
2021-01-06 16:12:49.8043|Info|Moving TOP Axis, Position Name : FOV 4,  X = 2723, Y = 24631(AutoAdjustFOVWindow.xaml.cs:173)|
2021-01-06 16:12:54.1878|Info|Moving TOP Axis, Position Name : FOV 5,  X = 3340, Y = 28519(AutoAdjustFOVWindow.xaml.cs:173)|
2021-01-06 16:12:57.8836|Info|Moving TOP Axis, Position Name : FOV 6,  X = 8254, Y = 28386(AutoAdjustFOVWindow.xaml.cs:173)|
2021-01-06 16:13:02.1723|Info|Moving TOP Axis, Position Name : FOV 7,  X = 12555, Y = 27949(AutoAdjustFOVWindow.xaml.cs:173)|
2021-01-06 16:13:06.0573|Info|Moving TOP Axis, Position Name : FOV 8,  X = 14367, Y = 27949(AutoAdjustFOVWindow.xaml.cs:173)|
2021-01-06 16:13:10.4674|Info|Moving TOP Axis, Position Name : FOV 9,  X = 14367, Y = 31838(AutoAdjustFOVWindow.xaml.cs:173)|
2021-01-06 16:13:15.0197|Info|Moving TOP Axis, Position Name : FOV 10,  X = 12739, Y = 31838(AutoAdjustFOVWindow.xaml.cs:173)|
2021-01-06 16:13:19.1240|Info|Moving TOP Axis, Position Name : FOV 11,  X = 8212, Y = 31931(AutoAdjustFOVWindow.xaml.cs:173)|
2021-01-06 16:13:22.4676|Info|Moving TOP Axis, Position Name : FOV 12,  X = 2768, Y = 32100(AutoAdjustFOVWindow.xaml.cs:173)|
2021-01-06 16:13:26.5001|Info|Moving TOP Axis, Position Name : FOV 13,  X = 2552, Y = 35988(AutoAdjustFOVWindow.xaml.cs:173)|
2021-01-06 16:13:31.0365|Info|Moving TOP Axis, Position Name : FOV 14,  X = 7653, Y = 35710(AutoAdjustFOVWindow.xaml.cs:173)|
2021-01-06 16:13:34.8836|Info|Moving TOP Axis, Position Name : FOV 15,  X = 11960, Y = 35661(AutoAdjustFOVWindow.xaml.cs:173)|
2021-01-06 16:13:39.0395|Info|Moving TOP Axis, Position Name : FOV 1,  X = 14367, Y = 24061(AutoAdjustFOVWindow.xaml.cs:173)|
2021-01-06 16:13:41.4168|Info|Moving TOP Axis, Position Name : FOV 2,  X = 11867, Y = 24440(AutoAdjustFOVWindow.xaml.cs:173)|
2021-01-06 16:13:43.6304|Info|Moving TOP Axis, Position Name : FOV 3,  X = 7156, Y = 24498(AutoAdjustFOVWindow.xaml.cs:173)|
2021-01-06 16:13:45.7003|Info|Moving TOP Axis, Position Name : FOV 4,  X = 2723, Y = 24631(AutoAdjustFOVWindow.xaml.cs:173)|
2021-01-06 16:13:47.7619|Info|Moving TOP Axis, Position Name : FOV 5,  X = 3340, Y = 28519(AutoAdjustFOVWindow.xaml.cs:173)|
2021-01-06 16:13:49.8352|Info|Moving TOP Axis, Position Name : FOV 6,  X = 8254, Y = 28386(AutoAdjustFOVWindow.xaml.cs:173)|
2021-01-06 16:13:51.9005|Info|Moving TOP Axis, Position Name : FOV 7,  X = 12555, Y = 27949(AutoAdjustFOVWindow.xaml.cs:173)|
2021-01-06 16:13:53.9903|Info|Moving TOP Axis, Position Name : FOV 8,  X = 14367, Y = 27949(AutoAdjustFOVWindow.xaml.cs:173)|
2021-01-06 16:13:56.0680|Info|Moving TOP Axis, Position Name : FOV 9,  X = 14367, Y = 31838(AutoAdjustFOVWindow.xaml.cs:173)|
2021-01-06 16:13:58.1748|Info|Moving TOP Axis, Position Name : FOV 10,  X = 12739, Y = 31838(AutoAdjustFOVWindow.xaml.cs:173)|
2021-01-06 16:14:00.2842|Info|Moving TOP Axis, Position Name : FOV 11,  X = 8212, Y = 31931(AutoAdjustFOVWindow.xaml.cs:173)|
2021-01-06 16:14:02.3679|Info|Moving TOP Axis, Position Name : FOV 12,  X = 2768, Y = 32100(AutoAdjustFOVWindow.xaml.cs:173)|
2021-01-06 16:14:04.5218|Info|Moving TOP Axis, Position Name : FOV 13,  X = 2552, Y = 35988(AutoAdjustFOVWindow.xaml.cs:173)|
2021-01-06 16:14:06.6857|Info|Moving TOP Axis, Position Name : FOV 14,  X = 7653, Y = 35710(AutoAdjustFOVWindow.xaml.cs:173)|
2021-01-06 16:14:08.7652|Info|Moving TOP Axis, Position Name : FOV 15,  X = 11960, Y = 35661(AutoAdjustFOVWindow.xaml.cs:173)|
2021-01-06 16:14:10.8674|Info|Moving TOP Axis, Position Name : FOV 16,  X = 14367, Y = 35684(AutoAdjustFOVWindow.xaml.cs:173)|
2021-01-06 16:14:13.1082|Info|Moving TOP Axis, Position Name : FOV 17,  X = 14367, Y = 38303(AutoAdjustFOVWindow.xaml.cs:173)|
2021-01-06 16:14:15.2926|Info|Moving TOP Axis, Position Name : FOV 18,  X = 12274, Y = 38303(AutoAdjustFOVWindow.xaml.cs:173)|
2021-01-06 16:14:17.3998|Info|Moving TOP Axis, Position Name : FOV 19,  X = 7747, Y = 38303(AutoAdjustFOVWindow.xaml.cs:173)|
2021-01-06 16:14:19.5898|Info|Moving TOP Axis, Position Name : FOV 20,  X = 2594, Y = 38303(AutoAdjustFOVWindow.xaml.cs:173)|
2021-01-06 16:15:19.7311|Info|Moving TOP Axis, Position Name : Mark 1,  X = 1046, Y = 22138(MainWindow.xaml.cs:112)|
2021-01-06 16:15:21.3718|Info|Moving TOP Axis, Position Name : Mark 2,  X = 14438, Y = 22138(MainWindow.xaml.cs:112)|
2021-01-06 16:15:22.7079|Info|Moving TOP Axis, Position Name : FOV 1,  X = 14367, Y = 24061(MainWindow.xaml.cs:165)|
2021-01-06 16:15:23.6036|Info|Moving TOP Axis, Position Name : FOV 2,  X = 11867, Y = 24440(MainWindow.xaml.cs:165)|
2021-01-06 16:15:24.5548|Info|Moving TOP Axis, Position Name : FOV 3,  X = 7156, Y = 24498(MainWindow.xaml.cs:165)|
2021-01-06 16:15:25.5369|Info|Moving TOP Axis, Position Name : FOV 4,  X = 2723, Y = 24631(MainWindow.xaml.cs:165)|
2021-01-06 16:15:26.5575|Info|Moving TOP Axis, Position Name : FOV 5,  X = 3340, Y = 28519(MainWindow.xaml.cs:165)|
2021-01-06 16:15:27.5936|Info|Moving TOP Axis, Position Name : FOV 6,  X = 8254, Y = 28386(MainWindow.xaml.cs:165)|
2021-01-06 16:15:28.5901|Info|Moving TOP Axis, Position Name : FOV 7,  X = 12555, Y = 27949(MainWindow.xaml.cs:165)|
2021-01-06 16:15:29.5810|Info|Moving TOP Axis, Position Name : FOV 8,  X = 14367, Y = 27949(MainWindow.xaml.cs:165)|
2021-01-06 16:15:30.5286|Info|Moving TOP Axis, Position Name : FOV 9,  X = 14367, Y = 31838(MainWindow.xaml.cs:165)|
2021-01-06 16:15:31.4837|Info|Moving TOP Axis, Position Name : FOV 10,  X = 12739, Y = 31838(MainWindow.xaml.cs:165)|
2021-01-06 16:15:32.4191|Info|Moving TOP Axis, Position Name : FOV 11,  X = 8212, Y = 31931(MainWindow.xaml.cs:165)|
2021-01-06 16:15:33.4336|Info|Moving TOP Axis, Position Name : FOV 12,  X = 2768, Y = 32100(MainWindow.xaml.cs:165)|
2021-01-06 16:15:34.4633|Info|Moving TOP Axis, Position Name : FOV 13,  X = 2552, Y = 35988(MainWindow.xaml.cs:165)|
2021-01-06 16:15:35.4462|Info|Moving TOP Axis, Position Name : FOV 14,  X = 7653, Y = 35710(MainWindow.xaml.cs:165)|
2021-01-06 16:15:36.4299|Info|Moving TOP Axis, Position Name : FOV 15,  X = 11960, Y = 35661(MainWindow.xaml.cs:165)|
2021-01-06 16:15:37.5085|Info|Moving TOP Axis, Position Name : FOV 16,  X = 14367, Y = 35684(MainWindow.xaml.cs:165)|
2021-01-06 16:15:38.5003|Info|Moving TOP Axis, Position Name : FOV 17,  X = 14367, Y = 38303(MainWindow.xaml.cs:165)|
2021-01-06 16:15:39.4500|Info|Moving TOP Axis, Position Name : FOV 18,  X = 12274, Y = 38303(MainWindow.xaml.cs:165)|
2021-01-06 16:15:40.3506|Info|Moving TOP Axis, Position Name : FOV 19,  X = 7747, Y = 38303(MainWindow.xaml.cs:165)|
2021-01-06 16:15:41.3384|Info|Moving TOP Axis, Position Name : FOV 20,  X = 2594, Y = 38303(MainWindow.xaml.cs:165)|
2021-01-06 16:17:06.2889|Info|Moving TOP Axis, Position Name : Mark 1,  X = 1046, Y = 22138(MainWindow.xaml.cs:112)|
2021-01-06 16:17:07.5156|Info|Moving TOP Axis, Position Name : Mark 2,  X = 14438, Y = 22138(MainWindow.xaml.cs:112)|
2021-01-06 16:17:08.8335|Info|Moving TOP Axis, Position Name : FOV 1,  X = 14367, Y = 24061(MainWindow.xaml.cs:165)|
2021-01-06 16:17:09.7229|Info|Moving TOP Axis, Position Name : FOV 2,  X = 11867, Y = 24440(MainWindow.xaml.cs:165)|
2021-01-06 16:17:10.6917|Info|Moving TOP Axis, Position Name : FOV 3,  X = 7156, Y = 24498(MainWindow.xaml.cs:165)|
2021-01-06 16:17:11.7320|Info|Moving TOP Axis, Position Name : FOV 4,  X = 2723, Y = 24631(MainWindow.xaml.cs:165)|
2021-01-06 16:17:12.7435|Info|Moving TOP Axis, Position Name : FOV 5,  X = 3340, Y = 28519(MainWindow.xaml.cs:165)|
2021-01-06 16:17:13.6875|Info|Moving TOP Axis, Position Name : FOV 6,  X = 8254, Y = 28386(MainWindow.xaml.cs:165)|
2021-01-06 16:17:14.7043|Info|Moving TOP Axis, Position Name : FOV 7,  X = 12555, Y = 27949(MainWindow.xaml.cs:165)|
2021-01-06 16:17:15.6860|Info|Moving TOP Axis, Position Name : FOV 8,  X = 14367, Y = 27949(MainWindow.xaml.cs:165)|
2021-01-06 16:17:16.5840|Info|Moving TOP Axis, Position Name : FOV 9,  X = 14367, Y = 31838(MainWindow.xaml.cs:165)|
2021-01-06 16:17:17.5925|Info|Moving TOP Axis, Position Name : FOV 10,  X = 12739, Y = 31838(MainWindow.xaml.cs:165)|
2021-01-06 16:17:18.4998|Info|Moving TOP Axis, Position Name : FOV 11,  X = 8212, Y = 31931(MainWindow.xaml.cs:165)|
2021-01-06 16:17:19.4890|Info|Moving TOP Axis, Position Name : FOV 12,  X = 2768, Y = 32100(MainWindow.xaml.cs:165)|
2021-01-06 16:17:20.4688|Info|Moving TOP Axis, Position Name : FOV 13,  X = 2552, Y = 35988(MainWindow.xaml.cs:165)|
2021-01-06 16:17:21.4441|Info|Moving TOP Axis, Position Name : FOV 14,  X = 7653, Y = 35710(MainWindow.xaml.cs:165)|
2021-01-06 16:17:22.4814|Info|Moving TOP Axis, Position Name : FOV 15,  X = 11960, Y = 35661(MainWindow.xaml.cs:165)|
2021-01-06 16:17:23.4980|Info|Moving TOP Axis, Position Name : FOV 16,  X = 14367, Y = 35684(MainWindow.xaml.cs:165)|
2021-01-06 16:17:24.3999|Info|Moving TOP Axis, Position Name : FOV 17,  X = 14367, Y = 38303(MainWindow.xaml.cs:165)|
2021-01-06 16:17:25.3689|Info|Moving TOP Axis, Position Name : FOV 18,  X = 12274, Y = 38303(MainWindow.xaml.cs:165)|
2021-01-06 16:17:26.2705|Info|Moving TOP Axis, Position Name : FOV 19,  X = 7747, Y = 38303(MainWindow.xaml.cs:165)|
2021-01-06 16:17:27.2460|Info|Moving TOP Axis, Position Name : FOV 20,  X = 2594, Y = 38303(MainWindow.xaml.cs:165)|
2021-01-06 16:17:41.1143|Info|Moving TOP Axis, Position Name : Mark 1,  X = 1046, Y = 22138(MainWindow.xaml.cs:112)|
2021-01-06 16:17:42.3822|Info|Moving TOP Axis, Position Name : Mark 2,  X = 14438, Y = 22138(MainWindow.xaml.cs:112)|
2021-01-06 16:17:43.6915|Info|Moving TOP Axis, Position Name : FOV 1,  X = 14367, Y = 24061(MainWindow.xaml.cs:165)|
2021-01-06 16:17:44.6016|Info|Moving TOP Axis, Position Name : FOV 2,  X = 11867, Y = 24440(MainWindow.xaml.cs:165)|
2021-01-06 16:17:45.5707|Info|Moving TOP Axis, Position Name : FOV 3,  X = 7156, Y = 24498(MainWindow.xaml.cs:165)|
2021-01-06 16:17:46.5594|Info|Moving TOP Axis, Position Name : FOV 4,  X = 2723, Y = 24631(MainWindow.xaml.cs:165)|
2021-01-06 16:17:47.5583|Info|Moving TOP Axis, Position Name : FOV 5,  X = 3340, Y = 28519(MainWindow.xaml.cs:165)|
2021-01-06 16:17:48.4978|Info|Moving TOP Axis, Position Name : FOV 6,  X = 8254, Y = 28386(MainWindow.xaml.cs:165)|
2021-01-06 16:17:49.5341|Info|Moving TOP Axis, Position Name : FOV 7,  X = 12555, Y = 27949(MainWindow.xaml.cs:165)|
2021-01-06 16:17:50.5717|Info|Moving TOP Axis, Position Name : FOV 8,  X = 14367, Y = 27949(MainWindow.xaml.cs:165)|
2021-01-06 16:17:51.4836|Info|Moving TOP Axis, Position Name : FOV 9,  X = 14367, Y = 31838(MainWindow.xaml.cs:165)|
2021-01-06 16:17:52.5007|Info|Moving TOP Axis, Position Name : FOV 10,  X = 12739, Y = 31838(MainWindow.xaml.cs:165)|
2021-01-06 16:17:53.4355|Info|Moving TOP Axis, Position Name : FOV 11,  X = 8212, Y = 31931(MainWindow.xaml.cs:165)|
2021-01-06 16:17:54.4333|Info|Moving TOP Axis, Position Name : FOV 12,  X = 2768, Y = 32100(MainWindow.xaml.cs:165)|
2021-01-06 16:17:55.4904|Info|Moving TOP Axis, Position Name : FOV 13,  X = 2552, Y = 35988(MainWindow.xaml.cs:165)|
2021-01-06 16:17:56.4960|Info|Moving TOP Axis, Position Name : FOV 14,  X = 7653, Y = 35710(MainWindow.xaml.cs:165)|
2021-01-06 16:17:57.4683|Info|Moving TOP Axis, Position Name : FOV 15,  X = 11960, Y = 35661(MainWindow.xaml.cs:165)|
2021-01-06 16:17:58.4422|Info|Moving TOP Axis, Position Name : FOV 16,  X = 14367, Y = 35684(MainWindow.xaml.cs:165)|
2021-01-06 16:17:59.4078|Info|Moving TOP Axis, Position Name : FOV 17,  X = 14367, Y = 38303(MainWindow.xaml.cs:165)|
2021-01-06 16:18:00.3224|Info|Moving TOP Axis, Position Name : FOV 18,  X = 12274, Y = 38303(MainWindow.xaml.cs:165)|
2021-01-06 16:18:01.2401|Info|Moving TOP Axis, Position Name : FOV 19,  X = 7747, Y = 38303(MainWindow.xaml.cs:165)|
2021-01-06 16:18:02.2492|Info|Moving TOP Axis, Position Name : FOV 20,  X = 2594, Y = 38303(MainWindow.xaml.cs:165)|
2021-01-06 17:09:23.2052|Error|Ping PLC failed, IP :192.168.3.100:9999...(MainWindow.xaml.cs:310)|
2021-01-06 17:10:24.4045|Error|Ping PLC failed, IP :192.168.3.100:9999...(MainWindow.xaml.cs:310)|
2021-01-06 17:11:24.4439|Error|Ping PLC failed, IP :192.168.3.100:9999...(MainWindow.xaml.cs:310)|
2021-01-06 17:12:24.5949|Error|Ping PLC failed, IP :192.168.3.100:9999...(MainWindow.xaml.cs:310)|
2021-01-06 17:13:18.0898|Error|Ping PLC failed, IP :192.168.3.100:9999...(MainWindow.xaml.cs:310)|
2021-01-06 17:14:19.6042|Error|Ping PLC failed, IP :192.168.3.100:9999...(MainWindow.xaml.cs:310)|
2021-01-06 17:15:19.6985|Error|Ping PLC failed, IP :192.168.3.100:9999...(MainWindow.xaml.cs:310)|
2021-01-06 17:16:19.8245|Error|Ping PLC failed, IP :192.168.3.100:9999...(MainWindow.xaml.cs:310)|
2021-01-06 17:17:19.8450|Error|Ping PLC failed, IP :192.168.3.100:9999...(MainWindow.xaml.cs:310)|
2021-01-06 17:18:19.8604|Error|Ping PLC failed, IP :192.168.3.100:9999...(MainWindow.xaml.cs:310)|
2021-01-06 17:19:19.8769|Error|Ping PLC failed, IP :192.168.3.100:9999...(MainWindow.xaml.cs:310)|
2021-01-06 17:20:20.0579|Error|Ping PLC failed, IP :192.168.3.100:9999...(MainWindow.xaml.cs:310)|
2021-01-06 17:21:20.0886|Error|Ping PLC failed, IP :192.168.3.100:9999...(MainWindow.xaml.cs:310)|
2021-01-06 17:21:28.8329|Error|Ping PLC failed, IP :192.168.3.100:9999...(MainWindow.xaml.cs:310)|
2021-01-06 17:24:55.6924|Error|Ping PLC failed, IP :192.168.3.100:9999...(MainWindow.xaml.cs:310)|
2021-01-06 20:19:05.7725|Error|Invalid URI: The URI scheme is not valid.(ServiceComm.cs:63)|
2021-01-06 20:19:05.8363|Error|Ping PLC failed, IP :192.168.3.100:9999...(MainWindow.xaml.cs:323)|
2021-01-06 20:19:52.7664|Error|Invalid URI: The URI scheme is not valid.(ServiceComm.cs:63)|
2021-01-06 20:19:52.8183|Error|Ping PLC failed, IP :192.168.3.100:9999...(MainWindow.xaml.cs:323)|
2021-01-06 20:20:12.4368|Error|Invalid URI: The URI scheme is not valid.(ServiceComm.cs:63)|
2021-01-06 20:20:14.7935|Error|Ping PLC failed, IP :192.168.3.100:9999...(MainWindow.xaml.cs:323)|
2021-01-06 20:20:55.3988|Error|The remote server returned an error: (500) Internal Server Error.(ServiceComm.cs:123)|
2021-01-06 20:20:55.4517|Error|Ping PLC failed, IP :192.168.3.100:9999...(MainWindow.xaml.cs:323)|
2021-01-06 20:22:12.9055|Error|Unable to connect to the remote server(ServiceComm.cs:115)|
2021-01-06 20:22:12.9613|Error|Ping PLC failed, IP :192.168.3.100:9999...(MainWindow.xaml.cs:323)|
2021-01-06 20:24:35.1070|Error|The remote server returned an error: (500) Internal Server Error.(ServiceComm.cs:123)|
2021-01-06 20:24:38.6807|Error|Ping PLC failed, IP :192.168.3.100:9999...(MainWindow.xaml.cs:323)|
2021-01-06 20:26:32.7961|Error|The remote server returned an error: (500) Internal Server Error.(ServiceComm.cs:123)|
2021-01-06 20:26:32.8480|Error|Ping PLC failed, IP :192.168.3.100:9999...(MainWindow.xaml.cs:323)|
2021-01-06 20:27:15.5572|Error|Unexpected character encountered while parsing value: S. Path '', line 0, position 0.(ServiceComm.cs:128)|
2021-01-06 20:27:15.6130|Error|Ping PLC failed, IP :192.168.3.100:9999...(MainWindow.xaml.cs:323)|
2021-01-06 20:32:36.2392|Error|Unable to connect to the remote server(ServiceComm.cs:115)|
2021-01-06 20:32:38.5540|Error|Ping PLC failed, IP :192.168.3.100:9999...(MainWindow.xaml.cs:323)|
2021-01-06 20:32:47.3794|Error|Unexpected character encountered while parsing value: S. Path '', line 0, position 0.(ServiceComm.cs:128)|
2021-01-06 20:32:47.4332|Error|Ping PLC failed, IP :192.168.3.100:9999...(MainWindow.xaml.cs:323)|
2021-01-06 20:34:40.7735|Error|Unexpected character encountered while parsing value: S. Path '', line 0, position 0.(ServiceComm.cs:128)|
2021-01-06 20:34:40.8264|Error|Ping PLC failed, IP :192.168.3.100:9999...(MainWindow.xaml.cs:323)|
2021-01-06 20:42:40.6885|Error|Unable to connect to the remote server(ServiceComm.cs:115)|
2021-01-06 20:42:42.6805|Error|Ping PLC failed, IP :192.168.3.100:9999...(MainWindow.xaml.cs:323)|
2021-01-06 20:43:10.9675|Error|The underlying connection was closed: An unexpected error occurred on a receive.(ServiceComm.cs:123)|
2021-01-06 20:43:49.1863|Error|Unexpected character encountered while parsing value: b. Path 'image', line 1, position 26.(ServiceComm.cs:128)|
2021-01-06 20:43:49.2412|Error|Ping PLC failed, IP :192.168.3.100:9999...(MainWindow.xaml.cs:323)|
2021-01-06 20:44:48.8437|Error|Unexpected character encountered while parsing value: b. Path 'image', line 1, position 26.(ServiceComm.cs:128)|
2021-01-06 20:45:37.0597|Error|Unexpected character encountered while parsing value: b. Path 'image', line 1, position 26.(ServiceComm.cs:128)|
2021-01-06 20:45:37.1126|Error|Ping PLC failed, IP :192.168.3.100:9999...(MainWindow.xaml.cs:323)|
2021-01-06 20:47:28.9494|Error|Ping PLC failed, IP :192.168.3.100:9999...(MainWindow.xaml.cs:323)|
2021-01-06 20:52:54.7771|Error|Unable to connect to the remote server(ServiceComm.cs:116)|
2021-01-06 20:52:56.6830|Error|Ping PLC failed, IP :192.168.3.100:9999...(MainWindow.xaml.cs:324)|
2021-01-06 21:16:06.3968|Error|Ping PLC failed, IP :192.168.3.100:9999...(MainWindow.xaml.cs:324)|
2021-01-06 21:16:29.9269|Error|Ping PLC failed, IP :192.168.3.100:9999...(MainWindow.xaml.cs:324)|
2021-01-06 21:18:06.6062|Error|The remote server returned an error: (500) Internal Server Error.(ServiceComm.cs:124)|
2021-01-06 21:18:08.8492|Error|Ping PLC failed, IP :192.168.3.100:9999...(MainWindow.xaml.cs:324)|
2021-01-06 21:18:27.7616|Error|The remote server returned an error: (500) Internal Server Error.(ServiceComm.cs:124)|
2021-01-06 21:26:37.3096|Error|The remote server returned an error: (500) Internal Server Error.(ServiceComm.cs:124)|
2021-01-06 21:26:37.3655|Error|Ping PLC failed, IP :192.168.3.100:9999...(MainWindow.xaml.cs:324)|
2021-01-06 21:27:19.3205|Error|Ping PLC failed, IP :192.168.3.100:9999...(MainWindow.xaml.cs:324)|
2021-01-06 21:30:25.4326|Error|Ping PLC failed, IP :192.168.3.100:9999...(MainWindow.xaml.cs:324)|
2021-01-06 21:31:10.4392|Error|Ping PLC failed, IP :192.168.3.100:9999...(MainWindow.xaml.cs:324)|
2021-01-06 21:31:53.2038|Error|Ping PLC failed, IP :192.168.3.100:9999...(MainWindow.xaml.cs:324)|
2021-01-06 21:32:05.6964|Error|Ping PLC failed, IP :192.168.3.100:9999...(MainWindow.xaml.cs:324)|
2021-01-06 21:34:33.6825|Error|Ping PLC failed, IP :192.168.3.100:9999...(MainWindow.xaml.cs:334)|
2021-01-06 21:36:29.7400|Error|Ping PLC failed, IP :192.168.3.100:9999...(MainWindow.xaml.cs:351)|
2021-01-06 21:36:45.0620|Error|Ping PLC failed, IP :192.168.3.100:9999...(MainWindow.xaml.cs:351)|
2021-01-06 21:37:51.2011|Error|Ping PLC failed, IP :192.168.3.100:9999...(MainWindow.xaml.cs:351)|
2021-01-06 21:38:20.6822|Error|Ping PLC failed, IP :192.168.3.100:9999...(MainWindow.xaml.cs:351)|
2021-01-06 21:38:36.6814|Error|Ping PLC failed, IP :192.168.3.100:9999...(MainWindow.xaml.cs:351)|
