2021-01-04 09:08:49.1590|Error|startIndex cannot be larger than length of string.
Parameter name: startIndex(SLMP.cs:302)|
2021-01-04 09:10:53.2516|Info|Current Pulse conveyor 1549821 => 1549851(HardwareWindow.xaml.cs:719)|
2021-01-04 09:13:24.8331|Info|Moving TOP Axis, Position Name : Mark 1,  X = 14470, Y = 22143(MainWindow.xaml.cs:109)|
2021-01-04 09:13:34.3550|Info|Moving TOP Axis, Position Name : Mark 2,  X = 1051, Y = 39918(MainWindow.xaml.cs:109)|
2021-01-04 09:13:35.4128|Info|Moving TOP Axis, Position Name : FOV 1,  X = 1485, Y = 23716(MainWindow.xaml.cs:183)|
2021-01-04 09:13:36.4783|Info|Moving TOP Axis, Position Name : FOV 2,  X = 5987, Y = 24451(MainWindow.xaml.cs:183)|
2021-01-04 09:13:37.3497|Info|Moving TOP Axis, Position Name : FOV 3,  X = 10489, Y = 24870(MainWindow.xaml.cs:183)|
2021-01-04 09:13:38.1574|Info|Moving TOP Axis, Position Name : FOV 4,  X = 13901, Y = 24631(MainWindow.xaml.cs:183)|
2021-01-04 09:13:39.0126|Info|Moving TOP Axis, Position Name : FOV 5,  X = 14178, Y = 30420(MainWindow.xaml.cs:183)|
2021-01-04 09:13:39.9052|Info|Moving TOP Axis, Position Name : FOV 6,  X = 11366, Y = 28502(MainWindow.xaml.cs:183)|
2021-01-04 09:13:40.7221|Info|Moving TOP Axis, Position Name : FOV 7,  X = 6874, Y = 28322(MainWindow.xaml.cs:183)|
2021-01-04 09:13:41.6111|Info|Moving TOP Axis, Position Name : FOV 8,  X = 562, Y = 27554(MainWindow.xaml.cs:183)|
2021-01-04 09:13:42.4912|Info|Moving TOP Axis, Position Name : FOV 9,  X = 1154, Y = 31699(MainWindow.xaml.cs:183)|
2021-01-04 09:13:43.3008|Info|Moving TOP Axis, Position Name : FOV 10,  X = 5579, Y = 31454(MainWindow.xaml.cs:183)|
2021-01-04 09:13:44.1918|Info|Moving TOP Axis, Position Name : FOV 11,  X = 9714, Y = 32460(MainWindow.xaml.cs:183)|
2021-01-04 09:13:45.0851|Info|Moving TOP Axis, Position Name : FOV 12,  X = 14210, Y = 34964(MainWindow.xaml.cs:183)|
2021-01-04 09:13:45.9745|Info|Moving TOP Axis, Position Name : FOV 13,  X = 10415, Y = 37375(MainWindow.xaml.cs:183)|
2021-01-04 09:13:46.7958|Info|Moving TOP Axis, Position Name : FOV 14,  X = 5913, Y = 35325(MainWindow.xaml.cs:183)|
2021-01-04 09:13:47.6423|Info|Moving TOP Axis, Position Name : FOV 15,  X = 1411, Y = 35119(MainWindow.xaml.cs:183)|
2021-01-04 09:13:48.5246|Info|Moving TOP Axis, Position Name : FOV 16,  X = 1138, Y = 38871(MainWindow.xaml.cs:183)|
2021-01-04 09:13:49.3957|Info|Moving TOP Axis, Position Name : FOV 17,  X = 5534, Y = 38400(MainWindow.xaml.cs:183)|
2021-01-04 09:13:50.3446|Info|Moving TOP Axis, Position Name : FOV 18,  X = 10328, Y = 39638(MainWindow.xaml.cs:183)|
2021-01-04 09:13:51.1956|Info|Moving TOP Axis, Position Name : FOV 19,  X = 13879, Y = 39016(MainWindow.xaml.cs:183)|
2021-01-04 09:14:06.4123|Info|Moving TOP Axis, Position Name : Mark 1,  X = 14470, Y = 22143(MainWindow.xaml.cs:109)|
2021-01-04 09:14:07.4457|Info|Moving TOP Axis, Position Name : Mark 2,  X = 1051, Y = 39918(MainWindow.xaml.cs:109)|
2021-01-04 09:14:08.4732|Info|Moving TOP Axis, Position Name : FOV 1,  X = 1485, Y = 23716(MainWindow.xaml.cs:183)|
2021-01-04 09:14:09.5857|Info|Moving TOP Axis, Position Name : FOV 2,  X = 5987, Y = 24451(MainWindow.xaml.cs:183)|
2021-01-04 09:14:10.4512|Info|Moving TOP Axis, Position Name : FOV 3,  X = 10489, Y = 24870(MainWindow.xaml.cs:183)|
2021-01-04 09:14:11.3326|Info|Moving TOP Axis, Position Name : FOV 4,  X = 13901, Y = 24631(MainWindow.xaml.cs:183)|
2021-01-04 09:14:12.1570|Info|Moving TOP Axis, Position Name : FOV 5,  X = 14178, Y = 30420(MainWindow.xaml.cs:183)|
2021-01-04 09:14:13.0272|Info|Moving TOP Axis, Position Name : FOV 6,  X = 11366, Y = 28502(MainWindow.xaml.cs:183)|
2021-01-04 09:14:13.8354|Info|Moving TOP Axis, Position Name : FOV 7,  X = 6874, Y = 28322(MainWindow.xaml.cs:183)|
2021-01-04 09:14:14.6656|Info|Moving TOP Axis, Position Name : FOV 8,  X = 562, Y = 27554(MainWindow.xaml.cs:183)|
2021-01-04 09:14:15.5439|Info|Moving TOP Axis, Position Name : FOV 9,  X = 1154, Y = 31699(MainWindow.xaml.cs:183)|
2021-01-04 09:14:16.4216|Info|Moving TOP Axis, Position Name : FOV 10,  X = 5579, Y = 31454(MainWindow.xaml.cs:183)|
2021-01-04 09:14:17.3506|Info|Moving TOP Axis, Position Name : FOV 11,  X = 9714, Y = 32460(MainWindow.xaml.cs:183)|
2021-01-04 09:14:18.1785|Info|Moving TOP Axis, Position Name : FOV 12,  X = 14210, Y = 34964(MainWindow.xaml.cs:183)|
2021-01-04 09:14:19.0299|Info|Moving TOP Axis, Position Name : FOV 13,  X = 10415, Y = 37375(MainWindow.xaml.cs:183)|
2021-01-04 09:14:19.8558|Info|Moving TOP Axis, Position Name : FOV 14,  X = 5913, Y = 35325(MainWindow.xaml.cs:183)|
2021-01-04 09:14:20.6989|Info|Moving TOP Axis, Position Name : FOV 15,  X = 1411, Y = 35119(MainWindow.xaml.cs:183)|
2021-01-04 09:14:21.5395|Info|Moving TOP Axis, Position Name : FOV 16,  X = 1138, Y = 38871(MainWindow.xaml.cs:183)|
2021-01-04 09:14:22.4029|Info|Moving TOP Axis, Position Name : FOV 17,  X = 5534, Y = 38400(MainWindow.xaml.cs:183)|
2021-01-04 09:14:23.3227|Info|Moving TOP Axis, Position Name : FOV 18,  X = 10328, Y = 39638(MainWindow.xaml.cs:183)|
2021-01-04 09:14:24.1940|Info|Moving TOP Axis, Position Name : FOV 19,  X = 13879, Y = 39016(MainWindow.xaml.cs:183)|
2021-01-04 09:46:37.4364|Info|Current Pulse conveyor 1549851 => 0(HardwareWindow.xaml.cs:719)|
2021-01-04 09:48:27.9770|Info|Current Pulse conveyor 1012624 => 1012624(HardwareWindow.xaml.cs:719)|
2021-01-04 10:14:21.6235|Info|Moving TOP Axis, Position Name : Mark 1,  X = 1083, Y = 22132(MainWindow.xaml.cs:109)|
2021-01-04 10:14:23.1423|Info|Moving TOP Axis, Position Name : Mark 2,  X = -13018, Y = 22132(MainWindow.xaml.cs:109)|
2021-01-04 10:14:23.6914|Info|Moving TOP Axis, Position Name : FOV 1,  X = -12712, Y = 39047(MainWindow.xaml.cs:183)|
2021-01-04 10:18:50.8019|Info|Moving TOP Axis, Position Name : Mark 1,  X = 1083, Y = 22132(MainWindow.xaml.cs:109)|
2021-01-04 10:18:52.2326|Info|Moving TOP Axis, Position Name : Mark 2,  X = -13018, Y = 22132(MainWindow.xaml.cs:109)|
2021-01-04 10:18:52.7904|Info|Moving TOP Axis, Position Name : FOV 1,  X = -12712, Y = 39047(MainWindow.xaml.cs:183)|
2021-01-04 10:21:42.4713|Error|startIndex cannot be larger than length of string.
Parameter name: startIndex(SLMP.cs:302)|
2021-01-04 10:23:15.1079|Info|Moving TOP Axis, Position Name : Mark 1,  X = 1083, Y = 22132(MainWindow.xaml.cs:109)|
2021-01-04 10:23:15.2058|Error|startIndex cannot be larger than length of string.
Parameter name: startIndex(SLMP.cs:235)|
2021-01-04 10:23:15.2257|Error|startIndex cannot be larger than length of string.
Parameter name: startIndex(SLMP.cs:302)|
2021-01-04 10:23:15.2397|Error|startIndex cannot be larger than length of string.
Parameter name: startIndex(SLMP.cs:302)|
2021-01-04 10:23:15.2587|Error|startIndex cannot be larger than length of string.
Parameter name: startIndex(SLMP.cs:302)|
2021-01-04 10:23:15.2726|Error|startIndex cannot be larger than length of string.
Parameter name: startIndex(SLMP.cs:302)|
2021-01-04 10:23:15.3065|Error|startIndex cannot be larger than length of string.
Parameter name: startIndex(SLMP.cs:235)|
2021-01-04 10:23:15.3205|Error|startIndex cannot be larger than length of string.
Parameter name: startIndex(SLMP.cs:302)|
2021-01-04 10:23:15.3355|Error|startIndex cannot be larger than length of string.
Parameter name: startIndex(SLMP.cs:302)|
2021-01-04 10:23:15.3643|Error|startIndex cannot be larger than length of string.
Parameter name: startIndex(SLMP.cs:302)|
2021-01-04 10:23:15.3974|Error|startIndex cannot be larger than length of string.
Parameter name: startIndex(SLMP.cs:235)|
2021-01-04 10:23:15.4265|Error|startIndex cannot be larger than length of string.
Parameter name: startIndex(SLMP.cs:302)|
2021-01-04 10:23:15.4569|Error|startIndex cannot be larger than length of string.
Parameter name: startIndex(SLMP.cs:302)|
2021-01-04 10:23:15.4768|Error|startIndex cannot be larger than length of string.
Parameter name: startIndex(SLMP.cs:302)|
2021-01-04 10:23:15.4958|Error|startIndex cannot be larger than length of string.
Parameter name: startIndex(SLMP.cs:235)|
2021-01-04 10:23:15.5277|Error|startIndex cannot be larger than length of string.
Parameter name: startIndex(SLMP.cs:302)|
2021-01-04 10:23:15.5417|Error|startIndex cannot be larger than length of string.
Parameter name: startIndex(SLMP.cs:302)|
2021-01-04 10:23:15.5619|Error|startIndex cannot be larger than length of string.
Parameter name: startIndex(SLMP.cs:302)|
2021-01-04 10:23:15.5828|Error|startIndex cannot be larger than length of string.
Parameter name: startIndex(SLMP.cs:302)|
2021-01-04 10:23:15.6039|Error|startIndex cannot be larger than length of string.
Parameter name: startIndex(SLMP.cs:235)|
2021-01-04 10:23:15.6319|Error|startIndex cannot be larger than length of string.
Parameter name: startIndex(SLMP.cs:302)|
2021-01-04 10:23:15.6538|Error|startIndex cannot be larger than length of string.
Parameter name: startIndex(SLMP.cs:302)|
2021-01-04 10:23:15.6698|Error|startIndex cannot be larger than length of string.
Parameter name: startIndex(SLMP.cs:302)|
2021-01-04 10:23:15.6937|Info|Moving TOP Axis, Position Name : FOV 1,  X = -12712, Y = 39047(MainWindow.xaml.cs:183)|
2021-01-04 10:23:15.7248|Error|startIndex cannot be larger than length of string.
Parameter name: startIndex(SLMP.cs:235)|
2021-01-04 10:23:15.7535|Error|startIndex cannot be larger than length of string.
Parameter name: startIndex(SLMP.cs:302)|
2021-01-04 10:23:15.7834|Error|startIndex cannot be larger than length of string.
Parameter name: startIndex(SLMP.cs:302)|
2021-01-04 10:23:15.8128|Error|startIndex cannot be larger than length of string.
Parameter name: startIndex(SLMP.cs:235)|
2021-01-04 10:23:15.8330|Error|startIndex cannot be larger than length of string.
Parameter name: startIndex(SLMP.cs:302)|
2021-01-04 10:23:15.8527|Error|startIndex cannot be larger than length of string.
Parameter name: startIndex(SLMP.cs:302)|
2021-01-04 10:23:15.8814|Error|startIndex cannot be larger than length of string.
Parameter name: startIndex(SLMP.cs:302)|
2021-01-04 10:23:15.8954|Error|startIndex cannot be larger than length of string.
Parameter name: startIndex(SLMP.cs:302)|
2021-01-04 10:23:15.9174|Error|startIndex cannot be larger than length of string.
Parameter name: startIndex(SLMP.cs:235)|
2021-01-04 10:23:15.9334|Error|startIndex cannot be larger than length of string.
Parameter name: startIndex(SLMP.cs:302)|
2021-01-04 10:23:15.9503|Error|startIndex cannot be larger than length of string.
Parameter name: startIndex(SLMP.cs:302)|
2021-01-04 10:23:15.9813|Error|startIndex cannot be larger than length of string.
Parameter name: startIndex(SLMP.cs:302)|
2021-01-04 10:23:15.9963|Error|startIndex cannot be larger than length of string.
Parameter name: startIndex(SLMP.cs:302)|
2021-01-04 10:23:16.0184|Error|startIndex cannot be larger than length of string.
Parameter name: startIndex(SLMP.cs:235)|
2021-01-04 10:23:16.0485|Error|startIndex cannot be larger than length of string.
Parameter name: startIndex(SLMP.cs:302)|
2021-01-04 10:23:16.0788|Error|startIndex cannot be larger than length of string.
Parameter name: startIndex(SLMP.cs:302)|
2021-01-04 10:23:16.1137|Error|startIndex cannot be larger than length of string.
Parameter name: startIndex(SLMP.cs:235)|
2021-01-04 10:23:16.1449|Error|startIndex cannot be larger than length of string.
Parameter name: startIndex(SLMP.cs:302)|
2021-01-04 10:23:16.1599|Error|startIndex cannot be larger than length of string.
Parameter name: startIndex(SLMP.cs:302)|
2021-01-04 10:23:16.1778|Error|startIndex cannot be larger than length of string.
Parameter name: startIndex(SLMP.cs:302)|
2021-01-04 10:23:16.2127|Error|startIndex cannot be larger than length of string.
Parameter name: startIndex(SLMP.cs:302)|
2021-01-04 10:23:16.2426|Error|startIndex cannot be larger than length of string.
Parameter name: startIndex(SLMP.cs:302)|
2021-01-04 10:23:16.2576|Error|startIndex cannot be larger than length of string.
Parameter name: startIndex(SLMP.cs:235)|
2021-01-04 10:23:16.2876|Error|startIndex cannot be larger than length of string.
Parameter name: startIndex(SLMP.cs:235)|
2021-01-04 10:23:16.3036|Error|startIndex cannot be larger than length of string.
Parameter name: startIndex(SLMP.cs:302)|
2021-01-04 10:23:16.3377|Error|startIndex cannot be larger than length of string.
Parameter name: startIndex(SLMP.cs:302)|
2021-01-04 10:23:16.3886|Error|startIndex cannot be larger than length of string.
Parameter name: startIndex(SLMP.cs:302)|
2021-01-04 10:23:16.4484|Error|startIndex cannot be larger than length of string.
Parameter name: startIndex(SLMP.cs:302)|
2021-01-04 10:23:16.4684|Error|startIndex cannot be larger than length of string.
Parameter name: startIndex(SLMP.cs:302)|
2021-01-04 10:23:16.4993|Error|startIndex cannot be larger than length of string.
Parameter name: startIndex(SLMP.cs:302)|
2021-01-04 10:23:16.5183|Error|startIndex cannot be larger than length of string.
Parameter name: startIndex(SLMP.cs:302)|
2021-01-04 10:23:16.5460|Error|startIndex cannot be larger than length of string.
Parameter name: startIndex(SLMP.cs:302)|
2021-01-04 10:23:16.5609|Error|startIndex cannot be larger than length of string.
Parameter name: startIndex(SLMP.cs:302)|
2021-01-04 10:23:16.5957|Error|startIndex cannot be larger than length of string.
Parameter name: startIndex(SLMP.cs:302)|
2021-01-04 10:23:16.6270|Error|startIndex cannot be larger than length of string.
Parameter name: startIndex(SLMP.cs:302)|
2021-01-04 10:23:16.6958|Error|startIndex cannot be larger than length of string.
Parameter name: startIndex(SLMP.cs:302)|
2021-01-04 10:23:16.7432|Error|startIndex cannot be larger than length of string.
Parameter name: startIndex(SLMP.cs:302)|
2021-01-04 10:23:16.7582|Error|startIndex cannot be larger than length of string.
Parameter name: startIndex(SLMP.cs:302)|
2021-01-04 10:23:16.7911|Error|startIndex cannot be larger than length of string.
Parameter name: startIndex(SLMP.cs:302)|
2021-01-04 10:23:16.8102|Error|startIndex cannot be larger than length of string.
Parameter name: startIndex(SLMP.cs:302)|
2021-01-04 10:23:16.8381|Error|startIndex cannot be larger than length of string.
Parameter name: startIndex(SLMP.cs:302)|
2021-01-04 10:23:16.8501|Error|startIndex cannot be larger than length of string.
Parameter name: startIndex(SLMP.cs:302)|
2021-01-04 10:23:16.8860|Error|startIndex cannot be larger than length of string.
Parameter name: startIndex(SLMP.cs:302)|
2021-01-04 10:23:16.9100|Error|startIndex cannot be larger than length of string.
Parameter name: startIndex(SLMP.cs:302)|
2021-01-04 10:23:16.9634|Error|startIndex cannot be larger than length of string.
Parameter name: startIndex(SLMP.cs:302)|
2021-01-04 10:23:17.0267|Error|startIndex cannot be larger than length of string.
Parameter name: startIndex(SLMP.cs:302)|
2021-01-04 10:23:17.0526|Error|startIndex cannot be larger than length of string.
Parameter name: startIndex(SLMP.cs:302)|
2021-01-04 10:23:17.0797|Error|startIndex cannot be larger than length of string.
Parameter name: startIndex(SLMP.cs:302)|
2021-01-04 10:23:17.1035|Error|startIndex cannot be larger than length of string.
Parameter name: startIndex(SLMP.cs:302)|
2021-01-04 10:23:17.1408|Error|startIndex cannot be larger than length of string.
Parameter name: startIndex(SLMP.cs:302)|
2021-01-04 10:23:17.1547|Error|startIndex cannot be larger than length of string.
Parameter name: startIndex(SLMP.cs:302)|
2021-01-04 10:23:17.1907|Error|startIndex cannot be larger than length of string.
Parameter name: startIndex(SLMP.cs:302)|
2021-01-04 10:23:17.2318|Error|startIndex cannot be larger than length of string.
Parameter name: startIndex(SLMP.cs:302)|
2021-01-04 10:23:17.2915|Error|startIndex cannot be larger than length of string.
Parameter name: startIndex(SLMP.cs:302)|
2021-01-04 10:23:17.3701|Error|startIndex cannot be larger than length of string.
Parameter name: startIndex(SLMP.cs:302)|
2021-01-04 10:23:17.3880|Error|startIndex cannot be larger than length of string.
Parameter name: startIndex(SLMP.cs:302)|
2021-01-04 10:23:17.4191|Error|startIndex cannot be larger than length of string.
Parameter name: startIndex(SLMP.cs:302)|
2021-01-04 10:23:17.4462|Error|startIndex cannot be larger than length of string.
Parameter name: startIndex(SLMP.cs:302)|
2021-01-04 10:23:17.4592|Error|startIndex cannot be larger than length of string.
Parameter name: startIndex(SLMP.cs:302)|
2021-01-04 10:23:17.4949|Error|startIndex cannot be larger than length of string.
Parameter name: startIndex(SLMP.cs:302)|
2021-01-04 10:23:17.5148|Error|startIndex cannot be larger than length of string.
Parameter name: startIndex(SLMP.cs:302)|
2021-01-04 10:23:17.5745|Error|startIndex cannot be larger than length of string.
Parameter name: startIndex(SLMP.cs:302)|
2021-01-04 10:23:17.6264|Error|startIndex cannot be larger than length of string.
Parameter name: startIndex(SLMP.cs:302)|
2021-01-04 10:23:17.6494|Error|startIndex cannot be larger than length of string.
Parameter name: startIndex(SLMP.cs:302)|
2021-01-04 10:23:17.6862|Error|startIndex cannot be larger than length of string.
Parameter name: startIndex(SLMP.cs:302)|
2021-01-04 10:23:17.7002|Error|startIndex cannot be larger than length of string.
Parameter name: startIndex(SLMP.cs:302)|
2021-01-04 10:23:17.7281|Error|startIndex cannot be larger than length of string.
Parameter name: startIndex(SLMP.cs:302)|
2021-01-04 10:23:17.7471|Error|startIndex cannot be larger than length of string.
Parameter name: startIndex(SLMP.cs:302)|
2021-01-04 10:23:17.7930|Error|startIndex cannot be larger than length of string.
Parameter name: startIndex(SLMP.cs:302)|
2021-01-04 10:23:17.8104|Error|startIndex cannot be larger than length of string.
Parameter name: startIndex(SLMP.cs:302)|
2021-01-04 10:23:17.8587|Error|startIndex cannot be larger than length of string.
Parameter name: startIndex(SLMP.cs:302)|
2021-01-04 10:23:31.5294|Info|Moving TOP Axis, Position Name : Mark 1,  X = 1083, Y = 22132(MainWindow.xaml.cs:109)|
2021-01-04 10:23:32.9621|Info|Moving TOP Axis, Position Name : Mark 2,  X = -13018, Y = 22132(MainWindow.xaml.cs:109)|
2021-01-04 10:23:33.4856|Info|Moving TOP Axis, Position Name : FOV 1,  X = -12712, Y = 39047(MainWindow.xaml.cs:183)|
2021-01-04 10:25:58.8548|Info|Moving TOP Axis, Position Name : Mark 1,  X = 14446, Y = 22130(MainWindow.xaml.cs:109)|
2021-01-04 10:26:00.2608|Info|Moving TOP Axis, Position Name : Mark 2,  X = 345, Y = 22130(MainWindow.xaml.cs:109)|
2021-01-04 10:26:01.2313|Info|Moving TOP Axis, Position Name : FOV 1,  X = 651, Y = 39045(MainWindow.xaml.cs:183)|
2021-01-04 10:26:02.2747|Info|Moving TOP Axis, Position Name : FOV 2,  X = 5737, Y = 38590(MainWindow.xaml.cs:183)|
2021-01-04 10:26:03.3373|Info|Moving TOP Axis, Position Name : FOV 3,  X = 10495, Y = 38935(MainWindow.xaml.cs:183)|
2021-01-04 10:26:04.2612|Info|Moving TOP Axis, Position Name : FOV 4,  X = 14013, Y = 39607(MainWindow.xaml.cs:183)|
2021-01-04 10:26:05.0989|Info|Moving TOP Axis, Position Name : FOV 5,  X = 14899, Y = 36719(MainWindow.xaml.cs:183)|
2021-01-04 10:26:05.9346|Info|Moving TOP Axis, Position Name : FOV 6,  X = 12150, Y = 36238(MainWindow.xaml.cs:183)|
2021-01-04 10:26:06.7427|Info|Moving TOP Axis, Position Name : FOV 7,  X = 5512, Y = 36083(MainWindow.xaml.cs:183)|
2021-01-04 10:26:07.6136|Info|Moving TOP Axis, Position Name : FOV 8,  X = 743, Y = 35640(MainWindow.xaml.cs:183)|
2021-01-04 10:26:08.4917|Info|Moving TOP Axis, Position Name : FOV 9,  X = 481, Y = 31812(MainWindow.xaml.cs:183)|
2021-01-04 10:26:09.3583|Info|Moving TOP Axis, Position Name : FOV 10,  X = 5113, Y = 32203(MainWindow.xaml.cs:183)|
2021-01-04 10:26:10.4253|Info|Moving TOP Axis, Position Name : FOV 11,  X = 9449, Y = 32384(MainWindow.xaml.cs:183)|
2021-01-04 10:26:11.3192|Info|Moving TOP Axis, Position Name : FOV 12,  X = 13887, Y = 32871(MainWindow.xaml.cs:183)|
2021-01-04 10:26:12.2063|Info|Moving TOP Axis, Position Name : FOV 13,  X = 14037, Y = 28992(MainWindow.xaml.cs:183)|
2021-01-04 10:26:13.0688|Info|Moving TOP Axis, Position Name : FOV 14,  X = 11128, Y = 28501(MainWindow.xaml.cs:183)|
2021-01-04 10:26:13.9012|Info|Moving TOP Axis, Position Name : FOV 15,  X = 6357, Y = 28323(MainWindow.xaml.cs:183)|
2021-01-04 10:26:14.8050|Info|Moving TOP Axis, Position Name : FOV 16,  X = 539, Y = 27932(MainWindow.xaml.cs:183)|
2021-01-04 10:26:15.6733|Info|Moving TOP Axis, Position Name : FOV 17,  X = 822, Y = 24052(MainWindow.xaml.cs:183)|
2021-01-04 10:26:16.4907|Info|Moving TOP Axis, Position Name : FOV 18,  X = 5594, Y = 24440(MainWindow.xaml.cs:183)|
2021-01-04 10:26:17.5287|Info|Moving TOP Axis, Position Name : FOV 19,  X = 10366, Y = 24857(MainWindow.xaml.cs:183)|
2021-01-04 10:26:18.4102|Info|Moving TOP Axis, Position Name : FOV 20,  X = 13908, Y = 24621(MainWindow.xaml.cs:183)|
2021-01-04 10:26:33.6021|Info|Moving TOP Axis, Position Name : Mark 1,  X = 14446, Y = 22130(MainWindow.xaml.cs:109)|
2021-01-04 10:26:34.3852|Info|Moving TOP Axis, Position Name : Mark 2,  X = 345, Y = 22130(MainWindow.xaml.cs:109)|
2021-01-04 10:26:35.3626|Info|Moving TOP Axis, Position Name : FOV 1,  X = 651, Y = 39045(MainWindow.xaml.cs:183)|
2021-01-04 10:26:36.4097|Info|Moving TOP Axis, Position Name : FOV 2,  X = 5737, Y = 38590(MainWindow.xaml.cs:183)|
2021-01-04 10:26:37.4275|Info|Moving TOP Axis, Position Name : FOV 3,  X = 10495, Y = 38935(MainWindow.xaml.cs:183)|
2021-01-04 10:26:38.2955|Info|Moving TOP Axis, Position Name : FOV 4,  X = 14013, Y = 39607(MainWindow.xaml.cs:183)|
2021-01-04 10:26:39.0907|Info|Moving TOP Axis, Position Name : FOV 5,  X = 14899, Y = 36719(MainWindow.xaml.cs:183)|
2021-01-04 10:26:39.9041|Info|Moving TOP Axis, Position Name : FOV 6,  X = 12150, Y = 36238(MainWindow.xaml.cs:183)|
2021-01-04 10:26:40.7082|Info|Moving TOP Axis, Position Name : FOV 7,  X = 5512, Y = 36083(MainWindow.xaml.cs:183)|
2021-01-04 10:26:41.5665|Info|Moving TOP Axis, Position Name : FOV 8,  X = 743, Y = 35640(MainWindow.xaml.cs:183)|
2021-01-04 10:26:42.4170|Info|Moving TOP Axis, Position Name : FOV 9,  X = 481, Y = 31812(MainWindow.xaml.cs:183)|
2021-01-04 10:26:43.2464|Info|Moving TOP Axis, Position Name : FOV 10,  X = 5113, Y = 32203(MainWindow.xaml.cs:183)|
2021-01-04 10:26:44.2932|Info|Moving TOP Axis, Position Name : FOV 11,  X = 9449, Y = 32384(MainWindow.xaml.cs:183)|
2021-01-04 10:26:45.1285|Info|Moving TOP Axis, Position Name : FOV 12,  X = 13887, Y = 32871(MainWindow.xaml.cs:183)|
2021-01-04 10:26:45.9778|Info|Moving TOP Axis, Position Name : FOV 13,  X = 14037, Y = 28992(MainWindow.xaml.cs:183)|
2021-01-04 10:26:46.8380|Info|Moving TOP Axis, Position Name : FOV 14,  X = 11128, Y = 28501(MainWindow.xaml.cs:183)|
2021-01-04 10:26:47.6867|Info|Moving TOP Axis, Position Name : FOV 15,  X = 6357, Y = 28323(MainWindow.xaml.cs:183)|
2021-01-04 10:26:48.5608|Info|Moving TOP Axis, Position Name : FOV 16,  X = 539, Y = 27932(MainWindow.xaml.cs:183)|
2021-01-04 10:26:49.4721|Info|Moving TOP Axis, Position Name : FOV 17,  X = 822, Y = 24052(MainWindow.xaml.cs:183)|
2021-01-04 10:26:50.2957|Info|Moving TOP Axis, Position Name : FOV 18,  X = 5594, Y = 24440(MainWindow.xaml.cs:183)|
2021-01-04 10:26:51.2700|Info|Moving TOP Axis, Position Name : FOV 19,  X = 10366, Y = 24857(MainWindow.xaml.cs:183)|
2021-01-04 10:26:52.1566|Info|Moving TOP Axis, Position Name : FOV 20,  X = 13908, Y = 24621(MainWindow.xaml.cs:183)|
2021-01-04 10:27:13.7949|Info|Moving TOP Axis, Position Name : Mark 1,  X = 14446, Y = 22130(MainWindow.xaml.cs:109)|
2021-01-04 10:27:14.5532|Info|Moving TOP Axis, Position Name : Mark 2,  X = 345, Y = 22130(MainWindow.xaml.cs:109)|
2021-01-04 10:27:15.5233|Info|Moving TOP Axis, Position Name : FOV 1,  X = 651, Y = 39045(MainWindow.xaml.cs:183)|
2021-01-04 10:27:16.5623|Info|Moving TOP Axis, Position Name : FOV 2,  X = 5737, Y = 38590(MainWindow.xaml.cs:183)|
2021-01-04 10:27:17.6048|Info|Moving TOP Axis, Position Name : FOV 3,  X = 10495, Y = 38935(MainWindow.xaml.cs:183)|
2021-01-04 10:27:18.4610|Info|Moving TOP Axis, Position Name : FOV 4,  X = 14013, Y = 39607(MainWindow.xaml.cs:183)|
2021-01-04 10:27:19.3427|Info|Moving TOP Axis, Position Name : FOV 5,  X = 14899, Y = 36719(MainWindow.xaml.cs:183)|
2021-01-04 10:27:20.2280|Info|Moving TOP Axis, Position Name : FOV 6,  X = 12150, Y = 36238(MainWindow.xaml.cs:183)|
2021-01-04 10:27:21.0346|Info|Moving TOP Axis, Position Name : FOV 7,  X = 5512, Y = 36083(MainWindow.xaml.cs:183)|
2021-01-04 10:27:21.9363|Info|Moving TOP Axis, Position Name : FOV 8,  X = 743, Y = 35640(MainWindow.xaml.cs:183)|
2021-01-04 10:27:22.7506|Info|Moving TOP Axis, Position Name : FOV 9,  X = 481, Y = 31812(MainWindow.xaml.cs:183)|
2021-01-04 10:27:23.5756|Info|Moving TOP Axis, Position Name : FOV 10,  X = 5113, Y = 32203(MainWindow.xaml.cs:183)|
2021-01-04 10:27:24.6026|Info|Moving TOP Axis, Position Name : FOV 11,  X = 9449, Y = 32384(MainWindow.xaml.cs:183)|
2021-01-04 10:27:25.4201|Info|Moving TOP Axis, Position Name : FOV 12,  X = 13887, Y = 32871(MainWindow.xaml.cs:183)|
2021-01-04 10:27:26.2659|Info|Moving TOP Axis, Position Name : FOV 13,  X = 14037, Y = 28992(MainWindow.xaml.cs:183)|
2021-01-04 10:27:27.1089|Info|Moving TOP Axis, Position Name : FOV 14,  X = 11128, Y = 28501(MainWindow.xaml.cs:183)|
2021-01-04 10:27:27.9271|Info|Moving TOP Axis, Position Name : FOV 15,  X = 6357, Y = 28323(MainWindow.xaml.cs:183)|
2021-01-04 10:27:28.7832|Info|Moving TOP Axis, Position Name : FOV 16,  X = 539, Y = 27932(MainWindow.xaml.cs:183)|
2021-01-04 10:27:29.7228|Info|Moving TOP Axis, Position Name : FOV 17,  X = 822, Y = 24052(MainWindow.xaml.cs:183)|
2021-01-04 10:27:30.5635|Info|Moving TOP Axis, Position Name : FOV 18,  X = 5594, Y = 24440(MainWindow.xaml.cs:183)|
2021-01-04 10:27:31.5170|Info|Moving TOP Axis, Position Name : FOV 19,  X = 10366, Y = 24857(MainWindow.xaml.cs:183)|
2021-01-04 10:27:32.4263|Info|Moving TOP Axis, Position Name : FOV 20,  X = 13908, Y = 24621(MainWindow.xaml.cs:183)|
2021-01-04 10:32:58.2631|Info|Moving TOP Axis, Position Name : Mark 1,  X = 14446, Y = 22130(MainWindow.xaml.cs:109)|
2021-01-04 10:32:59.0562|Info|Moving TOP Axis, Position Name : Mark 2,  X = 345, Y = 22130(MainWindow.xaml.cs:109)|
2021-01-04 10:33:00.0420|Info|Moving TOP Axis, Position Name : FOV 1,  X = 651, Y = 39045(MainWindow.xaml.cs:183)|
2021-01-04 10:33:01.0960|Info|Moving TOP Axis, Position Name : FOV 2,  X = 5737, Y = 38590(MainWindow.xaml.cs:183)|
2021-01-04 10:33:02.1247|Info|Moving TOP Axis, Position Name : FOV 3,  X = 10495, Y = 38935(MainWindow.xaml.cs:183)|
2021-01-04 10:33:02.9682|Info|Moving TOP Axis, Position Name : FOV 4,  X = 14013, Y = 39607(MainWindow.xaml.cs:183)|
2021-01-04 10:33:03.7954|Info|Moving TOP Axis, Position Name : FOV 5,  X = 14899, Y = 36719(MainWindow.xaml.cs:183)|
2021-01-04 10:33:04.6564|Info|Moving TOP Axis, Position Name : FOV 6,  X = 12150, Y = 36238(MainWindow.xaml.cs:183)|
2021-01-04 10:33:05.4506|Info|Moving TOP Axis, Position Name : FOV 7,  X = 5512, Y = 36083(MainWindow.xaml.cs:183)|
2021-01-04 10:33:06.3548|Info|Moving TOP Axis, Position Name : FOV 8,  X = 743, Y = 35640(MainWindow.xaml.cs:183)|
2021-01-04 10:33:07.1855|Info|Moving TOP Axis, Position Name : FOV 9,  X = 481, Y = 31812(MainWindow.xaml.cs:183)|
2021-01-04 10:33:08.0113|Info|Moving TOP Axis, Position Name : FOV 10,  X = 5113, Y = 32203(MainWindow.xaml.cs:183)|
2021-01-04 10:33:09.0266|Info|Moving TOP Axis, Position Name : FOV 11,  X = 9449, Y = 32384(MainWindow.xaml.cs:183)|
2021-01-04 10:33:09.8536|Info|Moving TOP Axis, Position Name : FOV 12,  X = 13887, Y = 32871(MainWindow.xaml.cs:183)|
2021-01-04 10:33:10.6794|Info|Moving TOP Axis, Position Name : FOV 13,  X = 14037, Y = 28992(MainWindow.xaml.cs:183)|
2021-01-04 10:33:11.5001|Info|Moving TOP Axis, Position Name : FOV 14,  X = 11128, Y = 28501(MainWindow.xaml.cs:183)|
2021-01-04 10:33:12.3202|Info|Moving TOP Axis, Position Name : FOV 15,  X = 6357, Y = 28323(MainWindow.xaml.cs:183)|
2021-01-04 10:33:13.1522|Info|Moving TOP Axis, Position Name : FOV 16,  X = 539, Y = 27932(MainWindow.xaml.cs:183)|
2021-01-04 10:33:14.0267|Info|Moving TOP Axis, Position Name : FOV 17,  X = 822, Y = 24052(MainWindow.xaml.cs:183)|
2021-01-04 10:33:14.8638|Info|Moving TOP Axis, Position Name : FOV 18,  X = 5594, Y = 24440(MainWindow.xaml.cs:183)|
2021-01-04 10:33:15.8789|Info|Moving TOP Axis, Position Name : FOV 19,  X = 10366, Y = 24857(MainWindow.xaml.cs:183)|
2021-01-04 10:33:16.7283|Info|Moving TOP Axis, Position Name : FOV 20,  X = 13908, Y = 24621(MainWindow.xaml.cs:183)|
2021-01-04 10:33:52.8763|Info|Moving TOP Axis, Position Name : Mark 1,  X = 14446, Y = 22130(MainWindow.xaml.cs:109)|
2021-01-04 10:33:53.6445|Info|Moving TOP Axis, Position Name : Mark 2,  X = 345, Y = 22130(MainWindow.xaml.cs:109)|
2021-01-04 10:33:54.6105|Info|Moving TOP Axis, Position Name : FOV 1,  X = 651, Y = 39045(MainWindow.xaml.cs:183)|
2021-01-04 10:33:55.6639|Info|Moving TOP Axis, Position Name : FOV 2,  X = 5737, Y = 38590(MainWindow.xaml.cs:183)|
2021-01-04 10:33:56.6924|Info|Moving TOP Axis, Position Name : FOV 3,  X = 10495, Y = 38935(MainWindow.xaml.cs:183)|
2021-01-04 10:33:57.5373|Info|Moving TOP Axis, Position Name : FOV 4,  X = 14013, Y = 39607(MainWindow.xaml.cs:183)|
2021-01-04 10:33:58.3319|Info|Moving TOP Axis, Position Name : FOV 5,  X = 14899, Y = 36719(MainWindow.xaml.cs:183)|
2021-01-04 10:33:59.1626|Info|Moving TOP Axis, Position Name : FOV 6,  X = 12150, Y = 36238(MainWindow.xaml.cs:183)|
2021-01-04 10:33:59.9527|Info|Moving TOP Axis, Position Name : FOV 7,  X = 5512, Y = 36083(MainWindow.xaml.cs:183)|
2021-01-04 10:34:00.8212|Info|Moving TOP Axis, Position Name : FOV 8,  X = 743, Y = 35640(MainWindow.xaml.cs:183)|
2021-01-04 10:34:01.6516|Info|Moving TOP Axis, Position Name : FOV 9,  X = 481, Y = 31812(MainWindow.xaml.cs:183)|
2021-01-04 10:34:02.4637|Info|Moving TOP Axis, Position Name : FOV 10,  X = 5113, Y = 32203(MainWindow.xaml.cs:183)|
2021-01-04 10:34:03.4978|Info|Moving TOP Axis, Position Name : FOV 11,  X = 9449, Y = 32384(MainWindow.xaml.cs:183)|
2021-01-04 10:34:04.3525|Info|Moving TOP Axis, Position Name : FOV 12,  X = 13887, Y = 32871(MainWindow.xaml.cs:183)|
2021-01-04 10:34:05.1775|Info|Moving TOP Axis, Position Name : FOV 13,  X = 14037, Y = 28992(MainWindow.xaml.cs:183)|
2021-01-04 10:34:06.0135|Info|Moving TOP Axis, Position Name : FOV 14,  X = 11128, Y = 28501(MainWindow.xaml.cs:183)|
2021-01-04 10:34:06.8442|Info|Moving TOP Axis, Position Name : FOV 15,  X = 6357, Y = 28323(MainWindow.xaml.cs:183)|
2021-01-04 10:34:07.6939|Info|Moving TOP Axis, Position Name : FOV 16,  X = 539, Y = 27932(MainWindow.xaml.cs:183)|
2021-01-04 10:34:08.6361|Info|Moving TOP Axis, Position Name : FOV 17,  X = 822, Y = 24052(MainWindow.xaml.cs:183)|
2021-01-04 10:34:09.4560|Info|Moving TOP Axis, Position Name : FOV 18,  X = 5594, Y = 24440(MainWindow.xaml.cs:183)|
2021-01-04 10:34:10.4066|Info|Moving TOP Axis, Position Name : FOV 19,  X = 10366, Y = 24857(MainWindow.xaml.cs:183)|
2021-01-04 10:34:11.2708|Info|Moving TOP Axis, Position Name : FOV 20,  X = 13908, Y = 24621(MainWindow.xaml.cs:183)|
2021-01-04 10:38:43.4729|Info|Moving TOP Axis, Position Name : Mark 1,  X = 14450, Y = 22139(MainWindow.xaml.cs:109)|
2021-01-04 10:39:03.2449|Info|Moving TOP Axis, Position Name : Mark 2,  X = 349, Y = 22139(MainWindow.xaml.cs:109)|
2021-01-04 10:39:04.2249|Info|Moving TOP Axis, Position Name : FOV 1,  X = 655, Y = 39054(MainWindow.xaml.cs:183)|
2021-01-04 10:39:05.2823|Info|Moving TOP Axis, Position Name : FOV 2,  X = 5741, Y = 38599(MainWindow.xaml.cs:183)|
2021-01-04 10:39:06.3531|Info|Moving TOP Axis, Position Name : FOV 3,  X = 10499, Y = 38944(MainWindow.xaml.cs:183)|
2021-01-04 10:39:06.9055|Info|Moving TOP Axis, Position Name : FOV 4,  X = 14017, Y = 39616(MainWindow.xaml.cs:183)|
2021-01-04 10:39:07.4046|Info|Moving TOP Axis, Position Name : FOV 5,  X = 14903, Y = 36728(MainWindow.xaml.cs:183)|
2021-01-04 10:39:07.8644|Info|Moving TOP Axis, Position Name : FOV 6,  X = 12154, Y = 36247(MainWindow.xaml.cs:183)|
2021-01-04 10:39:08.3467|Info|Moving TOP Axis, Position Name : FOV 7,  X = 5516, Y = 36092(MainWindow.xaml.cs:183)|
2021-01-04 10:39:08.8446|Info|Moving TOP Axis, Position Name : FOV 8,  X = 747, Y = 35649(MainWindow.xaml.cs:183)|
2021-01-04 10:39:09.3216|Info|Moving TOP Axis, Position Name : FOV 9,  X = 485, Y = 31821(MainWindow.xaml.cs:183)|
2021-01-04 10:39:09.7783|Info|Moving TOP Axis, Position Name : FOV 10,  X = 5117, Y = 32212(MainWindow.xaml.cs:183)|
2021-01-04 10:39:10.2737|Info|Moving TOP Axis, Position Name : FOV 11,  X = 9453, Y = 32393(MainWindow.xaml.cs:183)|
2021-01-04 10:39:10.8763|Info|Moving TOP Axis, Position Name : FOV 12,  X = 13891, Y = 32880(MainWindow.xaml.cs:183)|
2021-01-04 10:39:11.3738|Info|Moving TOP Axis, Position Name : FOV 13,  X = 14041, Y = 29001(MainWindow.xaml.cs:183)|
2021-01-04 10:39:11.8851|Info|Moving TOP Axis, Position Name : FOV 14,  X = 11132, Y = 28510(MainWindow.xaml.cs:183)|
2021-01-04 10:39:12.3771|Info|Moving TOP Axis, Position Name : FOV 15,  X = 6361, Y = 28332(MainWindow.xaml.cs:183)|
2021-01-04 10:39:12.9833|Info|Moving TOP Axis, Position Name : FOV 16,  X = 543, Y = 27941(MainWindow.xaml.cs:183)|
2021-01-04 10:39:13.5174|Info|Moving TOP Axis, Position Name : FOV 17,  X = 826, Y = 24061(MainWindow.xaml.cs:183)|
2021-01-04 10:39:13.9727|Info|Moving TOP Axis, Position Name : FOV 18,  X = 5598, Y = 24449(MainWindow.xaml.cs:183)|
2021-01-04 10:39:14.4606|Info|Moving TOP Axis, Position Name : FOV 19,  X = 10370, Y = 24866(MainWindow.xaml.cs:183)|
2021-01-04 10:39:15.0632|Info|Moving TOP Axis, Position Name : FOV 20,  X = 13912, Y = 24630(MainWindow.xaml.cs:183)|
2021-01-04 10:39:31.4055|Info|Moving TOP Axis, Position Name : Mark 1,  X = 14450, Y = 22139(MainWindow.xaml.cs:109)|
2021-01-04 10:39:31.9001|Info|Moving TOP Axis, Position Name : Mark 2,  X = 349, Y = 22139(MainWindow.xaml.cs:109)|
2021-01-04 10:39:32.3841|Info|Moving TOP Axis, Position Name : FOV 1,  X = 655, Y = 39054(MainWindow.xaml.cs:183)|
2021-01-04 10:39:32.9293|Info|Moving TOP Axis, Position Name : FOV 2,  X = 5741, Y = 38599(MainWindow.xaml.cs:183)|
2021-01-04 10:39:33.3925|Info|Moving TOP Axis, Position Name : FOV 3,  X = 10499, Y = 38944(MainWindow.xaml.cs:183)|
2021-01-04 10:39:34.0287|Info|Moving TOP Axis, Position Name : FOV 4,  X = 14017, Y = 39616(MainWindow.xaml.cs:183)|
2021-01-04 10:39:34.4954|Info|Moving TOP Axis, Position Name : FOV 5,  X = 14903, Y = 36728(MainWindow.xaml.cs:183)|
2021-01-04 10:39:34.9851|Info|Moving TOP Axis, Position Name : FOV 6,  X = 12154, Y = 36247(MainWindow.xaml.cs:183)|
2021-01-04 10:39:35.4762|Info|Moving TOP Axis, Position Name : FOV 7,  X = 5516, Y = 36092(MainWindow.xaml.cs:183)|
2021-01-04 10:39:35.9560|Info|Moving TOP Axis, Position Name : FOV 8,  X = 747, Y = 35649(MainWindow.xaml.cs:183)|
2021-01-04 10:39:36.4185|Info|Moving TOP Axis, Position Name : FOV 9,  X = 485, Y = 31821(MainWindow.xaml.cs:183)|
2021-01-04 10:39:36.9016|Info|Moving TOP Axis, Position Name : FOV 10,  X = 5117, Y = 32212(MainWindow.xaml.cs:183)|
2021-01-04 10:39:37.4000|Info|Moving TOP Axis, Position Name : FOV 11,  X = 9453, Y = 32393(MainWindow.xaml.cs:183)|
2021-01-04 10:39:38.0263|Info|Moving TOP Axis, Position Name : FOV 12,  X = 13891, Y = 32880(MainWindow.xaml.cs:183)|
2021-01-04 10:39:38.5240|Info|Moving TOP Axis, Position Name : FOV 13,  X = 14041, Y = 29001(MainWindow.xaml.cs:183)|
2021-01-04 10:39:39.0440|Info|Moving TOP Axis, Position Name : FOV 14,  X = 11132, Y = 28510(MainWindow.xaml.cs:183)|
2021-01-04 10:39:39.5356|Info|Moving TOP Axis, Position Name : FOV 15,  X = 6361, Y = 28332(MainWindow.xaml.cs:183)|
2021-01-04 10:39:40.0030|Info|Moving TOP Axis, Position Name : FOV 16,  X = 543, Y = 27941(MainWindow.xaml.cs:183)|
2021-01-04 10:39:40.5272|Info|Moving TOP Axis, Position Name : FOV 17,  X = 826, Y = 24061(MainWindow.xaml.cs:183)|
2021-01-04 10:39:41.0179|Info|Moving TOP Axis, Position Name : FOV 18,  X = 5598, Y = 24449(MainWindow.xaml.cs:183)|
2021-01-04 10:39:41.5119|Info|Moving TOP Axis, Position Name : FOV 19,  X = 10370, Y = 24866(MainWindow.xaml.cs:183)|
2021-01-04 10:39:42.0661|Info|Moving TOP Axis, Position Name : FOV 20,  X = 13912, Y = 24630(MainWindow.xaml.cs:183)|
2021-01-04 10:44:44.2389|Info|Moving TOP Axis, Position Name : Mark 1,  X = 14450, Y = 22139(MainWindow.xaml.cs:109)|
2021-01-04 10:44:44.7224|Info|Moving TOP Axis, Position Name : Mark 2,  X = 349, Y = 22139(MainWindow.xaml.cs:109)|
2021-01-04 10:44:45.2064|Info|Moving TOP Axis, Position Name : FOV 1,  X = 655, Y = 39054(MainWindow.xaml.cs:183)|
2021-01-04 10:44:45.8116|Info|Moving TOP Axis, Position Name : FOV 2,  X = 5741, Y = 38599(MainWindow.xaml.cs:183)|
2021-01-04 10:44:46.3081|Info|Moving TOP Axis, Position Name : FOV 3,  X = 10499, Y = 38944(MainWindow.xaml.cs:183)|
2021-01-04 10:44:46.9224|Info|Moving TOP Axis, Position Name : FOV 4,  X = 14017, Y = 39616(MainWindow.xaml.cs:183)|
2021-01-04 10:44:47.4059|Info|Moving TOP Axis, Position Name : FOV 5,  X = 14903, Y = 36728(MainWindow.xaml.cs:183)|
2021-01-04 10:44:47.8978|Info|Moving TOP Axis, Position Name : FOV 6,  X = 12154, Y = 36247(MainWindow.xaml.cs:183)|
2021-01-04 10:44:48.3760|Info|Moving TOP Axis, Position Name : FOV 7,  X = 5516, Y = 36092(MainWindow.xaml.cs:183)|
2021-01-04 10:44:48.8321|Info|Moving TOP Axis, Position Name : FOV 8,  X = 747, Y = 35649(MainWindow.xaml.cs:183)|
2021-01-04 10:44:49.3128|Info|Moving TOP Axis, Position Name : FOV 9,  X = 485, Y = 31821(MainWindow.xaml.cs:183)|
2021-01-04 10:44:49.8103|Info|Moving TOP Axis, Position Name : FOV 10,  X = 5117, Y = 32212(MainWindow.xaml.cs:183)|
2021-01-04 10:44:50.2777|Info|Moving TOP Axis, Position Name : FOV 11,  X = 9453, Y = 32393(MainWindow.xaml.cs:183)|
2021-01-04 10:44:50.8777|Info|Moving TOP Axis, Position Name : FOV 12,  X = 13891, Y = 32880(MainWindow.xaml.cs:183)|
2021-01-04 10:44:51.3563|Info|Moving TOP Axis, Position Name : FOV 13,  X = 14041, Y = 29001(MainWindow.xaml.cs:183)|
2021-01-04 10:44:51.8833|Info|Moving TOP Axis, Position Name : FOV 14,  X = 11132, Y = 28510(MainWindow.xaml.cs:183)|
2021-01-04 10:44:52.3496|Info|Moving TOP Axis, Position Name : FOV 15,  X = 6361, Y = 28332(MainWindow.xaml.cs:183)|
2021-01-04 10:44:52.8264|Info|Moving TOP Axis, Position Name : FOV 16,  X = 543, Y = 27941(MainWindow.xaml.cs:183)|
2021-01-04 10:44:53.3223|Info|Moving TOP Axis, Position Name : FOV 17,  X = 826, Y = 24061(MainWindow.xaml.cs:183)|
2021-01-04 10:44:53.8092|Info|Moving TOP Axis, Position Name : FOV 18,  X = 5598, Y = 24449(MainWindow.xaml.cs:183)|
2021-01-04 10:44:54.2525|Info|Moving TOP Axis, Position Name : FOV 19,  X = 10370, Y = 24866(MainWindow.xaml.cs:183)|
2021-01-04 10:44:54.8057|Info|Moving TOP Axis, Position Name : FOV 20,  X = 13912, Y = 24630(MainWindow.xaml.cs:183)|
2021-01-04 10:46:00.5640|Info|Moving TOP Axis, Position Name : Mark 1,  X = 14445, Y = 22128(MainWindow.xaml.cs:109)|
2021-01-04 10:46:12.7806|Info|Moving TOP Axis, Position Name : Mark 2,  X = 344, Y = 22128(MainWindow.xaml.cs:109)|
2021-01-04 10:46:13.7741|Info|Moving TOP Axis, Position Name : FOV 1,  X = 650, Y = 39043(MainWindow.xaml.cs:183)|
2021-01-04 10:46:14.8432|Info|Moving TOP Axis, Position Name : FOV 2,  X = 5736, Y = 38588(MainWindow.xaml.cs:183)|
2021-01-04 10:46:15.8802|Info|Moving TOP Axis, Position Name : FOV 3,  X = 10494, Y = 38933(MainWindow.xaml.cs:183)|
2021-01-04 10:46:16.6886|Info|Moving TOP Axis, Position Name : FOV 4,  X = 14012, Y = 39605(MainWindow.xaml.cs:183)|
2021-01-04 10:46:17.5100|Info|Moving TOP Axis, Position Name : FOV 5,  X = 14898, Y = 36717(MainWindow.xaml.cs:183)|
2021-01-04 10:46:18.3485|Info|Moving TOP Axis, Position Name : FOV 6,  X = 12149, Y = 36236(MainWindow.xaml.cs:183)|
2021-01-04 10:46:19.1459|Info|Moving TOP Axis, Position Name : FOV 7,  X = 5511, Y = 36081(MainWindow.xaml.cs:183)|
2021-01-04 10:46:20.0307|Info|Moving TOP Axis, Position Name : FOV 8,  X = 742, Y = 35638(MainWindow.xaml.cs:183)|
2021-01-04 10:46:20.8584|Info|Moving TOP Axis, Position Name : FOV 9,  X = 480, Y = 31810(MainWindow.xaml.cs:183)|
2021-01-04 10:46:21.7011|Info|Moving TOP Axis, Position Name : FOV 10,  X = 5112, Y = 32201(MainWindow.xaml.cs:183)|
2021-01-04 10:46:22.7369|Info|Moving TOP Axis, Position Name : FOV 11,  X = 9448, Y = 32382(MainWindow.xaml.cs:183)|
2021-01-04 10:46:23.5653|Info|Moving TOP Axis, Position Name : FOV 12,  X = 13886, Y = 32869(MainWindow.xaml.cs:183)|
2021-01-04 10:46:24.4340|Info|Moving TOP Axis, Position Name : FOV 13,  X = 14036, Y = 28990(MainWindow.xaml.cs:183)|
2021-01-04 10:46:25.2603|Info|Moving TOP Axis, Position Name : FOV 14,  X = 11127, Y = 28499(MainWindow.xaml.cs:183)|
2021-01-04 10:46:26.0761|Info|Moving TOP Axis, Position Name : FOV 15,  X = 6356, Y = 28321(MainWindow.xaml.cs:183)|
2021-01-04 10:46:26.9433|Info|Moving TOP Axis, Position Name : FOV 16,  X = 538, Y = 27930(MainWindow.xaml.cs:183)|
2021-01-04 10:46:27.8087|Info|Moving TOP Axis, Position Name : FOV 17,  X = 821, Y = 24050(MainWindow.xaml.cs:183)|
2021-01-04 10:46:28.7555|Info|Moving TOP Axis, Position Name : FOV 18,  X = 5593, Y = 24438(MainWindow.xaml.cs:183)|
2021-01-04 10:46:29.7414|Info|Moving TOP Axis, Position Name : FOV 19,  X = 10365, Y = 24855(MainWindow.xaml.cs:183)|
2021-01-04 10:46:30.6384|Info|Moving TOP Axis, Position Name : FOV 20,  X = 13907, Y = 24619(MainWindow.xaml.cs:183)|
2021-01-04 10:48:51.0597|Info|Current Pulse conveyor 1556028 => 1556028(HardwareWindow.xaml.cs:719)|
2021-01-04 10:49:30.4787|Info|Moving TOP Axis, Position Name : Mark 1,  X = 14445, Y = 22141(MainWindow.xaml.cs:109)|
2021-01-04 10:59:04.8228|Info|Current Pulse conveyor 1556028 => 1556028(HardwareWindow.xaml.cs:719)|
2021-01-04 11:02:26.9878|Info|Moving TOP Axis, Position Name : Mark 1,  X = 14445, Y = 22141(MainWindow.xaml.cs:109)|
2021-01-04 11:02:27.7545|Info|Moving TOP Axis, Position Name : Mark 2,  X = 344, Y = 22141(MainWindow.xaml.cs:109)|
2021-01-04 11:02:28.7875|Info|Moving TOP Axis, Position Name : FOV 1,  X = 650, Y = 39056(MainWindow.xaml.cs:183)|
2021-01-04 11:02:29.7895|Info|Moving TOP Axis, Position Name : FOV 2,  X = 5736, Y = 38601(MainWindow.xaml.cs:183)|
2021-01-04 11:02:30.8454|Info|Moving TOP Axis, Position Name : FOV 3,  X = 10494, Y = 38946(MainWindow.xaml.cs:183)|
2021-01-04 11:02:31.7579|Info|Moving TOP Axis, Position Name : FOV 4,  X = 14012, Y = 39618(MainWindow.xaml.cs:183)|
2021-01-04 11:02:32.5964|Info|Moving TOP Axis, Position Name : FOV 5,  X = 14898, Y = 36730(MainWindow.xaml.cs:183)|
2021-01-04 11:02:33.4403|Info|Moving TOP Axis, Position Name : FOV 6,  X = 12149, Y = 36249(MainWindow.xaml.cs:183)|
2021-01-04 11:02:34.2628|Info|Moving TOP Axis, Position Name : FOV 7,  X = 5511, Y = 36094(MainWindow.xaml.cs:183)|
2021-01-04 11:02:35.1956|Info|Moving TOP Axis, Position Name : FOV 8,  X = 742, Y = 35651(MainWindow.xaml.cs:183)|
2021-01-04 11:02:36.1104|Info|Moving TOP Axis, Position Name : FOV 9,  X = 480, Y = 31823(MainWindow.xaml.cs:183)|
2021-01-04 11:02:36.9451|Info|Moving TOP Axis, Position Name : FOV 10,  X = 5112, Y = 32214(MainWindow.xaml.cs:183)|
2021-01-04 11:02:37.9791|Info|Moving TOP Axis, Position Name : FOV 11,  X = 9448, Y = 32395(MainWindow.xaml.cs:183)|
2021-01-04 11:02:38.8457|Info|Moving TOP Axis, Position Name : FOV 12,  X = 13886, Y = 32882(MainWindow.xaml.cs:183)|
2021-01-04 11:02:39.7568|Info|Moving TOP Axis, Position Name : FOV 13,  X = 14036, Y = 29003(MainWindow.xaml.cs:183)|
2021-01-04 11:02:40.5724|Info|Moving TOP Axis, Position Name : FOV 14,  X = 11127, Y = 28512(MainWindow.xaml.cs:183)|
2021-01-04 11:02:41.3860|Info|Moving TOP Axis, Position Name : FOV 15,  X = 6356, Y = 28334(MainWindow.xaml.cs:183)|
2021-01-04 11:02:42.2245|Info|Moving TOP Axis, Position Name : FOV 16,  X = 538, Y = 27943(MainWindow.xaml.cs:183)|
2021-01-04 11:02:43.0799|Info|Moving TOP Axis, Position Name : FOV 17,  X = 821, Y = 24063(MainWindow.xaml.cs:183)|
2021-01-04 11:02:43.8863|Info|Moving TOP Axis, Position Name : FOV 18,  X = 5593, Y = 24451(MainWindow.xaml.cs:183)|
2021-01-04 11:02:44.9264|Info|Moving TOP Axis, Position Name : FOV 19,  X = 10365, Y = 24868(MainWindow.xaml.cs:183)|
2021-01-04 11:02:45.7674|Info|Moving TOP Axis, Position Name : FOV 20,  X = 13907, Y = 24632(MainWindow.xaml.cs:183)|
2021-01-04 11:03:21.0330|Info|Moving TOP Axis, Position Name : Mark 1,  X = 14445, Y = 22141(MainWindow.xaml.cs:109)|
2021-01-04 11:03:21.8069|Info|Moving TOP Axis, Position Name : Mark 2,  X = 344, Y = 22141(MainWindow.xaml.cs:109)|
2021-01-04 11:03:22.7958|Info|Moving TOP Axis, Position Name : FOV 1,  X = 650, Y = 39056(MainWindow.xaml.cs:183)|
2021-01-04 11:03:23.8650|Info|Moving TOP Axis, Position Name : FOV 2,  X = 5736, Y = 38601(MainWindow.xaml.cs:183)|
2021-01-04 11:03:24.9097|Info|Moving TOP Axis, Position Name : FOV 3,  X = 10494, Y = 38946(MainWindow.xaml.cs:183)|
2021-01-04 11:03:25.7453|Info|Moving TOP Axis, Position Name : FOV 4,  X = 14012, Y = 39618(MainWindow.xaml.cs:183)|
2021-01-04 11:03:26.5402|Info|Moving TOP Axis, Position Name : FOV 5,  X = 14898, Y = 36730(MainWindow.xaml.cs:183)|
2021-01-04 11:03:27.3630|Info|Moving TOP Axis, Position Name : FOV 6,  X = 12149, Y = 36249(MainWindow.xaml.cs:183)|
2021-01-04 11:03:28.1697|Info|Moving TOP Axis, Position Name : FOV 7,  X = 5511, Y = 36094(MainWindow.xaml.cs:183)|
2021-01-04 11:03:29.0441|Info|Moving TOP Axis, Position Name : FOV 8,  X = 742, Y = 35651(MainWindow.xaml.cs:183)|
2021-01-04 11:03:29.8994|Info|Moving TOP Axis, Position Name : FOV 9,  X = 480, Y = 31823(MainWindow.xaml.cs:183)|
2021-01-04 11:03:30.7732|Info|Moving TOP Axis, Position Name : FOV 10,  X = 5112, Y = 32214(MainWindow.xaml.cs:183)|
2021-01-04 11:03:31.8164|Info|Moving TOP Axis, Position Name : FOV 11,  X = 9448, Y = 32395(MainWindow.xaml.cs:183)|
2021-01-04 11:03:32.7192|Info|Moving TOP Axis, Position Name : FOV 12,  X = 13886, Y = 32882(MainWindow.xaml.cs:183)|
2021-01-04 11:03:33.6187|Info|Moving TOP Axis, Position Name : FOV 13,  X = 14036, Y = 29003(MainWindow.xaml.cs:183)|
2021-01-04 11:03:34.4409|Info|Moving TOP Axis, Position Name : FOV 14,  X = 11127, Y = 28512(MainWindow.xaml.cs:183)|
2021-01-04 11:03:35.2580|Info|Moving TOP Axis, Position Name : FOV 15,  X = 6356, Y = 28334(MainWindow.xaml.cs:183)|
2021-01-04 11:03:36.0893|Info|Moving TOP Axis, Position Name : FOV 16,  X = 538, Y = 27943(MainWindow.xaml.cs:183)|
2021-01-04 11:03:36.9424|Info|Moving TOP Axis, Position Name : FOV 17,  X = 821, Y = 24063(MainWindow.xaml.cs:183)|
2021-01-04 11:03:37.7534|Info|Moving TOP Axis, Position Name : FOV 18,  X = 5593, Y = 24451(MainWindow.xaml.cs:183)|
2021-01-04 11:03:38.7159|Info|Moving TOP Axis, Position Name : FOV 19,  X = 10365, Y = 24868(MainWindow.xaml.cs:183)|
2021-01-04 11:03:39.6351|Info|Moving TOP Axis, Position Name : FOV 20,  X = 13907, Y = 24632(MainWindow.xaml.cs:183)|
2021-01-04 11:07:56.1516|Info|Moving TOP Axis, Position Name : Mark 1,  X = 14445, Y = 22141(MainWindow.xaml.cs:109)|
2021-01-04 11:07:57.5656|Info|Moving TOP Axis, Position Name : Mark 2,  X = 344, Y = 22141(MainWindow.xaml.cs:109)|
2021-01-04 11:07:58.5461|Info|Moving TOP Axis, Position Name : FOV 1,  X = 650, Y = 39056(MainWindow.xaml.cs:183)|
2021-01-04 11:07:59.6337|Info|Moving TOP Axis, Position Name : FOV 2,  X = 5736, Y = 38601(MainWindow.xaml.cs:183)|
2021-01-04 11:08:00.6894|Info|Moving TOP Axis, Position Name : FOV 3,  X = 10494, Y = 38946(MainWindow.xaml.cs:183)|
2021-01-04 11:08:01.5329|Info|Moving TOP Axis, Position Name : FOV 4,  X = 14012, Y = 39618(MainWindow.xaml.cs:183)|
2021-01-04 11:08:02.3533|Info|Moving TOP Axis, Position Name : FOV 5,  X = 14898, Y = 36730(MainWindow.xaml.cs:183)|
2021-01-04 11:08:03.1527|Info|Moving TOP Axis, Position Name : FOV 6,  X = 12149, Y = 36249(MainWindow.xaml.cs:183)|
2021-01-04 11:08:03.9547|Info|Moving TOP Axis, Position Name : FOV 7,  X = 5511, Y = 36094(MainWindow.xaml.cs:183)|
2021-01-04 11:08:04.8338|Info|Moving TOP Axis, Position Name : FOV 8,  X = 742, Y = 35651(MainWindow.xaml.cs:183)|
2021-01-04 11:08:05.6621|Info|Moving TOP Axis, Position Name : FOV 9,  X = 480, Y = 31823(MainWindow.xaml.cs:183)|
2021-01-04 11:08:06.4967|Info|Moving TOP Axis, Position Name : FOV 10,  X = 5112, Y = 32214(MainWindow.xaml.cs:183)|
2021-01-04 11:08:07.5062|Info|Moving TOP Axis, Position Name : FOV 11,  X = 9448, Y = 32395(MainWindow.xaml.cs:183)|
2021-01-04 11:08:08.3788|Info|Moving TOP Axis, Position Name : FOV 12,  X = 13886, Y = 32882(MainWindow.xaml.cs:183)|
2021-01-04 11:08:09.2247|Info|Moving TOP Axis, Position Name : FOV 13,  X = 14036, Y = 29003(MainWindow.xaml.cs:183)|
2021-01-04 11:08:10.0438|Info|Moving TOP Axis, Position Name : FOV 14,  X = 11127, Y = 28512(MainWindow.xaml.cs:183)|
2021-01-04 11:08:10.8500|Info|Moving TOP Axis, Position Name : FOV 15,  X = 6356, Y = 28334(MainWindow.xaml.cs:183)|
2021-01-04 11:08:11.7273|Info|Moving TOP Axis, Position Name : FOV 16,  X = 538, Y = 27943(MainWindow.xaml.cs:183)|
2021-01-04 11:08:12.5677|Info|Moving TOP Axis, Position Name : FOV 17,  X = 821, Y = 24063(MainWindow.xaml.cs:183)|
2021-01-04 11:08:13.3888|Info|Moving TOP Axis, Position Name : FOV 18,  X = 5593, Y = 24451(MainWindow.xaml.cs:183)|
2021-01-04 11:08:14.3443|Info|Moving TOP Axis, Position Name : FOV 19,  X = 10365, Y = 24868(MainWindow.xaml.cs:183)|
2021-01-04 11:08:15.2211|Info|Moving TOP Axis, Position Name : FOV 20,  X = 13907, Y = 24632(MainWindow.xaml.cs:183)|
2021-01-04 11:08:28.0502|Info|Moving TOP Axis, Position Name : Mark 1,  X = 14445, Y = 22141(MainWindow.xaml.cs:109)|
2021-01-04 11:08:28.8510|Info|Moving TOP Axis, Position Name : Mark 2,  X = 344, Y = 22141(MainWindow.xaml.cs:109)|
2021-01-04 11:08:29.8751|Info|Moving TOP Axis, Position Name : FOV 1,  X = 650, Y = 39056(MainWindow.xaml.cs:183)|
2021-01-04 11:08:30.9364|Info|Moving TOP Axis, Position Name : FOV 2,  X = 5736, Y = 38601(MainWindow.xaml.cs:183)|
2021-01-04 11:08:31.9301|Info|Moving TOP Axis, Position Name : FOV 3,  X = 10494, Y = 38946(MainWindow.xaml.cs:183)|
2021-01-04 11:08:32.7942|Info|Moving TOP Axis, Position Name : FOV 4,  X = 14012, Y = 39618(MainWindow.xaml.cs:183)|
2021-01-04 11:08:33.6119|Info|Moving TOP Axis, Position Name : FOV 5,  X = 14898, Y = 36730(MainWindow.xaml.cs:183)|
2021-01-04 11:08:34.4299|Info|Moving TOP Axis, Position Name : FOV 6,  X = 12149, Y = 36249(MainWindow.xaml.cs:183)|
2021-01-04 11:08:35.2063|Info|Moving TOP Axis, Position Name : FOV 7,  X = 5511, Y = 36094(MainWindow.xaml.cs:183)|
2021-01-04 11:08:36.0620|Info|Moving TOP Axis, Position Name : FOV 8,  X = 742, Y = 35651(MainWindow.xaml.cs:183)|
2021-01-04 11:08:36.9108|Info|Moving TOP Axis, Position Name : FOV 9,  X = 480, Y = 31823(MainWindow.xaml.cs:183)|
2021-01-04 11:08:37.7929|Info|Moving TOP Axis, Position Name : FOV 10,  X = 5112, Y = 32214(MainWindow.xaml.cs:183)|
2021-01-04 11:08:38.8323|Info|Moving TOP Axis, Position Name : FOV 11,  X = 9448, Y = 32395(MainWindow.xaml.cs:183)|
2021-01-04 11:08:39.7369|Info|Moving TOP Axis, Position Name : FOV 12,  X = 13886, Y = 32882(MainWindow.xaml.cs:183)|
2021-01-04 11:08:40.6461|Info|Moving TOP Axis, Position Name : FOV 13,  X = 14036, Y = 29003(MainWindow.xaml.cs:183)|
2021-01-04 11:08:41.4840|Info|Moving TOP Axis, Position Name : FOV 14,  X = 11127, Y = 28512(MainWindow.xaml.cs:183)|
2021-01-04 11:08:42.3034|Info|Moving TOP Axis, Position Name : FOV 15,  X = 6356, Y = 28334(MainWindow.xaml.cs:183)|
2021-01-04 11:08:43.1612|Info|Moving TOP Axis, Position Name : FOV 16,  X = 538, Y = 27943(MainWindow.xaml.cs:183)|
2021-01-04 11:08:44.0133|Info|Moving TOP Axis, Position Name : FOV 17,  X = 821, Y = 24063(MainWindow.xaml.cs:183)|
2021-01-04 11:08:44.8264|Info|Moving TOP Axis, Position Name : FOV 18,  X = 5593, Y = 24451(MainWindow.xaml.cs:183)|
2021-01-04 11:08:45.8337|Info|Moving TOP Axis, Position Name : FOV 19,  X = 10365, Y = 24868(MainWindow.xaml.cs:183)|
2021-01-04 11:08:46.6819|Info|Moving TOP Axis, Position Name : FOV 20,  X = 13907, Y = 24632(MainWindow.xaml.cs:183)|
2021-01-04 11:09:15.3572|Info|Moving TOP Axis, Position Name : Mark 1,  X = 14445, Y = 22141(MainWindow.xaml.cs:109)|
2021-01-04 11:09:16.1604|Info|Moving TOP Axis, Position Name : Mark 2,  X = 344, Y = 22141(MainWindow.xaml.cs:109)|
2021-01-04 11:09:17.1702|Info|Moving TOP Axis, Position Name : FOV 1,  X = 650, Y = 39056(MainWindow.xaml.cs:183)|
2021-01-04 11:09:18.2471|Info|Moving TOP Axis, Position Name : FOV 2,  X = 5736, Y = 38601(MainWindow.xaml.cs:183)|
2021-01-04 11:09:19.2923|Info|Moving TOP Axis, Position Name : FOV 3,  X = 10494, Y = 38946(MainWindow.xaml.cs:183)|
2021-01-04 11:09:20.1412|Info|Moving TOP Axis, Position Name : FOV 4,  X = 14012, Y = 39618(MainWindow.xaml.cs:183)|
2021-01-04 11:09:20.9878|Info|Moving TOP Axis, Position Name : FOV 5,  X = 14898, Y = 36730(MainWindow.xaml.cs:183)|
2021-01-04 11:09:21.8347|Info|Moving TOP Axis, Position Name : FOV 6,  X = 12149, Y = 36249(MainWindow.xaml.cs:183)|
2021-01-04 11:09:22.6769|Info|Moving TOP Axis, Position Name : FOV 7,  X = 5511, Y = 36094(MainWindow.xaml.cs:183)|
2021-01-04 11:09:23.6375|Info|Moving TOP Axis, Position Name : FOV 8,  X = 742, Y = 35651(MainWindow.xaml.cs:183)|
2021-01-04 11:09:24.5251|Info|Moving TOP Axis, Position Name : FOV 9,  X = 480, Y = 31823(MainWindow.xaml.cs:183)|
2021-01-04 11:09:25.3478|Info|Moving TOP Axis, Position Name : FOV 10,  X = 5112, Y = 32214(MainWindow.xaml.cs:183)|
2021-01-04 11:09:26.3971|Info|Moving TOP Axis, Position Name : FOV 11,  X = 9448, Y = 32395(MainWindow.xaml.cs:183)|
2021-01-04 11:09:27.2497|Info|Moving TOP Axis, Position Name : FOV 12,  X = 13886, Y = 32882(MainWindow.xaml.cs:183)|
2021-01-04 11:09:28.1274|Info|Moving TOP Axis, Position Name : FOV 13,  X = 14036, Y = 29003(MainWindow.xaml.cs:183)|
2021-01-04 11:09:29.0154|Info|Moving TOP Axis, Position Name : FOV 14,  X = 11127, Y = 28512(MainWindow.xaml.cs:183)|
2021-01-04 11:09:29.8520|Info|Moving TOP Axis, Position Name : FOV 15,  X = 6356, Y = 28334(MainWindow.xaml.cs:183)|
2021-01-04 11:09:30.7111|Info|Moving TOP Axis, Position Name : FOV 16,  X = 538, Y = 27943(MainWindow.xaml.cs:183)|
2021-01-04 11:09:31.5905|Info|Moving TOP Axis, Position Name : FOV 17,  X = 821, Y = 24063(MainWindow.xaml.cs:183)|
2021-01-04 11:09:32.4115|Info|Moving TOP Axis, Position Name : FOV 18,  X = 5593, Y = 24451(MainWindow.xaml.cs:183)|
2021-01-04 11:09:33.3741|Info|Moving TOP Axis, Position Name : FOV 19,  X = 10365, Y = 24868(MainWindow.xaml.cs:183)|
2021-01-04 11:09:34.2344|Info|Moving TOP Axis, Position Name : FOV 20,  X = 13907, Y = 24632(MainWindow.xaml.cs:183)|
2021-01-04 11:09:59.9658|Info|Moving TOP Axis, Position Name : Mark 1,  X = 14445, Y = 22141(MainWindow.xaml.cs:109)|
2021-01-04 11:10:00.7176|Info|Moving TOP Axis, Position Name : Mark 2,  X = 344, Y = 22141(MainWindow.xaml.cs:109)|
2021-01-04 11:10:01.6989|Info|Moving TOP Axis, Position Name : FOV 1,  X = 650, Y = 39056(MainWindow.xaml.cs:183)|
2021-01-04 11:10:02.7484|Info|Moving TOP Axis, Position Name : FOV 2,  X = 5736, Y = 38601(MainWindow.xaml.cs:183)|
2021-01-04 11:10:03.7718|Info|Moving TOP Axis, Position Name : FOV 3,  X = 10494, Y = 38946(MainWindow.xaml.cs:183)|
2021-01-04 11:10:04.6005|Info|Moving TOP Axis, Position Name : FOV 4,  X = 14012, Y = 39618(MainWindow.xaml.cs:183)|
2021-01-04 11:10:05.4336|Info|Moving TOP Axis, Position Name : FOV 5,  X = 14898, Y = 36730(MainWindow.xaml.cs:183)|
2021-01-04 11:10:06.2828|Info|Moving TOP Axis, Position Name : FOV 6,  X = 12149, Y = 36249(MainWindow.xaml.cs:183)|
2021-01-04 11:10:07.0824|Info|Moving TOP Axis, Position Name : FOV 7,  X = 5511, Y = 36094(MainWindow.xaml.cs:183)|
2021-01-04 11:10:07.9686|Info|Moving TOP Axis, Position Name : FOV 8,  X = 742, Y = 35651(MainWindow.xaml.cs:183)|
2021-01-04 11:10:08.8488|Info|Moving TOP Axis, Position Name : FOV 9,  X = 480, Y = 31823(MainWindow.xaml.cs:183)|
2021-01-04 11:10:09.7146|Info|Moving TOP Axis, Position Name : FOV 10,  X = 5112, Y = 32214(MainWindow.xaml.cs:183)|
2021-01-04 11:10:10.7674|Info|Moving TOP Axis, Position Name : FOV 11,  X = 9448, Y = 32395(MainWindow.xaml.cs:183)|
2021-01-04 11:10:11.6501|Info|Moving TOP Axis, Position Name : FOV 12,  X = 13886, Y = 32882(MainWindow.xaml.cs:183)|
2021-01-04 11:10:12.5380|Info|Moving TOP Axis, Position Name : FOV 13,  X = 14036, Y = 29003(MainWindow.xaml.cs:183)|
2021-01-04 11:10:13.3754|Info|Moving TOP Axis, Position Name : FOV 14,  X = 11127, Y = 28512(MainWindow.xaml.cs:183)|
2021-01-04 11:10:14.1847|Info|Moving TOP Axis, Position Name : FOV 15,  X = 6356, Y = 28334(MainWindow.xaml.cs:183)|
2021-01-04 11:10:15.0331|Info|Moving TOP Axis, Position Name : FOV 16,  X = 538, Y = 27943(MainWindow.xaml.cs:183)|
2021-01-04 11:10:15.8922|Info|Moving TOP Axis, Position Name : FOV 17,  X = 821, Y = 24063(MainWindow.xaml.cs:183)|
2021-01-04 11:10:16.7283|Info|Moving TOP Axis, Position Name : FOV 18,  X = 5593, Y = 24451(MainWindow.xaml.cs:183)|
2021-01-04 11:10:17.6805|Info|Moving TOP Axis, Position Name : FOV 19,  X = 10365, Y = 24868(MainWindow.xaml.cs:183)|
2021-01-04 11:10:18.5847|Info|Moving TOP Axis, Position Name : FOV 20,  X = 13907, Y = 24632(MainWindow.xaml.cs:183)|
2021-01-04 11:10:50.3341|Info|Moving TOP Axis, Position Name : Mark 1,  X = 14445, Y = 22141(MainWindow.xaml.cs:109)|
2021-01-04 11:10:51.1553|Info|Moving TOP Axis, Position Name : Mark 2,  X = 344, Y = 22141(MainWindow.xaml.cs:109)|
2021-01-04 11:10:52.1668|Info|Moving TOP Axis, Position Name : FOV 1,  X = 650, Y = 39056(MainWindow.xaml.cs:183)|
2021-01-04 11:10:53.1898|Info|Moving TOP Axis, Position Name : FOV 2,  X = 5736, Y = 38601(MainWindow.xaml.cs:183)|
2021-01-04 11:10:54.1687|Info|Moving TOP Axis, Position Name : FOV 3,  X = 10494, Y = 38946(MainWindow.xaml.cs:183)|
2021-01-04 11:10:55.0875|Info|Moving TOP Axis, Position Name : FOV 4,  X = 14012, Y = 39618(MainWindow.xaml.cs:183)|
2021-01-04 11:10:55.9066|Info|Moving TOP Axis, Position Name : FOV 5,  X = 14898, Y = 36730(MainWindow.xaml.cs:183)|
2021-01-04 11:10:56.7325|Info|Moving TOP Axis, Position Name : FOV 6,  X = 12149, Y = 36249(MainWindow.xaml.cs:183)|
2021-01-04 11:10:57.5613|Info|Moving TOP Axis, Position Name : FOV 7,  X = 5511, Y = 36094(MainWindow.xaml.cs:183)|
2021-01-04 11:10:58.4294|Info|Moving TOP Axis, Position Name : FOV 8,  X = 742, Y = 35651(MainWindow.xaml.cs:183)|
2021-01-04 11:10:59.2686|Info|Moving TOP Axis, Position Name : FOV 9,  X = 480, Y = 31823(MainWindow.xaml.cs:183)|
2021-01-04 11:11:00.1202|Info|Moving TOP Axis, Position Name : FOV 10,  X = 5112, Y = 32214(MainWindow.xaml.cs:183)|
2021-01-04 11:11:01.1569|Info|Moving TOP Axis, Position Name : FOV 11,  X = 9448, Y = 32395(MainWindow.xaml.cs:183)|
2021-01-04 11:11:02.0111|Info|Moving TOP Axis, Position Name : FOV 12,  X = 13886, Y = 32882(MainWindow.xaml.cs:183)|
2021-01-04 11:11:02.8277|Info|Moving TOP Axis, Position Name : FOV 13,  X = 14036, Y = 29003(MainWindow.xaml.cs:183)|
2021-01-04 11:11:03.6474|Info|Moving TOP Axis, Position Name : FOV 14,  X = 11127, Y = 28512(MainWindow.xaml.cs:183)|
2021-01-04 11:11:04.4514|Info|Moving TOP Axis, Position Name : FOV 15,  X = 6356, Y = 28334(MainWindow.xaml.cs:183)|
2021-01-04 11:11:05.3119|Info|Moving TOP Axis, Position Name : FOV 16,  X = 538, Y = 27943(MainWindow.xaml.cs:183)|
2021-01-04 11:11:06.1522|Info|Moving TOP Axis, Position Name : FOV 17,  X = 821, Y = 24063(MainWindow.xaml.cs:183)|
2021-01-04 11:11:07.0181|Info|Moving TOP Axis, Position Name : FOV 18,  X = 5593, Y = 24451(MainWindow.xaml.cs:183)|
2021-01-04 11:11:08.0287|Info|Moving TOP Axis, Position Name : FOV 19,  X = 10365, Y = 24868(MainWindow.xaml.cs:183)|
2021-01-04 11:11:08.8545|Info|Moving TOP Axis, Position Name : FOV 20,  X = 13907, Y = 24632(MainWindow.xaml.cs:183)|
2021-01-04 11:12:09.6719|Info|Moving TOP Axis, Position Name : Mark 1,  X = 14445, Y = 22141(MainWindow.xaml.cs:109)|
2021-01-04 11:12:10.5219|Info|Moving TOP Axis, Position Name : Mark 2,  X = 344, Y = 22141(MainWindow.xaml.cs:109)|
2021-01-04 11:12:11.5485|Info|Moving TOP Axis, Position Name : FOV 1,  X = 650, Y = 39056(MainWindow.xaml.cs:183)|
2021-01-04 11:12:12.5729|Info|Moving TOP Axis, Position Name : FOV 2,  X = 5736, Y = 38601(MainWindow.xaml.cs:183)|
2021-01-04 11:12:13.5962|Info|Moving TOP Axis, Position Name : FOV 3,  X = 10494, Y = 38946(MainWindow.xaml.cs:183)|
2021-01-04 11:12:14.5007|Info|Moving TOP Axis, Position Name : FOV 4,  X = 14012, Y = 39618(MainWindow.xaml.cs:183)|
2021-01-04 11:12:15.3357|Info|Moving TOP Axis, Position Name : FOV 5,  X = 14898, Y = 36730(MainWindow.xaml.cs:183)|
2021-01-04 11:12:16.1782|Info|Moving TOP Axis, Position Name : FOV 6,  X = 12149, Y = 36249(MainWindow.xaml.cs:183)|
2021-01-04 11:12:17.0071|Info|Moving TOP Axis, Position Name : FOV 7,  X = 5511, Y = 36094(MainWindow.xaml.cs:183)|
2021-01-04 11:12:17.9254|Info|Moving TOP Axis, Position Name : FOV 8,  X = 742, Y = 35651(MainWindow.xaml.cs:183)|
2021-01-04 11:12:18.7766|Info|Moving TOP Axis, Position Name : FOV 9,  X = 480, Y = 31823(MainWindow.xaml.cs:183)|
2021-01-04 11:12:19.5990|Info|Moving TOP Axis, Position Name : FOV 10,  X = 5112, Y = 32214(MainWindow.xaml.cs:183)|
2021-01-04 11:12:20.6253|Info|Moving TOP Axis, Position Name : FOV 11,  X = 9448, Y = 32395(MainWindow.xaml.cs:183)|
2021-01-04 11:12:21.5151|Info|Moving TOP Axis, Position Name : FOV 12,  X = 13886, Y = 32882(MainWindow.xaml.cs:183)|
2021-01-04 11:12:22.3899|Info|Moving TOP Axis, Position Name : FOV 13,  X = 14036, Y = 29003(MainWindow.xaml.cs:183)|
2021-01-04 11:12:23.2295|Info|Moving TOP Axis, Position Name : FOV 14,  X = 11127, Y = 28512(MainWindow.xaml.cs:183)|
2021-01-04 11:12:24.0288|Info|Moving TOP Axis, Position Name : FOV 15,  X = 6356, Y = 28334(MainWindow.xaml.cs:183)|
2021-01-04 11:12:24.9029|Info|Moving TOP Axis, Position Name : FOV 16,  X = 538, Y = 27943(MainWindow.xaml.cs:183)|
2021-01-04 11:12:25.7745|Info|Moving TOP Axis, Position Name : FOV 17,  X = 821, Y = 24063(MainWindow.xaml.cs:183)|
2021-01-04 11:12:26.6200|Info|Moving TOP Axis, Position Name : FOV 18,  X = 5593, Y = 24451(MainWindow.xaml.cs:183)|
2021-01-04 11:12:27.7008|Info|Moving TOP Axis, Position Name : FOV 19,  X = 10365, Y = 24868(MainWindow.xaml.cs:183)|
2021-01-04 11:12:28.5514|Info|Moving TOP Axis, Position Name : FOV 20,  X = 13907, Y = 24632(MainWindow.xaml.cs:183)|
